[2023-07-18 09:51:23,980] DEBUG preRegister called. Server=com.sun.jmx.mbeanserver.JmxMBeanServer@1a3869f4, name=log4j:logger=kafka.controller (kafka.controller)
[2023-07-18 09:51:44,478] INFO [ControllerEventThread controllerId=1] Starting (kafka.controller.ControllerEventManager$ControllerEventThread)
[2023-07-18 09:51:44,543] INFO [Controller id=1] 1 successfully elected as the controller. Epoch incremented to 4 and epoch zk version is now 4 (kafka.controller.KafkaController)
[2023-07-18 09:51:44,544] INFO [Controller id=1] Registering handlers (kafka.controller.KafkaController)
[2023-07-18 09:51:44,557] INFO [Controller id=1] Deleting log dir event notifications (kafka.controller.KafkaController)
[2023-07-18 09:51:44,565] INFO [Controller id=1] Deleting isr change notifications (kafka.controller.KafkaController)
[2023-07-18 09:51:44,571] INFO [Controller id=1] Initializing controller context (kafka.controller.KafkaController)
[2023-07-18 09:51:44,591] INFO [Controller id=1] Initialized broker epochs cache: Map(1 -> 221) (kafka.controller.KafkaController)
[2023-07-18 09:51:44,612] DEBUG [Controller id=1] Register BrokerModifications handler for Set(1) (kafka.controller.KafkaController)
[2023-07-18 09:51:44,709] DEBUG [Channel manager on controller 1]: Controller 1 trying to connect to broker 1 (kafka.controller.ControllerChannelManager)
[2023-07-18 09:51:44,734] INFO [RequestSendThread controllerId=1] Starting (kafka.controller.RequestSendThread)
[2023-07-18 09:51:44,736] INFO [Controller id=1] Currently active brokers in the cluster: Set(1) (kafka.controller.KafkaController)
[2023-07-18 09:51:44,737] INFO [Controller id=1] Currently shutting brokers in the cluster: HashSet() (kafka.controller.KafkaController)
[2023-07-18 09:51:44,738] INFO [Controller id=1] Current list of topics in the cluster: Set(first_topic, javaguide, javaguide_json, __consumer_offsets) (kafka.controller.KafkaController)
[2023-07-18 09:51:44,739] INFO [Controller id=1] Fetching topic deletions in progress (kafka.controller.KafkaController)
[2023-07-18 09:51:44,756] INFO [Controller id=1] List of topics to be deleted:  (kafka.controller.KafkaController)
[2023-07-18 09:51:44,757] INFO [Controller id=1] List of topics ineligible for deletion:  (kafka.controller.KafkaController)
[2023-07-18 09:51:44,757] INFO [Controller id=1] Initializing topic deletion manager (kafka.controller.KafkaController)
[2023-07-18 09:51:44,759] INFO [Topic Deletion Manager 1] Initializing manager with initial deletions: Set(), initial ineligible deletions: Set() (kafka.controller.TopicDeletionManager)
[2023-07-18 09:51:44,760] INFO [Controller id=1] Sending update metadata request (kafka.controller.KafkaController)
[2023-07-18 09:51:44,789] INFO [ReplicaStateMachine controllerId=1] Initializing replica state (kafka.controller.ZkReplicaStateMachine)
[2023-07-18 09:51:44,817] INFO [ReplicaStateMachine controllerId=1] Triggering online replica state changes (kafka.controller.ZkReplicaStateMachine)
[2023-07-18 09:51:44,821] INFO [RequestSendThread controllerId=1] Controller 1 connected to localhost:9092 (id: 1 rack: null) for sending state change requests (kafka.controller.RequestSendThread)
[2023-07-18 09:51:44,908] INFO [ReplicaStateMachine controllerId=1] Triggering offline replica state changes (kafka.controller.ZkReplicaStateMachine)
[2023-07-18 09:51:44,910] DEBUG [ReplicaStateMachine controllerId=1] Started replica state machine with initial state -> HashMap([Topic=__consumer_offsets,Partition=46,Replica=1] -> OnlineReplica, [Topic=__consumer_offsets,Partition=37,Replica=1] -> OnlineReplica, [Topic=__consumer_offsets,Partition=8,Replica=1] -> OnlineReplica, [Topic=__consumer_offsets,Partition=49,Replica=1] -> OnlineReplica, [Topic=__consumer_offsets,Partition=21,Replica=1] -> OnlineReplica, [Topic=__consumer_offsets,Partition=20,Replica=1] -> OnlineReplica, [Topic=__consumer_offsets,Partition=17,Replica=1] -> OnlineReplica, [Topic=__consumer_offsets,Partition=19,Replica=1] -> OnlineReplica, [Topic=__consumer_offsets,Partition=7,Replica=1] -> OnlineReplica, [Topic=__consumer_offsets,Partition=43,Replica=1] -> OnlineReplica, [Topic=__consumer_offsets,Partition=30,Replica=1] -> OnlineReplica, [Topic=__consumer_offsets,Partition=35,Replica=1] -> OnlineReplica, [Topic=__consumer_offsets,Partition=27,Replica=1] -> OnlineReplica, [Topic=__consumer_offsets,Partition=0,Replica=1] -> OnlineReplica, [Topic=__consumer_offsets,Partition=40,Replica=1] -> OnlineReplica, [Topic=__consumer_offsets,Partition=47,Replica=1] -> OnlineReplica, [Topic=__consumer_offsets,Partition=10,Replica=1] -> OnlineReplica, [Topic=__consumer_offsets,Partition=4,Replica=1] -> OnlineReplica, [Topic=__consumer_offsets,Partition=31,Replica=1] -> OnlineReplica, [Topic=__consumer_offsets,Partition=16,Replica=1] -> OnlineReplica, [Topic=__consumer_offsets,Partition=23,Replica=1] -> OnlineReplica, [Topic=javaguide_json,Partition=0,Replica=1] -> OnlineReplica, [Topic=__consumer_offsets,Partition=26,Replica=1] -> OnlineReplica, [Topic=__consumer_offsets,Partition=39,Replica=1] -> OnlineReplica, [Topic=__consumer_offsets,Partition=2,Replica=1] -> OnlineReplica, [Topic=__consumer_offsets,Partition=34,Replica=1] -> OnlineReplica, [Topic=__consumer_offsets,Partition=24,Replica=1] -> OnlineReplica, [Topic=__consumer_offsets,Partition=32,Replica=1] -> OnlineReplica, [Topic=__consumer_offsets,Partition=41,Replica=1] -> OnlineReplica, [Topic=__consumer_offsets,Partition=5,Replica=1] -> OnlineReplica, [Topic=__consumer_offsets,Partition=15,Replica=1] -> OnlineReplica, [Topic=__consumer_offsets,Partition=1,Replica=1] -> OnlineReplica, [Topic=__consumer_offsets,Partition=9,Replica=1] -> OnlineReplica, [Topic=__consumer_offsets,Partition=45,Replica=1] -> OnlineReplica, [Topic=__consumer_offsets,Partition=36,Replica=1] -> OnlineReplica, [Topic=__consumer_offsets,Partition=48,Replica=1] -> OnlineReplica, [Topic=__consumer_offsets,Partition=3,Replica=1] -> OnlineReplica, [Topic=__consumer_offsets,Partition=18,Replica=1] -> OnlineReplica, [Topic=__consumer_offsets,Partition=44,Replica=1] -> OnlineReplica, [Topic=__consumer_offsets,Partition=11,Replica=1] -> OnlineReplica, [Topic=__consumer_offsets,Partition=25,Replica=1] -> OnlineReplica, [Topic=__consumer_offsets,Partition=29,Replica=1] -> OnlineReplica, [Topic=first_topic,Partition=0,Replica=1] -> OnlineReplica, [Topic=__consumer_offsets,Partition=6,Replica=1] -> OnlineReplica, [Topic=__consumer_offsets,Partition=42,Replica=1] -> OnlineReplica, [Topic=__consumer_offsets,Partition=28,Replica=1] -> OnlineReplica, [Topic=__consumer_offsets,Partition=12,Replica=1] -> OnlineReplica, [Topic=__consumer_offsets,Partition=38,Replica=1] -> OnlineReplica, [Topic=__consumer_offsets,Partition=33,Replica=1] -> OnlineReplica, [Topic=__consumer_offsets,Partition=14,Replica=1] -> OnlineReplica, [Topic=__consumer_offsets,Partition=13,Replica=1] -> OnlineReplica, [Topic=__consumer_offsets,Partition=22,Replica=1] -> OnlineReplica, [Topic=javaguide,Partition=0,Replica=1] -> OnlineReplica) (kafka.controller.ZkReplicaStateMachine)
[2023-07-18 09:51:44,911] INFO [PartitionStateMachine controllerId=1] Initializing partition state (kafka.controller.ZkPartitionStateMachine)
[2023-07-18 09:51:44,921] INFO [PartitionStateMachine controllerId=1] Triggering online partition state changes (kafka.controller.ZkPartitionStateMachine)
[2023-07-18 09:51:44,934] DEBUG [PartitionStateMachine controllerId=1] Started partition state machine with initial state -> HashMap(__consumer_offsets-13 -> OnlinePartition, __consumer_offsets-46 -> OnlinePartition, __consumer_offsets-9 -> OnlinePartition, __consumer_offsets-42 -> OnlinePartition, __consumer_offsets-21 -> OnlinePartition, __consumer_offsets-17 -> OnlinePartition, __consumer_offsets-30 -> OnlinePartition, __consumer_offsets-26 -> OnlinePartition, __consumer_offsets-5 -> OnlinePartition, __consumer_offsets-38 -> OnlinePartition, __consumer_offsets-1 -> OnlinePartition, __consumer_offsets-34 -> OnlinePartition, __consumer_offsets-16 -> OnlinePartition, __consumer_offsets-45 -> OnlinePartition, __consumer_offsets-12 -> OnlinePartition, __consumer_offsets-41 -> OnlinePartition, __consumer_offsets-24 -> OnlinePartition, __consumer_offsets-20 -> OnlinePartition, __consumer_offsets-49 -> OnlinePartition, __consumer_offsets-0 -> OnlinePartition, __consumer_offsets-29 -> OnlinePartition, __consumer_offsets-25 -> OnlinePartition, __consumer_offsets-8 -> OnlinePartition, __consumer_offsets-37 -> OnlinePartition, __consumer_offsets-4 -> OnlinePartition, __consumer_offsets-33 -> OnlinePartition, __consumer_offsets-15 -> OnlinePartition, __consumer_offsets-48 -> OnlinePartition, __consumer_offsets-11 -> OnlinePartition, first_topic-0 -> OnlinePartition, __consumer_offsets-44 -> OnlinePartition, javaguide_json-0 -> OnlinePartition, __consumer_offsets-23 -> OnlinePartition, __consumer_offsets-19 -> OnlinePartition, __consumer_offsets-32 -> OnlinePartition, __consumer_offsets-28 -> OnlinePartition, __consumer_offsets-7 -> OnlinePartition, __consumer_offsets-40 -> OnlinePartition, __consumer_offsets-3 -> OnlinePartition, __consumer_offsets-36 -> OnlinePartition, __consumer_offsets-47 -> OnlinePartition, __consumer_offsets-14 -> OnlinePartition, __consumer_offsets-43 -> OnlinePartition, __consumer_offsets-10 -> OnlinePartition, __consumer_offsets-22 -> OnlinePartition, __consumer_offsets-18 -> OnlinePartition, __consumer_offsets-31 -> OnlinePartition, __consumer_offsets-27 -> OnlinePartition, javaguide-0 -> OnlinePartition, __consumer_offsets-39 -> OnlinePartition, __consumer_offsets-6 -> OnlinePartition, __consumer_offsets-35 -> OnlinePartition, __consumer_offsets-2 -> OnlinePartition) (kafka.controller.ZkPartitionStateMachine)
[2023-07-18 09:51:44,936] INFO [Controller id=1] Ready to serve as the new controller with epoch 4 (kafka.controller.KafkaController)
[2023-07-18 09:51:44,947] INFO [Controller id=1] Partitions undergoing preferred replica election:  (kafka.controller.KafkaController)
[2023-07-18 09:51:44,948] INFO [Controller id=1] Partitions that completed preferred replica election:  (kafka.controller.KafkaController)
[2023-07-18 09:51:44,949] INFO [Controller id=1] Skipping preferred replica election for partitions due to topic deletion:  (kafka.controller.KafkaController)
[2023-07-18 09:51:44,952] INFO [Controller id=1] Resuming preferred replica election for partitions:  (kafka.controller.KafkaController)
[2023-07-18 09:51:44,958] INFO [Controller id=1] Starting replica leader election (PREFERRED) for partitions  triggered by ZkTriggered (kafka.controller.KafkaController)
[2023-07-18 09:51:45,008] INFO [Controller id=1] Starting the controller scheduler (kafka.controller.KafkaController)
[2023-07-18 09:51:50,015] INFO [Controller id=1] Processing automatic preferred replica leader election (kafka.controller.KafkaController)
[2023-07-18 09:51:50,016] TRACE [Controller id=1] Checking need to trigger auto leader balancing (kafka.controller.KafkaController)
[2023-07-18 09:51:50,021] DEBUG [Controller id=1] Topics not in preferred replica for broker 1 HashMap() (kafka.controller.KafkaController)
[2023-07-18 09:51:50,022] TRACE [Controller id=1] Leader imbalance ratio for broker 1 is 0.0 (kafka.controller.KafkaController)
[2023-07-18 09:52:29,585] INFO [Controller id=1] New topics: [HashSet(wikimedia_topic)], deleted topics: [Set()], new partition replica assignment [Map(wikimedia_topic-0 -> ReplicaAssignment(replicas=1, addingReplicas=, removingReplicas=))] (kafka.controller.KafkaController)
[2023-07-18 09:52:29,586] INFO [Controller id=1] New partition creation callback for wikimedia_topic-0 (kafka.controller.KafkaController)
[2023-07-18 09:56:50,032] INFO [Controller id=1] Processing automatic preferred replica leader election (kafka.controller.KafkaController)
[2023-07-18 09:56:50,032] TRACE [Controller id=1] Checking need to trigger auto leader balancing (kafka.controller.KafkaController)
[2023-07-18 09:56:50,034] DEBUG [Controller id=1] Topics not in preferred replica for broker 1 HashMap() (kafka.controller.KafkaController)
[2023-07-18 09:56:50,034] TRACE [Controller id=1] Leader imbalance ratio for broker 1 is 0.0 (kafka.controller.KafkaController)
[2023-07-18 10:01:50,037] INFO [Controller id=1] Processing automatic preferred replica leader election (kafka.controller.KafkaController)
[2023-07-18 10:01:50,041] TRACE [Controller id=1] Checking need to trigger auto leader balancing (kafka.controller.KafkaController)
[2023-07-18 10:01:50,044] DEBUG [Controller id=1] Topics not in preferred replica for broker 1 HashMap() (kafka.controller.KafkaController)
[2023-07-18 10:01:50,044] TRACE [Controller id=1] Leader imbalance ratio for broker 1 is 0.0 (kafka.controller.KafkaController)
[2023-07-18 10:06:50,047] INFO [Controller id=1] Processing automatic preferred replica leader election (kafka.controller.KafkaController)
[2023-07-18 10:06:50,047] TRACE [Controller id=1] Checking need to trigger auto leader balancing (kafka.controller.KafkaController)
[2023-07-18 10:06:50,048] DEBUG [Controller id=1] Topics not in preferred replica for broker 1 HashMap() (kafka.controller.KafkaController)
[2023-07-18 10:06:50,048] TRACE [Controller id=1] Leader imbalance ratio for broker 1 is 0.0 (kafka.controller.KafkaController)
[2023-07-18 10:11:50,052] INFO [Controller id=1] Processing automatic preferred replica leader election (kafka.controller.KafkaController)
[2023-07-18 10:11:50,052] TRACE [Controller id=1] Checking need to trigger auto leader balancing (kafka.controller.KafkaController)
[2023-07-18 10:11:50,054] DEBUG [Controller id=1] Topics not in preferred replica for broker 1 HashMap() (kafka.controller.KafkaController)
[2023-07-18 10:11:50,055] TRACE [Controller id=1] Leader imbalance ratio for broker 1 is 0.0 (kafka.controller.KafkaController)
[2023-07-18 10:16:50,067] INFO [Controller id=1] Processing automatic preferred replica leader election (kafka.controller.KafkaController)
[2023-07-18 10:16:50,067] TRACE [Controller id=1] Checking need to trigger auto leader balancing (kafka.controller.KafkaController)
[2023-07-18 10:16:50,068] DEBUG [Controller id=1] Topics not in preferred replica for broker 1 HashMap() (kafka.controller.KafkaController)
[2023-07-18 10:16:50,068] TRACE [Controller id=1] Leader imbalance ratio for broker 1 is 0.0 (kafka.controller.KafkaController)
[2023-07-18 10:21:50,070] INFO [Controller id=1] Processing automatic preferred replica leader election (kafka.controller.KafkaController)
[2023-07-18 10:21:50,070] TRACE [Controller id=1] Checking need to trigger auto leader balancing (kafka.controller.KafkaController)
[2023-07-18 10:21:50,071] DEBUG [Controller id=1] Topics not in preferred replica for broker 1 HashMap() (kafka.controller.KafkaController)
[2023-07-18 10:21:50,071] TRACE [Controller id=1] Leader imbalance ratio for broker 1 is 0.0 (kafka.controller.KafkaController)
[2023-07-18 10:26:50,084] INFO [Controller id=1] Processing automatic preferred replica leader election (kafka.controller.KafkaController)
[2023-07-18 10:26:50,084] TRACE [Controller id=1] Checking need to trigger auto leader balancing (kafka.controller.KafkaController)
[2023-07-18 10:26:50,085] DEBUG [Controller id=1] Topics not in preferred replica for broker 1 HashMap() (kafka.controller.KafkaController)
[2023-07-18 10:26:50,085] TRACE [Controller id=1] Leader imbalance ratio for broker 1 is 0.0 (kafka.controller.KafkaController)
[2023-07-18 10:31:50,096] INFO [Controller id=1] Processing automatic preferred replica leader election (kafka.controller.KafkaController)
[2023-07-18 10:31:50,098] TRACE [Controller id=1] Checking need to trigger auto leader balancing (kafka.controller.KafkaController)
[2023-07-18 10:31:50,099] DEBUG [Controller id=1] Topics not in preferred replica for broker 1 HashMap() (kafka.controller.KafkaController)
[2023-07-18 10:31:50,100] TRACE [Controller id=1] Leader imbalance ratio for broker 1 is 0.0 (kafka.controller.KafkaController)
[2023-07-18 10:36:50,105] INFO [Controller id=1] Processing automatic preferred replica leader election (kafka.controller.KafkaController)
[2023-07-18 10:36:50,105] TRACE [Controller id=1] Checking need to trigger auto leader balancing (kafka.controller.KafkaController)
[2023-07-18 10:36:50,107] DEBUG [Controller id=1] Topics not in preferred replica for broker 1 HashMap() (kafka.controller.KafkaController)
[2023-07-18 10:36:50,107] TRACE [Controller id=1] Leader imbalance ratio for broker 1 is 0.0 (kafka.controller.KafkaController)
[2023-07-18 10:41:50,109] INFO [Controller id=1] Processing automatic preferred replica leader election (kafka.controller.KafkaController)
[2023-07-18 10:41:50,109] TRACE [Controller id=1] Checking need to trigger auto leader balancing (kafka.controller.KafkaController)
[2023-07-18 10:41:50,111] DEBUG [Controller id=1] Topics not in preferred replica for broker 1 HashMap() (kafka.controller.KafkaController)
[2023-07-18 10:41:50,111] TRACE [Controller id=1] Leader imbalance ratio for broker 1 is 0.0 (kafka.controller.KafkaController)
[2023-07-18 10:46:50,124] INFO [Controller id=1] Processing automatic preferred replica leader election (kafka.controller.KafkaController)
[2023-07-18 10:46:50,124] TRACE [Controller id=1] Checking need to trigger auto leader balancing (kafka.controller.KafkaController)
[2023-07-18 10:46:50,126] DEBUG [Controller id=1] Topics not in preferred replica for broker 1 HashMap() (kafka.controller.KafkaController)
[2023-07-18 10:46:50,126] TRACE [Controller id=1] Leader imbalance ratio for broker 1 is 0.0 (kafka.controller.KafkaController)
[2023-07-18 10:51:50,145] INFO [Controller id=1] Processing automatic preferred replica leader election (kafka.controller.KafkaController)
[2023-07-18 10:51:50,146] TRACE [Controller id=1] Checking need to trigger auto leader balancing (kafka.controller.KafkaController)
[2023-07-18 10:51:50,146] DEBUG [Controller id=1] Topics not in preferred replica for broker 1 HashMap() (kafka.controller.KafkaController)
[2023-07-18 10:51:50,146] TRACE [Controller id=1] Leader imbalance ratio for broker 1 is 0.0 (kafka.controller.KafkaController)
[2023-07-18 10:56:50,147] INFO [Controller id=1] Processing automatic preferred replica leader election (kafka.controller.KafkaController)
[2023-07-18 10:56:50,147] TRACE [Controller id=1] Checking need to trigger auto leader balancing (kafka.controller.KafkaController)
[2023-07-18 10:56:50,150] DEBUG [Controller id=1] Topics not in preferred replica for broker 1 HashMap() (kafka.controller.KafkaController)
[2023-07-18 10:56:50,150] TRACE [Controller id=1] Leader imbalance ratio for broker 1 is 0.0 (kafka.controller.KafkaController)
[2023-07-18 11:01:50,156] INFO [Controller id=1] Processing automatic preferred replica leader election (kafka.controller.KafkaController)
[2023-07-18 11:01:50,161] TRACE [Controller id=1] Checking need to trigger auto leader balancing (kafka.controller.KafkaController)
[2023-07-18 11:01:50,162] DEBUG [Controller id=1] Topics not in preferred replica for broker 1 HashMap() (kafka.controller.KafkaController)
[2023-07-18 11:01:50,162] TRACE [Controller id=1] Leader imbalance ratio for broker 1 is 0.0 (kafka.controller.KafkaController)
[2023-07-18 11:06:50,167] INFO [Controller id=1] Processing automatic preferred replica leader election (kafka.controller.KafkaController)
[2023-07-18 11:06:50,167] TRACE [Controller id=1] Checking need to trigger auto leader balancing (kafka.controller.KafkaController)
[2023-07-18 11:06:50,167] DEBUG [Controller id=1] Topics not in preferred replica for broker 1 HashMap() (kafka.controller.KafkaController)
[2023-07-18 11:06:50,168] TRACE [Controller id=1] Leader imbalance ratio for broker 1 is 0.0 (kafka.controller.KafkaController)
[2023-07-18 11:11:50,180] INFO [Controller id=1] Processing automatic preferred replica leader election (kafka.controller.KafkaController)
[2023-07-18 11:11:50,180] TRACE [Controller id=1] Checking need to trigger auto leader balancing (kafka.controller.KafkaController)
[2023-07-18 11:11:50,182] DEBUG [Controller id=1] Topics not in preferred replica for broker 1 HashMap() (kafka.controller.KafkaController)
[2023-07-18 11:11:50,182] TRACE [Controller id=1] Leader imbalance ratio for broker 1 is 0.0 (kafka.controller.KafkaController)
[2023-07-18 11:16:50,188] INFO [Controller id=1] Processing automatic preferred replica leader election (kafka.controller.KafkaController)
[2023-07-18 11:16:50,190] TRACE [Controller id=1] Checking need to trigger auto leader balancing (kafka.controller.KafkaController)
[2023-07-18 11:16:50,192] DEBUG [Controller id=1] Topics not in preferred replica for broker 1 HashMap() (kafka.controller.KafkaController)
[2023-07-18 11:16:50,192] TRACE [Controller id=1] Leader imbalance ratio for broker 1 is 0.0 (kafka.controller.KafkaController)
[2023-07-18 11:21:50,204] INFO [Controller id=1] Processing automatic preferred replica leader election (kafka.controller.KafkaController)
[2023-07-18 11:21:50,204] TRACE [Controller id=1] Checking need to trigger auto leader balancing (kafka.controller.KafkaController)
[2023-07-18 11:21:50,206] DEBUG [Controller id=1] Topics not in preferred replica for broker 1 HashMap() (kafka.controller.KafkaController)
[2023-07-18 11:21:50,206] TRACE [Controller id=1] Leader imbalance ratio for broker 1 is 0.0 (kafka.controller.KafkaController)
[2023-07-18 11:26:50,213] INFO [Controller id=1] Processing automatic preferred replica leader election (kafka.controller.KafkaController)
[2023-07-18 11:26:50,213] TRACE [Controller id=1] Checking need to trigger auto leader balancing (kafka.controller.KafkaController)
[2023-07-18 11:26:50,216] DEBUG [Controller id=1] Topics not in preferred replica for broker 1 HashMap() (kafka.controller.KafkaController)
[2023-07-18 11:26:50,216] TRACE [Controller id=1] Leader imbalance ratio for broker 1 is 0.0 (kafka.controller.KafkaController)
[2023-07-18 11:31:50,225] INFO [Controller id=1] Processing automatic preferred replica leader election (kafka.controller.KafkaController)
[2023-07-18 11:31:50,225] TRACE [Controller id=1] Checking need to trigger auto leader balancing (kafka.controller.KafkaController)
[2023-07-18 11:31:50,226] DEBUG [Controller id=1] Topics not in preferred replica for broker 1 HashMap() (kafka.controller.KafkaController)
[2023-07-18 11:31:50,226] TRACE [Controller id=1] Leader imbalance ratio for broker 1 is 0.0 (kafka.controller.KafkaController)
[2023-07-18 11:36:50,238] INFO [Controller id=1] Processing automatic preferred replica leader election (kafka.controller.KafkaController)
[2023-07-18 11:36:50,239] TRACE [Controller id=1] Checking need to trigger auto leader balancing (kafka.controller.KafkaController)
[2023-07-18 11:36:50,239] DEBUG [Controller id=1] Topics not in preferred replica for broker 1 HashMap() (kafka.controller.KafkaController)
[2023-07-18 11:36:50,239] TRACE [Controller id=1] Leader imbalance ratio for broker 1 is 0.0 (kafka.controller.KafkaController)
[2023-07-18 11:41:50,244] INFO [Controller id=1] Processing automatic preferred replica leader election (kafka.controller.KafkaController)
[2023-07-18 11:41:50,245] TRACE [Controller id=1] Checking need to trigger auto leader balancing (kafka.controller.KafkaController)
[2023-07-18 11:41:50,246] DEBUG [Controller id=1] Topics not in preferred replica for broker 1 HashMap() (kafka.controller.KafkaController)
[2023-07-18 11:41:50,246] TRACE [Controller id=1] Leader imbalance ratio for broker 1 is 0.0 (kafka.controller.KafkaController)
[2023-07-18 11:46:50,254] INFO [Controller id=1] Processing automatic preferred replica leader election (kafka.controller.KafkaController)
[2023-07-18 11:46:50,254] TRACE [Controller id=1] Checking need to trigger auto leader balancing (kafka.controller.KafkaController)
[2023-07-18 11:46:50,256] DEBUG [Controller id=1] Topics not in preferred replica for broker 1 HashMap() (kafka.controller.KafkaController)
[2023-07-18 11:46:50,256] TRACE [Controller id=1] Leader imbalance ratio for broker 1 is 0.0 (kafka.controller.KafkaController)
[2023-07-18 11:51:50,262] INFO [Controller id=1] Processing automatic preferred replica leader election (kafka.controller.KafkaController)
[2023-07-18 11:51:50,263] TRACE [Controller id=1] Checking need to trigger auto leader balancing (kafka.controller.KafkaController)
[2023-07-18 11:51:50,264] DEBUG [Controller id=1] Topics not in preferred replica for broker 1 HashMap() (kafka.controller.KafkaController)
[2023-07-18 11:51:50,264] TRACE [Controller id=1] Leader imbalance ratio for broker 1 is 0.0 (kafka.controller.KafkaController)
[2023-07-18 11:56:50,274] INFO [Controller id=1] Processing automatic preferred replica leader election (kafka.controller.KafkaController)
[2023-07-18 11:56:50,274] TRACE [Controller id=1] Checking need to trigger auto leader balancing (kafka.controller.KafkaController)
[2023-07-18 11:56:50,274] DEBUG [Controller id=1] Topics not in preferred replica for broker 1 HashMap() (kafka.controller.KafkaController)
[2023-07-18 11:56:50,276] TRACE [Controller id=1] Leader imbalance ratio for broker 1 is 0.0 (kafka.controller.KafkaController)
[2023-07-18 12:00:27,541] INFO [Controller id=1] New topics: [HashSet(my_topic)], deleted topics: [HashSet()], new partition replica assignment [Map(my_topic-0 -> ReplicaAssignment(replicas=1, addingReplicas=, removingReplicas=))] (kafka.controller.KafkaController)
[2023-07-18 12:00:27,544] INFO [Controller id=1] New partition creation callback for my_topic-0 (kafka.controller.KafkaController)
[2023-07-18 12:00:27,609] INFO [Controller id=1] New topics: [HashSet(my_other_topic)], deleted topics: [HashSet()], new partition replica assignment [Map(my_other_topic-0 -> ReplicaAssignment(replicas=1, addingReplicas=, removingReplicas=))] (kafka.controller.KafkaController)
[2023-07-18 12:00:27,609] INFO [Controller id=1] New partition creation callback for my_other_topic-0 (kafka.controller.KafkaController)
[2023-07-18 12:00:27,645] INFO [RequestSendThread controllerId=1] Controller 1 connected to localhost:9092 (id: 1 rack: null) for sending state change requests (kafka.controller.RequestSendThread)
[2023-07-18 12:01:50,284] INFO [Controller id=1] Processing automatic preferred replica leader election (kafka.controller.KafkaController)
[2023-07-18 12:01:50,284] TRACE [Controller id=1] Checking need to trigger auto leader balancing (kafka.controller.KafkaController)
[2023-07-18 12:01:50,284] DEBUG [Controller id=1] Topics not in preferred replica for broker 1 HashMap() (kafka.controller.KafkaController)
[2023-07-18 12:01:50,284] TRACE [Controller id=1] Leader imbalance ratio for broker 1 is 0.0 (kafka.controller.KafkaController)
[2023-07-18 12:02:23,919] INFO [Controller id=1] Shutting down broker 1 (kafka.controller.KafkaController)
[2023-07-18 12:02:23,920] DEBUG [Controller id=1] All shutting down brokers: 1 (kafka.controller.KafkaController)
[2023-07-18 12:02:23,922] DEBUG [Controller id=1] Live brokers:  (kafka.controller.KafkaController)
[2023-07-18 12:02:23,931] TRACE [Controller id=1] All leaders = __consumer_offsets-13 -> (Leader:1,ISR:1,LeaderEpoch:0,ControllerEpoch:2),__consumer_offsets-46 -> (Leader:1,ISR:1,LeaderEpoch:0,ControllerEpoch:2),__consumer_offsets-9 -> (Leader:1,ISR:1,LeaderEpoch:0,ControllerEpoch:2),__consumer_offsets-42 -> (Leader:1,ISR:1,LeaderEpoch:0,ControllerEpoch:2),__consumer_offsets-21 -> (Leader:1,ISR:1,LeaderEpoch:0,ControllerEpoch:2),__consumer_offsets-17 -> (Leader:1,ISR:1,LeaderEpoch:0,ControllerEpoch:2),__consumer_offsets-30 -> (Leader:1,ISR:1,LeaderEpoch:0,ControllerEpoch:2),__consumer_offsets-26 -> (Leader:1,ISR:1,LeaderEpoch:0,ControllerEpoch:2),__consumer_offsets-5 -> (Leader:1,ISR:1,LeaderEpoch:0,ControllerEpoch:2),__consumer_offsets-38 -> (Leader:1,ISR:1,LeaderEpoch:0,ControllerEpoch:2),__consumer_offsets-1 -> (Leader:1,ISR:1,LeaderEpoch:0,ControllerEpoch:2),__consumer_offsets-34 -> (Leader:1,ISR:1,LeaderEpoch:0,ControllerEpoch:2),__consumer_offsets-16 -> (Leader:1,ISR:1,LeaderEpoch:0,ControllerEpoch:2),__consumer_offsets-45 -> (Leader:1,ISR:1,LeaderEpoch:0,ControllerEpoch:2),__consumer_offsets-12 -> (Leader:1,ISR:1,LeaderEpoch:0,ControllerEpoch:2),__consumer_offsets-41 -> (Leader:1,ISR:1,LeaderEpoch:0,ControllerEpoch:2),__consumer_offsets-24 -> (Leader:1,ISR:1,LeaderEpoch:0,ControllerEpoch:2),__consumer_offsets-20 -> (Leader:1,ISR:1,LeaderEpoch:0,ControllerEpoch:2),__consumer_offsets-49 -> (Leader:1,ISR:1,LeaderEpoch:0,ControllerEpoch:2),__consumer_offsets-0 -> (Leader:1,ISR:1,LeaderEpoch:0,ControllerEpoch:2),__consumer_offsets-29 -> (Leader:1,ISR:1,LeaderEpoch:0,ControllerEpoch:2),__consumer_offsets-25 -> (Leader:1,ISR:1,LeaderEpoch:0,ControllerEpoch:2),__consumer_offsets-8 -> (Leader:1,ISR:1,LeaderEpoch:0,ControllerEpoch:2),__consumer_offsets-37 -> (Leader:1,ISR:1,LeaderEpoch:0,ControllerEpoch:2),__consumer_offsets-4 -> (Leader:1,ISR:1,LeaderEpoch:0,ControllerEpoch:2),__consumer_offsets-33 -> (Leader:1,ISR:1,LeaderEpoch:0,ControllerEpoch:2),__consumer_offsets-15 -> (Leader:1,ISR:1,LeaderEpoch:0,ControllerEpoch:2),__consumer_offsets-48 -> (Leader:1,ISR:1,LeaderEpoch:0,ControllerEpoch:2),__consumer_offsets-11 -> (Leader:1,ISR:1,LeaderEpoch:0,ControllerEpoch:2),first_topic-0 -> (Leader:1,ISR:1,LeaderEpoch:0,ControllerEpoch:2),__consumer_offsets-44 -> (Leader:1,ISR:1,LeaderEpoch:0,ControllerEpoch:2),javaguide_json-0 -> (Leader:1,ISR:1,LeaderEpoch:0,ControllerEpoch:3),__consumer_offsets-23 -> (Leader:1,ISR:1,LeaderEpoch:0,ControllerEpoch:2),__consumer_offsets-19 -> (Leader:1,ISR:1,LeaderEpoch:0,ControllerEpoch:2),__consumer_offsets-32 -> (Leader:1,ISR:1,LeaderEpoch:0,ControllerEpoch:2),wikimedia_topic-0 -> (Leader:1,ISR:1,LeaderEpoch:0,ControllerEpoch:4),__consumer_offsets-28 -> (Leader:1,ISR:1,LeaderEpoch:0,ControllerEpoch:2),__consumer_offsets-7 -> (Leader:1,ISR:1,LeaderEpoch:0,ControllerEpoch:2),__consumer_offsets-40 -> (Leader:1,ISR:1,LeaderEpoch:0,ControllerEpoch:2),__consumer_offsets-3 -> (Leader:1,ISR:1,LeaderEpoch:0,ControllerEpoch:2),__consumer_offsets-36 -> (Leader:1,ISR:1,LeaderEpoch:0,ControllerEpoch:2),__consumer_offsets-47 -> (Leader:1,ISR:1,LeaderEpoch:0,ControllerEpoch:2),__consumer_offsets-14 -> (Leader:1,ISR:1,LeaderEpoch:0,ControllerEpoch:2),__consumer_offsets-43 -> (Leader:1,ISR:1,LeaderEpoch:0,ControllerEpoch:2),__consumer_offsets-10 -> (Leader:1,ISR:1,LeaderEpoch:0,ControllerEpoch:2),__consumer_offsets-22 -> (Leader:1,ISR:1,LeaderEpoch:0,ControllerEpoch:2),__consumer_offsets-18 -> (Leader:1,ISR:1,LeaderEpoch:0,ControllerEpoch:2),__consumer_offsets-31 -> (Leader:1,ISR:1,LeaderEpoch:0,ControllerEpoch:2),__consumer_offsets-27 -> (Leader:1,ISR:1,LeaderEpoch:0,ControllerEpoch:2),javaguide-0 -> (Leader:1,ISR:1,LeaderEpoch:0,ControllerEpoch:3),__consumer_offsets-39 -> (Leader:1,ISR:1,LeaderEpoch:0,ControllerEpoch:2),my_topic-0 -> (Leader:1,ISR:1,LeaderEpoch:0,ControllerEpoch:4),my_other_topic-0 -> (Leader:1,ISR:1,LeaderEpoch:0,ControllerEpoch:4),__consumer_offsets-6 -> (Leader:1,ISR:1,LeaderEpoch:0,ControllerEpoch:2),__consumer_offsets-35 -> (Leader:1,ISR:1,LeaderEpoch:0,ControllerEpoch:2),__consumer_offsets-2 -> (Leader:1,ISR:1,LeaderEpoch:0,ControllerEpoch:2) (kafka.controller.KafkaController)
[2023-07-18 12:02:25,622] INFO [ControllerEventThread controllerId=1] Shutting down (kafka.controller.ControllerEventManager$ControllerEventThread)
[2023-07-18 12:02:25,637] INFO [ControllerEventThread controllerId=1] Shutdown completed (kafka.controller.ControllerEventManager$ControllerEventThread)
[2023-07-18 12:02:25,637] INFO [ControllerEventThread controllerId=1] Stopped (kafka.controller.ControllerEventManager$ControllerEventThread)
[2023-07-18 12:02:25,637] DEBUG [Controller id=1] Resigning (kafka.controller.KafkaController)
[2023-07-18 12:02:25,637] DEBUG [Controller id=1] Unregister BrokerModifications handler for Set(1) (kafka.controller.KafkaController)
[2023-07-18 12:02:25,637] INFO [PartitionStateMachine controllerId=1] Stopped partition state machine (kafka.controller.ZkPartitionStateMachine)
[2023-07-18 12:02:25,637] INFO [ReplicaStateMachine controllerId=1] Stopped replica state machine (kafka.controller.ZkReplicaStateMachine)
[2023-07-18 12:02:25,637] INFO [RequestSendThread controllerId=1] Shutting down (kafka.controller.RequestSendThread)
[2023-07-18 12:02:25,637] INFO [RequestSendThread controllerId=1] Shutdown completed (kafka.controller.RequestSendThread)
[2023-07-18 12:02:25,637] INFO [RequestSendThread controllerId=1] Stopped (kafka.controller.RequestSendThread)
[2023-07-18 12:02:25,637] INFO [Controller id=1] Resigned (kafka.controller.KafkaController)
[2023-07-18 12:14:44,449] DEBUG preRegister called. Server=com.sun.jmx.mbeanserver.JmxMBeanServer@1a3869f4, name=log4j:logger=kafka.controller (kafka.controller)
[2023-07-18 12:15:10,670] INFO [ControllerEventThread controllerId=1] Starting (kafka.controller.ControllerEventManager$ControllerEventThread)
[2023-07-18 12:15:10,731] INFO [Controller id=1] 1 successfully elected as the controller. Epoch incremented to 5 and epoch zk version is now 5 (kafka.controller.KafkaController)
[2023-07-18 12:15:10,731] INFO [Controller id=1] Registering handlers (kafka.controller.KafkaController)
[2023-07-18 12:15:10,739] INFO [Controller id=1] Deleting log dir event notifications (kafka.controller.KafkaController)
[2023-07-18 12:15:10,746] INFO [Controller id=1] Deleting isr change notifications (kafka.controller.KafkaController)
[2023-07-18 12:15:10,750] INFO [Controller id=1] Initializing controller context (kafka.controller.KafkaController)
[2023-07-18 12:15:10,763] INFO [Controller id=1] Initialized broker epochs cache: Map(1 -> 258) (kafka.controller.KafkaController)
[2023-07-18 12:15:10,792] DEBUG [Controller id=1] Register BrokerModifications handler for Set(1) (kafka.controller.KafkaController)
[2023-07-18 12:15:10,871] DEBUG [Channel manager on controller 1]: Controller 1 trying to connect to broker 1 (kafka.controller.ControllerChannelManager)
[2023-07-18 12:15:10,891] INFO [RequestSendThread controllerId=1] Starting (kafka.controller.RequestSendThread)
[2023-07-18 12:15:10,894] INFO [Controller id=1] Currently active brokers in the cluster: Set(1) (kafka.controller.KafkaController)
[2023-07-18 12:15:10,895] INFO [Controller id=1] Currently shutting brokers in the cluster: HashSet() (kafka.controller.KafkaController)
[2023-07-18 12:15:10,895] INFO [Controller id=1] Current list of topics in the cluster: HashSet(my_topic, __consumer_offsets, first_topic, my_other_topic, javaguide_json, wikimedia_topic, javaguide) (kafka.controller.KafkaController)
[2023-07-18 12:15:10,896] INFO [Controller id=1] Fetching topic deletions in progress (kafka.controller.KafkaController)
[2023-07-18 12:15:10,912] INFO [Controller id=1] List of topics to be deleted:  (kafka.controller.KafkaController)
[2023-07-18 12:15:10,913] INFO [Controller id=1] List of topics ineligible for deletion:  (kafka.controller.KafkaController)
[2023-07-18 12:15:10,913] INFO [Controller id=1] Initializing topic deletion manager (kafka.controller.KafkaController)
[2023-07-18 12:15:10,914] INFO [Topic Deletion Manager 1] Initializing manager with initial deletions: Set(), initial ineligible deletions: HashSet() (kafka.controller.TopicDeletionManager)
[2023-07-18 12:15:10,914] INFO [Controller id=1] Sending update metadata request (kafka.controller.KafkaController)
[2023-07-18 12:15:10,926] INFO [ReplicaStateMachine controllerId=1] Initializing replica state (kafka.controller.ZkReplicaStateMachine)
[2023-07-18 12:15:10,942] INFO [ReplicaStateMachine controllerId=1] Triggering online replica state changes (kafka.controller.ZkReplicaStateMachine)
[2023-07-18 12:15:10,946] INFO [RequestSendThread controllerId=1] Controller 1 connected to localhost:9092 (id: 1 rack: null) for sending state change requests (kafka.controller.RequestSendThread)
[2023-07-18 12:15:11,025] INFO [ReplicaStateMachine controllerId=1] Triggering offline replica state changes (kafka.controller.ZkReplicaStateMachine)
[2023-07-18 12:15:11,026] DEBUG [ReplicaStateMachine controllerId=1] Started replica state machine with initial state -> HashMap([Topic=__consumer_offsets,Partition=46,Replica=1] -> OnlineReplica, [Topic=__consumer_offsets,Partition=37,Replica=1] -> OnlineReplica, [Topic=__consumer_offsets,Partition=8,Replica=1] -> OnlineReplica, [Topic=__consumer_offsets,Partition=49,Replica=1] -> OnlineReplica, [Topic=__consumer_offsets,Partition=21,Replica=1] -> OnlineReplica, [Topic=__consumer_offsets,Partition=20,Replica=1] -> OnlineReplica, [Topic=__consumer_offsets,Partition=17,Replica=1] -> OnlineReplica, [Topic=__consumer_offsets,Partition=19,Replica=1] -> OnlineReplica, [Topic=__consumer_offsets,Partition=7,Replica=1] -> OnlineReplica, [Topic=__consumer_offsets,Partition=43,Replica=1] -> OnlineReplica, [Topic=__consumer_offsets,Partition=30,Replica=1] -> OnlineReplica, [Topic=__consumer_offsets,Partition=35,Replica=1] -> OnlineReplica, [Topic=__consumer_offsets,Partition=27,Replica=1] -> OnlineReplica, [Topic=__consumer_offsets,Partition=0,Replica=1] -> OnlineReplica, [Topic=__consumer_offsets,Partition=40,Replica=1] -> OnlineReplica, [Topic=__consumer_offsets,Partition=47,Replica=1] -> OnlineReplica, [Topic=wikimedia_topic,Partition=0,Replica=1] -> OnlineReplica, [Topic=__consumer_offsets,Partition=10,Replica=1] -> OnlineReplica, [Topic=__consumer_offsets,Partition=4,Replica=1] -> OnlineReplica, [Topic=__consumer_offsets,Partition=31,Replica=1] -> OnlineReplica, [Topic=__consumer_offsets,Partition=16,Replica=1] -> OnlineReplica, [Topic=__consumer_offsets,Partition=23,Replica=1] -> OnlineReplica, [Topic=javaguide_json,Partition=0,Replica=1] -> OnlineReplica, [Topic=__consumer_offsets,Partition=26,Replica=1] -> OnlineReplica, [Topic=__consumer_offsets,Partition=39,Replica=1] -> OnlineReplica, [Topic=__consumer_offsets,Partition=2,Replica=1] -> OnlineReplica, [Topic=__consumer_offsets,Partition=34,Replica=1] -> OnlineReplica, [Topic=__consumer_offsets,Partition=24,Replica=1] -> OnlineReplica, [Topic=__consumer_offsets,Partition=32,Replica=1] -> OnlineReplica, [Topic=__consumer_offsets,Partition=41,Replica=1] -> OnlineReplica, [Topic=__consumer_offsets,Partition=5,Replica=1] -> OnlineReplica, [Topic=__consumer_offsets,Partition=15,Replica=1] -> OnlineReplica, [Topic=__consumer_offsets,Partition=1,Replica=1] -> OnlineReplica, [Topic=__consumer_offsets,Partition=9,Replica=1] -> OnlineReplica, [Topic=__consumer_offsets,Partition=45,Replica=1] -> OnlineReplica, [Topic=__consumer_offsets,Partition=36,Replica=1] -> OnlineReplica, [Topic=__consumer_offsets,Partition=48,Replica=1] -> OnlineReplica, [Topic=__consumer_offsets,Partition=3,Replica=1] -> OnlineReplica, [Topic=__consumer_offsets,Partition=18,Replica=1] -> OnlineReplica, [Topic=__consumer_offsets,Partition=44,Replica=1] -> OnlineReplica, [Topic=__consumer_offsets,Partition=11,Replica=1] -> OnlineReplica, [Topic=my_other_topic,Partition=0,Replica=1] -> OnlineReplica, [Topic=__consumer_offsets,Partition=25,Replica=1] -> OnlineReplica, [Topic=__consumer_offsets,Partition=29,Replica=1] -> OnlineReplica, [Topic=first_topic,Partition=0,Replica=1] -> OnlineReplica, [Topic=__consumer_offsets,Partition=6,Replica=1] -> OnlineReplica, [Topic=__consumer_offsets,Partition=42,Replica=1] -> OnlineReplica, [Topic=__consumer_offsets,Partition=28,Replica=1] -> OnlineReplica, [Topic=__consumer_offsets,Partition=12,Replica=1] -> OnlineReplica, [Topic=__consumer_offsets,Partition=38,Replica=1] -> OnlineReplica, [Topic=my_topic,Partition=0,Replica=1] -> OnlineReplica, [Topic=__consumer_offsets,Partition=33,Replica=1] -> OnlineReplica, [Topic=__consumer_offsets,Partition=14,Replica=1] -> OnlineReplica, [Topic=__consumer_offsets,Partition=13,Replica=1] -> OnlineReplica, [Topic=__consumer_offsets,Partition=22,Replica=1] -> OnlineReplica, [Topic=javaguide,Partition=0,Replica=1] -> OnlineReplica) (kafka.controller.ZkReplicaStateMachine)
[2023-07-18 12:15:11,027] INFO [PartitionStateMachine controllerId=1] Initializing partition state (kafka.controller.ZkPartitionStateMachine)
[2023-07-18 12:15:11,035] INFO [PartitionStateMachine controllerId=1] Triggering online partition state changes (kafka.controller.ZkPartitionStateMachine)
[2023-07-18 12:15:11,040] DEBUG [PartitionStateMachine controllerId=1] Started partition state machine with initial state -> HashMap(__consumer_offsets-13 -> OnlinePartition, __consumer_offsets-46 -> OnlinePartition, __consumer_offsets-9 -> OnlinePartition, __consumer_offsets-42 -> OnlinePartition, __consumer_offsets-21 -> OnlinePartition, __consumer_offsets-17 -> OnlinePartition, __consumer_offsets-30 -> OnlinePartition, __consumer_offsets-26 -> OnlinePartition, __consumer_offsets-5 -> OnlinePartition, __consumer_offsets-38 -> OnlinePartition, __consumer_offsets-1 -> OnlinePartition, __consumer_offsets-34 -> OnlinePartition, __consumer_offsets-16 -> OnlinePartition, __consumer_offsets-45 -> OnlinePartition, __consumer_offsets-12 -> OnlinePartition, __consumer_offsets-41 -> OnlinePartition, __consumer_offsets-24 -> OnlinePartition, __consumer_offsets-20 -> OnlinePartition, __consumer_offsets-49 -> OnlinePartition, __consumer_offsets-0 -> OnlinePartition, __consumer_offsets-29 -> OnlinePartition, __consumer_offsets-25 -> OnlinePartition, __consumer_offsets-8 -> OnlinePartition, __consumer_offsets-37 -> OnlinePartition, __consumer_offsets-4 -> OnlinePartition, __consumer_offsets-33 -> OnlinePartition, __consumer_offsets-15 -> OnlinePartition, __consumer_offsets-48 -> OnlinePartition, __consumer_offsets-11 -> OnlinePartition, first_topic-0 -> OnlinePartition, __consumer_offsets-44 -> OnlinePartition, javaguide_json-0 -> OnlinePartition, __consumer_offsets-23 -> OnlinePartition, __consumer_offsets-19 -> OnlinePartition, __consumer_offsets-32 -> OnlinePartition, wikimedia_topic-0 -> OnlinePartition, __consumer_offsets-28 -> OnlinePartition, __consumer_offsets-7 -> OnlinePartition, __consumer_offsets-40 -> OnlinePartition, __consumer_offsets-3 -> OnlinePartition, __consumer_offsets-36 -> OnlinePartition, __consumer_offsets-47 -> OnlinePartition, __consumer_offsets-14 -> OnlinePartition, __consumer_offsets-43 -> OnlinePartition, __consumer_offsets-10 -> OnlinePartition, __consumer_offsets-22 -> OnlinePartition, __consumer_offsets-18 -> OnlinePartition, __consumer_offsets-31 -> OnlinePartition, __consumer_offsets-27 -> OnlinePartition, javaguide-0 -> OnlinePartition, __consumer_offsets-39 -> OnlinePartition, my_topic-0 -> OnlinePartition, my_other_topic-0 -> OnlinePartition, __consumer_offsets-6 -> OnlinePartition, __consumer_offsets-35 -> OnlinePartition, __consumer_offsets-2 -> OnlinePartition) (kafka.controller.ZkPartitionStateMachine)
[2023-07-18 12:15:11,040] INFO [Controller id=1] Ready to serve as the new controller with epoch 5 (kafka.controller.KafkaController)
[2023-07-18 12:15:11,050] INFO [Controller id=1] Partitions undergoing preferred replica election:  (kafka.controller.KafkaController)
[2023-07-18 12:15:11,051] INFO [Controller id=1] Partitions that completed preferred replica election:  (kafka.controller.KafkaController)
[2023-07-18 12:15:11,053] INFO [Controller id=1] Skipping preferred replica election for partitions due to topic deletion:  (kafka.controller.KafkaController)
[2023-07-18 12:15:11,055] INFO [Controller id=1] Resuming preferred replica election for partitions:  (kafka.controller.KafkaController)
[2023-07-18 12:15:11,058] INFO [Controller id=1] Starting replica leader election (PREFERRED) for partitions  triggered by ZkTriggered (kafka.controller.KafkaController)
[2023-07-18 12:15:11,095] INFO [Controller id=1] Starting the controller scheduler (kafka.controller.KafkaController)
[2023-07-18 12:15:16,098] INFO [Controller id=1] Processing automatic preferred replica leader election (kafka.controller.KafkaController)
[2023-07-18 12:15:16,099] TRACE [Controller id=1] Checking need to trigger auto leader balancing (kafka.controller.KafkaController)
[2023-07-18 12:15:16,104] DEBUG [Controller id=1] Topics not in preferred replica for broker 1 HashMap() (kafka.controller.KafkaController)
[2023-07-18 12:15:16,106] TRACE [Controller id=1] Leader imbalance ratio for broker 1 is 0.0 (kafka.controller.KafkaController)
[2023-07-18 12:20:16,119] INFO [Controller id=1] Processing automatic preferred replica leader election (kafka.controller.KafkaController)
[2023-07-18 12:20:16,119] TRACE [Controller id=1] Checking need to trigger auto leader balancing (kafka.controller.KafkaController)
[2023-07-18 12:20:16,121] DEBUG [Controller id=1] Topics not in preferred replica for broker 1 HashMap() (kafka.controller.KafkaController)
[2023-07-18 12:20:16,121] TRACE [Controller id=1] Leader imbalance ratio for broker 1 is 0.0 (kafka.controller.KafkaController)
[2023-07-18 12:25:16,124] INFO [Controller id=1] Processing automatic preferred replica leader election (kafka.controller.KafkaController)
[2023-07-18 12:25:16,124] TRACE [Controller id=1] Checking need to trigger auto leader balancing (kafka.controller.KafkaController)
[2023-07-18 12:25:16,127] DEBUG [Controller id=1] Topics not in preferred replica for broker 1 HashMap() (kafka.controller.KafkaController)
[2023-07-18 12:25:16,127] TRACE [Controller id=1] Leader imbalance ratio for broker 1 is 0.0 (kafka.controller.KafkaController)
[2023-07-18 12:30:16,133] INFO [Controller id=1] Processing automatic preferred replica leader election (kafka.controller.KafkaController)
[2023-07-18 12:30:16,133] TRACE [Controller id=1] Checking need to trigger auto leader balancing (kafka.controller.KafkaController)
[2023-07-18 12:30:16,135] DEBUG [Controller id=1] Topics not in preferred replica for broker 1 HashMap() (kafka.controller.KafkaController)
[2023-07-18 12:30:16,135] TRACE [Controller id=1] Leader imbalance ratio for broker 1 is 0.0 (kafka.controller.KafkaController)
[2023-07-18 12:35:16,151] INFO [Controller id=1] Processing automatic preferred replica leader election (kafka.controller.KafkaController)
[2023-07-18 12:35:16,151] TRACE [Controller id=1] Checking need to trigger auto leader balancing (kafka.controller.KafkaController)
[2023-07-18 12:35:16,154] DEBUG [Controller id=1] Topics not in preferred replica for broker 1 HashMap() (kafka.controller.KafkaController)
[2023-07-18 12:35:16,154] TRACE [Controller id=1] Leader imbalance ratio for broker 1 is 0.0 (kafka.controller.KafkaController)
[2023-07-18 12:40:16,167] INFO [Controller id=1] Processing automatic preferred replica leader election (kafka.controller.KafkaController)
[2023-07-18 12:40:16,167] TRACE [Controller id=1] Checking need to trigger auto leader balancing (kafka.controller.KafkaController)
[2023-07-18 12:40:16,171] DEBUG [Controller id=1] Topics not in preferred replica for broker 1 HashMap() (kafka.controller.KafkaController)
[2023-07-18 12:40:16,171] TRACE [Controller id=1] Leader imbalance ratio for broker 1 is 0.0 (kafka.controller.KafkaController)
[2023-07-18 12:45:16,184] INFO [Controller id=1] Processing automatic preferred replica leader election (kafka.controller.KafkaController)
[2023-07-18 12:45:16,184] TRACE [Controller id=1] Checking need to trigger auto leader balancing (kafka.controller.KafkaController)
[2023-07-18 12:45:16,184] DEBUG [Controller id=1] Topics not in preferred replica for broker 1 HashMap() (kafka.controller.KafkaController)
[2023-07-18 12:45:16,184] TRACE [Controller id=1] Leader imbalance ratio for broker 1 is 0.0 (kafka.controller.KafkaController)
[2023-07-18 12:50:16,197] INFO [Controller id=1] Processing automatic preferred replica leader election (kafka.controller.KafkaController)
[2023-07-18 12:50:16,197] TRACE [Controller id=1] Checking need to trigger auto leader balancing (kafka.controller.KafkaController)
[2023-07-18 12:50:16,198] DEBUG [Controller id=1] Topics not in preferred replica for broker 1 HashMap() (kafka.controller.KafkaController)
[2023-07-18 12:50:16,199] TRACE [Controller id=1] Leader imbalance ratio for broker 1 is 0.0 (kafka.controller.KafkaController)
[2023-07-18 12:55:16,211] INFO [Controller id=1] Processing automatic preferred replica leader election (kafka.controller.KafkaController)
[2023-07-18 12:55:16,211] TRACE [Controller id=1] Checking need to trigger auto leader balancing (kafka.controller.KafkaController)
[2023-07-18 12:55:16,213] DEBUG [Controller id=1] Topics not in preferred replica for broker 1 HashMap() (kafka.controller.KafkaController)
[2023-07-18 12:55:16,214] TRACE [Controller id=1] Leader imbalance ratio for broker 1 is 0.0 (kafka.controller.KafkaController)
[2023-07-18 13:00:16,215] INFO [Controller id=1] Processing automatic preferred replica leader election (kafka.controller.KafkaController)
[2023-07-18 13:00:16,230] TRACE [Controller id=1] Checking need to trigger auto leader balancing (kafka.controller.KafkaController)
[2023-07-18 13:00:16,231] DEBUG [Controller id=1] Topics not in preferred replica for broker 1 HashMap() (kafka.controller.KafkaController)
[2023-07-18 13:00:16,231] TRACE [Controller id=1] Leader imbalance ratio for broker 1 is 0.0 (kafka.controller.KafkaController)
[2023-07-18 13:05:16,244] INFO [Controller id=1] Processing automatic preferred replica leader election (kafka.controller.KafkaController)
[2023-07-18 13:05:16,244] TRACE [Controller id=1] Checking need to trigger auto leader balancing (kafka.controller.KafkaController)
[2023-07-18 13:05:16,246] DEBUG [Controller id=1] Topics not in preferred replica for broker 1 HashMap() (kafka.controller.KafkaController)
[2023-07-18 13:05:16,246] TRACE [Controller id=1] Leader imbalance ratio for broker 1 is 0.0 (kafka.controller.KafkaController)
[2023-07-18 13:10:16,256] INFO [Controller id=1] Processing automatic preferred replica leader election (kafka.controller.KafkaController)
[2023-07-18 13:10:16,256] TRACE [Controller id=1] Checking need to trigger auto leader balancing (kafka.controller.KafkaController)
[2023-07-18 13:10:16,256] DEBUG [Controller id=1] Topics not in preferred replica for broker 1 HashMap() (kafka.controller.KafkaController)
[2023-07-18 13:10:16,256] TRACE [Controller id=1] Leader imbalance ratio for broker 1 is 0.0 (kafka.controller.KafkaController)
[2023-07-18 13:15:16,279] INFO [Controller id=1] Processing automatic preferred replica leader election (kafka.controller.KafkaController)
[2023-07-18 13:15:16,279] TRACE [Controller id=1] Checking need to trigger auto leader balancing (kafka.controller.KafkaController)
[2023-07-18 13:15:16,280] DEBUG [Controller id=1] Topics not in preferred replica for broker 1 HashMap() (kafka.controller.KafkaController)
[2023-07-18 13:15:16,280] TRACE [Controller id=1] Leader imbalance ratio for broker 1 is 0.0 (kafka.controller.KafkaController)
[2023-07-18 13:20:16,289] INFO [Controller id=1] Processing automatic preferred replica leader election (kafka.controller.KafkaController)
[2023-07-18 13:20:16,289] TRACE [Controller id=1] Checking need to trigger auto leader balancing (kafka.controller.KafkaController)
[2023-07-18 13:20:16,291] DEBUG [Controller id=1] Topics not in preferred replica for broker 1 HashMap() (kafka.controller.KafkaController)
[2023-07-18 13:20:16,291] TRACE [Controller id=1] Leader imbalance ratio for broker 1 is 0.0 (kafka.controller.KafkaController)
[2023-07-18 13:25:16,296] INFO [Controller id=1] Processing automatic preferred replica leader election (kafka.controller.KafkaController)
[2023-07-18 13:25:16,297] TRACE [Controller id=1] Checking need to trigger auto leader balancing (kafka.controller.KafkaController)
[2023-07-18 13:25:16,298] DEBUG [Controller id=1] Topics not in preferred replica for broker 1 HashMap() (kafka.controller.KafkaController)
[2023-07-18 13:25:16,299] TRACE [Controller id=1] Leader imbalance ratio for broker 1 is 0.0 (kafka.controller.KafkaController)
[2023-07-18 13:30:16,308] INFO [Controller id=1] Processing automatic preferred replica leader election (kafka.controller.KafkaController)
[2023-07-18 13:30:16,309] TRACE [Controller id=1] Checking need to trigger auto leader balancing (kafka.controller.KafkaController)
[2023-07-18 13:30:16,310] DEBUG [Controller id=1] Topics not in preferred replica for broker 1 HashMap() (kafka.controller.KafkaController)
[2023-07-18 13:30:16,310] TRACE [Controller id=1] Leader imbalance ratio for broker 1 is 0.0 (kafka.controller.KafkaController)
[2023-07-18 13:35:16,322] INFO [Controller id=1] Processing automatic preferred replica leader election (kafka.controller.KafkaController)
[2023-07-18 13:35:16,322] TRACE [Controller id=1] Checking need to trigger auto leader balancing (kafka.controller.KafkaController)
[2023-07-18 13:35:16,322] DEBUG [Controller id=1] Topics not in preferred replica for broker 1 HashMap() (kafka.controller.KafkaController)
[2023-07-18 13:35:16,322] TRACE [Controller id=1] Leader imbalance ratio for broker 1 is 0.0 (kafka.controller.KafkaController)
[2023-07-18 13:40:16,327] INFO [Controller id=1] Processing automatic preferred replica leader election (kafka.controller.KafkaController)
[2023-07-18 13:40:16,328] TRACE [Controller id=1] Checking need to trigger auto leader balancing (kafka.controller.KafkaController)
[2023-07-18 13:40:16,329] DEBUG [Controller id=1] Topics not in preferred replica for broker 1 HashMap() (kafka.controller.KafkaController)
[2023-07-18 13:40:16,330] TRACE [Controller id=1] Leader imbalance ratio for broker 1 is 0.0 (kafka.controller.KafkaController)
[2023-07-18 13:45:16,337] INFO [Controller id=1] Processing automatic preferred replica leader election (kafka.controller.KafkaController)
[2023-07-18 13:45:16,337] TRACE [Controller id=1] Checking need to trigger auto leader balancing (kafka.controller.KafkaController)
[2023-07-18 13:45:16,338] DEBUG [Controller id=1] Topics not in preferred replica for broker 1 HashMap() (kafka.controller.KafkaController)
[2023-07-18 13:45:16,338] TRACE [Controller id=1] Leader imbalance ratio for broker 1 is 0.0 (kafka.controller.KafkaController)
[2023-07-18 13:50:16,347] INFO [Controller id=1] Processing automatic preferred replica leader election (kafka.controller.KafkaController)
[2023-07-18 13:50:16,349] TRACE [Controller id=1] Checking need to trigger auto leader balancing (kafka.controller.KafkaController)
[2023-07-18 13:50:16,350] DEBUG [Controller id=1] Topics not in preferred replica for broker 1 HashMap() (kafka.controller.KafkaController)
[2023-07-18 13:50:16,350] TRACE [Controller id=1] Leader imbalance ratio for broker 1 is 0.0 (kafka.controller.KafkaController)
[2023-07-18 13:55:16,361] INFO [Controller id=1] Processing automatic preferred replica leader election (kafka.controller.KafkaController)
[2023-07-18 13:55:16,361] TRACE [Controller id=1] Checking need to trigger auto leader balancing (kafka.controller.KafkaController)
[2023-07-18 13:55:16,361] DEBUG [Controller id=1] Topics not in preferred replica for broker 1 HashMap() (kafka.controller.KafkaController)
[2023-07-18 13:55:16,361] TRACE [Controller id=1] Leader imbalance ratio for broker 1 is 0.0 (kafka.controller.KafkaController)
[2023-07-18 14:00:16,370] INFO [Controller id=1] Processing automatic preferred replica leader election (kafka.controller.KafkaController)
[2023-07-18 14:00:16,397] TRACE [Controller id=1] Checking need to trigger auto leader balancing (kafka.controller.KafkaController)
[2023-07-18 14:00:16,398] DEBUG [Controller id=1] Topics not in preferred replica for broker 1 HashMap() (kafka.controller.KafkaController)
[2023-07-18 14:00:16,398] TRACE [Controller id=1] Leader imbalance ratio for broker 1 is 0.0 (kafka.controller.KafkaController)
[2023-07-18 14:05:16,413] INFO [Controller id=1] Processing automatic preferred replica leader election (kafka.controller.KafkaController)
[2023-07-18 14:05:16,413] TRACE [Controller id=1] Checking need to trigger auto leader balancing (kafka.controller.KafkaController)
[2023-07-18 14:05:16,413] DEBUG [Controller id=1] Topics not in preferred replica for broker 1 HashMap() (kafka.controller.KafkaController)
[2023-07-18 14:05:16,413] TRACE [Controller id=1] Leader imbalance ratio for broker 1 is 0.0 (kafka.controller.KafkaController)
[2023-07-18 14:10:16,418] INFO [Controller id=1] Processing automatic preferred replica leader election (kafka.controller.KafkaController)
[2023-07-18 14:10:16,418] TRACE [Controller id=1] Checking need to trigger auto leader balancing (kafka.controller.KafkaController)
[2023-07-18 14:10:16,418] DEBUG [Controller id=1] Topics not in preferred replica for broker 1 HashMap() (kafka.controller.KafkaController)
[2023-07-18 14:10:16,418] TRACE [Controller id=1] Leader imbalance ratio for broker 1 is 0.0 (kafka.controller.KafkaController)
[2023-07-18 14:15:16,426] INFO [Controller id=1] Processing automatic preferred replica leader election (kafka.controller.KafkaController)
[2023-07-18 14:15:16,426] TRACE [Controller id=1] Checking need to trigger auto leader balancing (kafka.controller.KafkaController)
[2023-07-18 14:15:16,427] DEBUG [Controller id=1] Topics not in preferred replica for broker 1 HashMap() (kafka.controller.KafkaController)
[2023-07-18 14:15:16,427] TRACE [Controller id=1] Leader imbalance ratio for broker 1 is 0.0 (kafka.controller.KafkaController)
[2023-07-18 14:20:16,434] INFO [Controller id=1] Processing automatic preferred replica leader election (kafka.controller.KafkaController)
[2023-07-18 14:20:16,434] TRACE [Controller id=1] Checking need to trigger auto leader balancing (kafka.controller.KafkaController)
[2023-07-18 14:20:16,435] DEBUG [Controller id=1] Topics not in preferred replica for broker 1 HashMap() (kafka.controller.KafkaController)
[2023-07-18 14:20:16,435] TRACE [Controller id=1] Leader imbalance ratio for broker 1 is 0.0 (kafka.controller.KafkaController)
[2023-07-18 14:25:16,445] INFO [Controller id=1] Processing automatic preferred replica leader election (kafka.controller.KafkaController)
[2023-07-18 14:25:16,446] TRACE [Controller id=1] Checking need to trigger auto leader balancing (kafka.controller.KafkaController)
[2023-07-18 14:25:16,447] DEBUG [Controller id=1] Topics not in preferred replica for broker 1 HashMap() (kafka.controller.KafkaController)
[2023-07-18 14:25:16,447] TRACE [Controller id=1] Leader imbalance ratio for broker 1 is 0.0 (kafka.controller.KafkaController)
[2023-07-18 14:30:16,461] INFO [Controller id=1] Processing automatic preferred replica leader election (kafka.controller.KafkaController)
[2023-07-18 14:30:16,461] TRACE [Controller id=1] Checking need to trigger auto leader balancing (kafka.controller.KafkaController)
[2023-07-18 14:30:16,461] DEBUG [Controller id=1] Topics not in preferred replica for broker 1 HashMap() (kafka.controller.KafkaController)
[2023-07-18 14:30:16,462] TRACE [Controller id=1] Leader imbalance ratio for broker 1 is 0.0 (kafka.controller.KafkaController)
[2023-07-18 14:35:16,463] INFO [Controller id=1] Processing automatic preferred replica leader election (kafka.controller.KafkaController)
[2023-07-18 14:35:16,463] TRACE [Controller id=1] Checking need to trigger auto leader balancing (kafka.controller.KafkaController)
[2023-07-18 14:35:16,463] DEBUG [Controller id=1] Topics not in preferred replica for broker 1 HashMap() (kafka.controller.KafkaController)
[2023-07-18 14:35:16,463] TRACE [Controller id=1] Leader imbalance ratio for broker 1 is 0.0 (kafka.controller.KafkaController)
[2023-07-18 14:40:16,471] INFO [Controller id=1] Processing automatic preferred replica leader election (kafka.controller.KafkaController)
[2023-07-18 14:40:16,471] TRACE [Controller id=1] Checking need to trigger auto leader balancing (kafka.controller.KafkaController)
[2023-07-18 14:40:16,471] DEBUG [Controller id=1] Topics not in preferred replica for broker 1 HashMap() (kafka.controller.KafkaController)
[2023-07-18 14:40:16,471] TRACE [Controller id=1] Leader imbalance ratio for broker 1 is 0.0 (kafka.controller.KafkaController)
[2023-07-18 14:45:16,480] INFO [Controller id=1] Processing automatic preferred replica leader election (kafka.controller.KafkaController)
[2023-07-18 14:45:16,480] TRACE [Controller id=1] Checking need to trigger auto leader balancing (kafka.controller.KafkaController)
[2023-07-18 14:45:16,481] DEBUG [Controller id=1] Topics not in preferred replica for broker 1 HashMap() (kafka.controller.KafkaController)
[2023-07-18 14:45:16,481] TRACE [Controller id=1] Leader imbalance ratio for broker 1 is 0.0 (kafka.controller.KafkaController)
[2023-07-18 14:50:16,491] INFO [Controller id=1] Processing automatic preferred replica leader election (kafka.controller.KafkaController)
[2023-07-18 14:50:16,491] TRACE [Controller id=1] Checking need to trigger auto leader balancing (kafka.controller.KafkaController)
[2023-07-18 14:50:16,492] DEBUG [Controller id=1] Topics not in preferred replica for broker 1 HashMap() (kafka.controller.KafkaController)
[2023-07-18 14:50:16,492] TRACE [Controller id=1] Leader imbalance ratio for broker 1 is 0.0 (kafka.controller.KafkaController)
[2023-07-18 14:55:16,505] INFO [Controller id=1] Processing automatic preferred replica leader election (kafka.controller.KafkaController)
[2023-07-18 14:55:16,505] TRACE [Controller id=1] Checking need to trigger auto leader balancing (kafka.controller.KafkaController)
[2023-07-18 14:55:16,506] DEBUG [Controller id=1] Topics not in preferred replica for broker 1 HashMap() (kafka.controller.KafkaController)
[2023-07-18 14:55:16,506] TRACE [Controller id=1] Leader imbalance ratio for broker 1 is 0.0 (kafka.controller.KafkaController)
[2023-07-18 15:00:16,507] INFO [Controller id=1] Processing automatic preferred replica leader election (kafka.controller.KafkaController)
[2023-07-18 15:00:16,515] TRACE [Controller id=1] Checking need to trigger auto leader balancing (kafka.controller.KafkaController)
[2023-07-18 15:00:16,516] DEBUG [Controller id=1] Topics not in preferred replica for broker 1 HashMap() (kafka.controller.KafkaController)
[2023-07-18 15:00:16,516] TRACE [Controller id=1] Leader imbalance ratio for broker 1 is 0.0 (kafka.controller.KafkaController)
[2023-07-18 15:05:16,529] INFO [Controller id=1] Processing automatic preferred replica leader election (kafka.controller.KafkaController)
[2023-07-18 15:05:16,529] TRACE [Controller id=1] Checking need to trigger auto leader balancing (kafka.controller.KafkaController)
[2023-07-18 15:05:16,530] DEBUG [Controller id=1] Topics not in preferred replica for broker 1 HashMap() (kafka.controller.KafkaController)
[2023-07-18 15:05:16,531] TRACE [Controller id=1] Leader imbalance ratio for broker 1 is 0.0 (kafka.controller.KafkaController)
[2023-07-18 15:10:16,541] INFO [Controller id=1] Processing automatic preferred replica leader election (kafka.controller.KafkaController)
[2023-07-18 15:10:16,541] TRACE [Controller id=1] Checking need to trigger auto leader balancing (kafka.controller.KafkaController)
[2023-07-18 15:10:16,543] DEBUG [Controller id=1] Topics not in preferred replica for broker 1 HashMap() (kafka.controller.KafkaController)
[2023-07-18 15:10:16,544] TRACE [Controller id=1] Leader imbalance ratio for broker 1 is 0.0 (kafka.controller.KafkaController)
[2023-07-18 15:15:16,555] INFO [Controller id=1] Processing automatic preferred replica leader election (kafka.controller.KafkaController)
[2023-07-18 15:15:16,555] TRACE [Controller id=1] Checking need to trigger auto leader balancing (kafka.controller.KafkaController)
[2023-07-18 15:15:16,556] DEBUG [Controller id=1] Topics not in preferred replica for broker 1 HashMap() (kafka.controller.KafkaController)
[2023-07-18 15:15:16,556] TRACE [Controller id=1] Leader imbalance ratio for broker 1 is 0.0 (kafka.controller.KafkaController)
[2023-07-18 15:20:16,565] INFO [Controller id=1] Processing automatic preferred replica leader election (kafka.controller.KafkaController)
[2023-07-18 15:20:16,565] TRACE [Controller id=1] Checking need to trigger auto leader balancing (kafka.controller.KafkaController)
[2023-07-18 15:20:16,566] DEBUG [Controller id=1] Topics not in preferred replica for broker 1 HashMap() (kafka.controller.KafkaController)
[2023-07-18 15:20:16,566] TRACE [Controller id=1] Leader imbalance ratio for broker 1 is 0.0 (kafka.controller.KafkaController)
[2023-07-18 15:25:16,568] INFO [Controller id=1] Processing automatic preferred replica leader election (kafka.controller.KafkaController)
[2023-07-18 15:25:16,568] TRACE [Controller id=1] Checking need to trigger auto leader balancing (kafka.controller.KafkaController)
[2023-07-18 15:25:16,569] DEBUG [Controller id=1] Topics not in preferred replica for broker 1 HashMap() (kafka.controller.KafkaController)
[2023-07-18 15:25:16,569] TRACE [Controller id=1] Leader imbalance ratio for broker 1 is 0.0 (kafka.controller.KafkaController)
[2023-07-18 15:30:16,574] INFO [Controller id=1] Processing automatic preferred replica leader election (kafka.controller.KafkaController)
[2023-07-18 15:30:16,574] TRACE [Controller id=1] Checking need to trigger auto leader balancing (kafka.controller.KafkaController)
[2023-07-18 15:30:16,574] DEBUG [Controller id=1] Topics not in preferred replica for broker 1 HashMap() (kafka.controller.KafkaController)
[2023-07-18 15:30:16,574] TRACE [Controller id=1] Leader imbalance ratio for broker 1 is 0.0 (kafka.controller.KafkaController)
[2023-07-18 15:35:16,580] INFO [Controller id=1] Processing automatic preferred replica leader election (kafka.controller.KafkaController)
[2023-07-18 15:35:16,580] TRACE [Controller id=1] Checking need to trigger auto leader balancing (kafka.controller.KafkaController)
[2023-07-18 15:35:16,580] DEBUG [Controller id=1] Topics not in preferred replica for broker 1 HashMap() (kafka.controller.KafkaController)
[2023-07-18 15:35:16,580] TRACE [Controller id=1] Leader imbalance ratio for broker 1 is 0.0 (kafka.controller.KafkaController)
[2023-07-18 15:40:16,591] INFO [Controller id=1] Processing automatic preferred replica leader election (kafka.controller.KafkaController)
[2023-07-18 15:40:16,591] TRACE [Controller id=1] Checking need to trigger auto leader balancing (kafka.controller.KafkaController)
[2023-07-18 15:40:16,591] DEBUG [Controller id=1] Topics not in preferred replica for broker 1 HashMap() (kafka.controller.KafkaController)
[2023-07-18 15:40:16,591] TRACE [Controller id=1] Leader imbalance ratio for broker 1 is 0.0 (kafka.controller.KafkaController)
[2023-07-18 15:45:16,602] INFO [Controller id=1] Processing automatic preferred replica leader election (kafka.controller.KafkaController)
[2023-07-18 15:45:16,602] TRACE [Controller id=1] Checking need to trigger auto leader balancing (kafka.controller.KafkaController)
[2023-07-18 15:45:16,602] DEBUG [Controller id=1] Topics not in preferred replica for broker 1 HashMap() (kafka.controller.KafkaController)
[2023-07-18 15:45:16,602] TRACE [Controller id=1] Leader imbalance ratio for broker 1 is 0.0 (kafka.controller.KafkaController)
[2023-07-18 15:50:16,619] INFO [Controller id=1] Processing automatic preferred replica leader election (kafka.controller.KafkaController)
[2023-07-18 15:50:16,619] TRACE [Controller id=1] Checking need to trigger auto leader balancing (kafka.controller.KafkaController)
[2023-07-18 15:50:16,619] DEBUG [Controller id=1] Topics not in preferred replica for broker 1 HashMap() (kafka.controller.KafkaController)
[2023-07-18 15:50:16,619] TRACE [Controller id=1] Leader imbalance ratio for broker 1 is 0.0 (kafka.controller.KafkaController)
[2023-07-18 15:55:16,633] INFO [Controller id=1] Processing automatic preferred replica leader election (kafka.controller.KafkaController)
[2023-07-18 15:55:16,633] TRACE [Controller id=1] Checking need to trigger auto leader balancing (kafka.controller.KafkaController)
[2023-07-18 15:55:16,633] DEBUG [Controller id=1] Topics not in preferred replica for broker 1 HashMap() (kafka.controller.KafkaController)
[2023-07-18 15:55:16,633] TRACE [Controller id=1] Leader imbalance ratio for broker 1 is 0.0 (kafka.controller.KafkaController)
[2023-07-18 16:00:16,646] INFO [Controller id=1] Processing automatic preferred replica leader election (kafka.controller.KafkaController)
[2023-07-18 16:00:16,646] TRACE [Controller id=1] Checking need to trigger auto leader balancing (kafka.controller.KafkaController)
[2023-07-18 16:00:16,646] DEBUG [Controller id=1] Topics not in preferred replica for broker 1 HashMap() (kafka.controller.KafkaController)
[2023-07-18 16:00:16,646] TRACE [Controller id=1] Leader imbalance ratio for broker 1 is 0.0 (kafka.controller.KafkaController)
[2023-07-18 16:05:16,664] INFO [Controller id=1] Processing automatic preferred replica leader election (kafka.controller.KafkaController)
[2023-07-18 16:05:16,664] TRACE [Controller id=1] Checking need to trigger auto leader balancing (kafka.controller.KafkaController)
[2023-07-18 16:05:16,664] DEBUG [Controller id=1] Topics not in preferred replica for broker 1 HashMap() (kafka.controller.KafkaController)
[2023-07-18 16:05:16,664] TRACE [Controller id=1] Leader imbalance ratio for broker 1 is 0.0 (kafka.controller.KafkaController)
[2023-07-18 16:10:16,677] INFO [Controller id=1] Processing automatic preferred replica leader election (kafka.controller.KafkaController)
[2023-07-18 16:10:16,677] TRACE [Controller id=1] Checking need to trigger auto leader balancing (kafka.controller.KafkaController)
[2023-07-18 16:10:16,678] DEBUG [Controller id=1] Topics not in preferred replica for broker 1 HashMap() (kafka.controller.KafkaController)
[2023-07-18 16:10:16,678] TRACE [Controller id=1] Leader imbalance ratio for broker 1 is 0.0 (kafka.controller.KafkaController)
[2023-07-18 16:15:16,687] INFO [Controller id=1] Processing automatic preferred replica leader election (kafka.controller.KafkaController)
[2023-07-18 16:15:16,688] TRACE [Controller id=1] Checking need to trigger auto leader balancing (kafka.controller.KafkaController)
[2023-07-18 16:15:16,689] DEBUG [Controller id=1] Topics not in preferred replica for broker 1 HashMap() (kafka.controller.KafkaController)
[2023-07-18 16:15:16,690] TRACE [Controller id=1] Leader imbalance ratio for broker 1 is 0.0 (kafka.controller.KafkaController)
[2023-07-18 16:20:16,698] INFO [Controller id=1] Processing automatic preferred replica leader election (kafka.controller.KafkaController)
[2023-07-18 16:20:16,698] TRACE [Controller id=1] Checking need to trigger auto leader balancing (kafka.controller.KafkaController)
[2023-07-18 16:20:16,699] DEBUG [Controller id=1] Topics not in preferred replica for broker 1 HashMap() (kafka.controller.KafkaController)
[2023-07-18 16:20:16,699] TRACE [Controller id=1] Leader imbalance ratio for broker 1 is 0.0 (kafka.controller.KafkaController)
[2023-07-18 16:25:16,712] INFO [Controller id=1] Processing automatic preferred replica leader election (kafka.controller.KafkaController)
[2023-07-18 16:25:16,712] TRACE [Controller id=1] Checking need to trigger auto leader balancing (kafka.controller.KafkaController)
[2023-07-18 16:25:16,713] DEBUG [Controller id=1] Topics not in preferred replica for broker 1 HashMap() (kafka.controller.KafkaController)
[2023-07-18 16:25:16,713] TRACE [Controller id=1] Leader imbalance ratio for broker 1 is 0.0 (kafka.controller.KafkaController)
