[2023-07-05 20:28:26,795] INFO Starting the log cleaner (kafka.log.LogCleaner)
[2023-07-05 20:28:26,967] INFO [kafka-log-cleaner-thread-0]: Starting (kafka.log.LogCleaner)
[2023-07-05 20:36:41,760] INFO The cleaning for partition second_topic-0 is aborted and paused (kafka.log.LogCleaner)
[2023-07-05 20:36:41,760] INFO The cleaning for partition second_topic-0 is aborted (kafka.log.LogCleaner)
[2023-07-05 20:38:01,008] INFO Starting the log cleaner (kafka.log.LogCleaner)
[2023-07-05 20:38:01,140] INFO [kafka-log-cleaner-thread-0]: Starting (kafka.log.LogCleaner)
[2023-07-05 20:38:02,673] INFO The cleaning for partition second_topic-0 is aborted and paused (kafka.log.LogCleaner)
[2023-07-05 20:38:02,675] INFO The cleaning for partition second_topic-0 is aborted (kafka.log.LogCleaner)
[2023-07-05 20:41:03,559] INFO Starting the log cleaner (kafka.log.LogCleaner)
[2023-07-05 20:41:03,887] INFO [kafka-log-cleaner-thread-0]: Starting (kafka.log.LogCleaner)
[2023-07-05 20:41:05,450] INFO The cleaning for partition second_topic-0 is aborted and paused (kafka.log.LogCleaner)
[2023-07-05 20:41:05,450] INFO The cleaning for partition second_topic-0 is aborted (kafka.log.LogCleaner)
[2023-07-05 20:43:02,433] INFO Starting the log cleaner (kafka.log.LogCleaner)
[2023-07-05 20:43:02,636] INFO [kafka-log-cleaner-thread-0]: Starting (kafka.log.LogCleaner)
[2023-07-05 21:00:46,419] INFO Shutting down the log cleaner. (kafka.log.LogCleaner)
[2023-07-05 21:00:46,423] INFO [kafka-log-cleaner-thread-0]: Shutting down (kafka.log.LogCleaner)
[2023-07-05 21:00:46,424] INFO [kafka-log-cleaner-thread-0]: Stopped (kafka.log.LogCleaner)
[2023-07-05 21:00:46,424] INFO [kafka-log-cleaner-thread-0]: Shutdown completed (kafka.log.LogCleaner)
[2023-07-09 10:51:45,533] INFO Starting the log cleaner (kafka.log.LogCleaner)
[2023-07-09 10:51:45,721] INFO [kafka-log-cleaner-thread-0]: Starting (kafka.log.LogCleaner)
[2023-07-09 10:52:21,647] INFO Starting the log cleaner (kafka.log.LogCleaner)
[2023-07-09 10:52:21,805] INFO [kafka-log-cleaner-thread-0]: Starting (kafka.log.LogCleaner)
[2023-07-09 10:52:35,615] INFO Shutting down the log cleaner. (kafka.log.LogCleaner)
[2023-07-09 10:52:35,615] INFO [kafka-log-cleaner-thread-0]: Shutting down (kafka.log.LogCleaner)
[2023-07-09 10:52:35,615] INFO [kafka-log-cleaner-thread-0]: Stopped (kafka.log.LogCleaner)
[2023-07-09 10:52:35,615] INFO [kafka-log-cleaner-thread-0]: Shutdown completed (kafka.log.LogCleaner)
[2023-07-09 10:52:47,581] INFO Shutting down the log cleaner. (kafka.log.LogCleaner)
[2023-07-09 10:52:47,581] INFO [kafka-log-cleaner-thread-0]: Shutting down (kafka.log.LogCleaner)
[2023-07-09 10:52:47,581] INFO [kafka-log-cleaner-thread-0]: Stopped (kafka.log.LogCleaner)
[2023-07-09 10:52:47,581] INFO [kafka-log-cleaner-thread-0]: Shutdown completed (kafka.log.LogCleaner)
[2023-07-16 18:20:17,040] INFO Starting the log cleaner (kafka.log.LogCleaner)
[2023-07-16 18:20:17,227] INFO [kafka-log-cleaner-thread-0]: Starting (kafka.log.LogCleaner)
[2023-07-16 20:12:53,515] INFO Shutting down the log cleaner. (kafka.log.LogCleaner)
[2023-07-16 20:12:53,515] INFO [kafka-log-cleaner-thread-0]: Shutting down (kafka.log.LogCleaner)
[2023-07-16 20:12:53,531] INFO [kafka-log-cleaner-thread-0]: Stopped (kafka.log.LogCleaner)
[2023-07-16 20:12:53,531] INFO [kafka-log-cleaner-thread-0]: Shutdown completed (kafka.log.LogCleaner)
[2023-07-17 08:36:37,653] INFO Starting the log cleaner (kafka.log.LogCleaner)
[2023-07-17 08:36:37,856] INFO [kafka-log-cleaner-thread-0]: Starting (kafka.log.LogCleaner)
[2023-07-17 18:16:38,635] INFO Shutting down the log cleaner. (kafka.log.LogCleaner)
[2023-07-17 18:16:38,695] INFO [kafka-log-cleaner-thread-0]: Shutting down (kafka.log.LogCleaner)
[2023-07-17 18:16:38,696] INFO [kafka-log-cleaner-thread-0]: Stopped (kafka.log.LogCleaner)
[2023-07-17 18:16:38,696] INFO [kafka-log-cleaner-thread-0]: Shutdown completed (kafka.log.LogCleaner)
