[2023-07-09 10:51:12,045] INFO Reading configuration from: C:\PracticeJava\Kafka\binaries\kafka\config\zookeeper.properties (org.apache.zookeeper.server.quorum.QuorumPeerConfig)
[2023-07-09 10:51:12,076] INFO clientPortAddress is 0.0.0.0:2181 (org.apache.zookeeper.server.quorum.QuorumPeerConfig)
[2023-07-09 10:51:12,076] INFO secureClientPort is not set (org.apache.zookeeper.server.quorum.QuorumPeerConfig)
[2023-07-09 10:51:12,076] INFO autopurge.snapRetainCount set to 3 (org.apache.zookeeper.server.DatadirCleanupManager)
[2023-07-09 10:51:12,076] INFO autopurge.purgeInterval set to 0 (org.apache.zookeeper.server.DatadirCleanupManager)
[2023-07-09 10:51:12,076] INFO Purge task is not scheduled. (org.apache.zookeeper.server.DatadirCleanupManager)
[2023-07-09 10:51:12,076] WARN Either no config or no quorum defined in config, running  in standalone mode (org.apache.zookeeper.server.quorum.QuorumPeerMain)
[2023-07-09 10:51:12,076] INFO Log4j found with jmx enabled. (org.apache.zookeeper.jmx.ManagedUtil)
[2023-07-09 10:51:12,123] INFO Reading configuration from: C:\PracticeJava\Kafka\binaries\kafka\config\zookeeper.properties (org.apache.zookeeper.server.quorum.QuorumPeerConfig)
[2023-07-09 10:51:12,123] INFO clientPortAddress is 0.0.0.0:2181 (org.apache.zookeeper.server.quorum.QuorumPeerConfig)
[2023-07-09 10:51:12,123] INFO secureClientPort is not set (org.apache.zookeeper.server.quorum.QuorumPeerConfig)
[2023-07-09 10:51:12,123] INFO Starting server (org.apache.zookeeper.server.ZooKeeperServerMain)
[2023-07-09 10:51:12,139] INFO zookeeper.snapshot.trust.empty : false (org.apache.zookeeper.server.persistence.FileTxnSnapLog)
[2023-07-09 10:51:12,170] INFO Server environment:zookeeper.version=3.5.7-f0fdd52973d373ffd9c86b81d99842dc2c7f660e, built on 02/10/2020 11:30 GMT (org.apache.zookeeper.server.ZooKeeperServer)
[2023-07-09 10:51:12,170] INFO Server environment:host.name=DESKTOP-KOBU9QU (org.apache.zookeeper.server.ZooKeeperServer)
[2023-07-09 10:51:12,170] INFO Server environment:java.version=11.0.18 (org.apache.zookeeper.server.ZooKeeperServer)
[2023-07-09 10:51:12,170] INFO Server environment:java.vendor=Oracle Corporation (org.apache.zookeeper.server.ZooKeeperServer)
[2023-07-09 10:51:12,170] INFO Server environment:java.home=C:\PracticeJava\jdk-11.0.18 (org.apache.zookeeper.server.ZooKeeperServer)
[2023-07-09 10:51:12,170] INFO Server environment:java.class.path=C:\PracticeJava\Kafka\binaries\kafka\libs\activation-1.1.1.jar;C:\PracticeJava\Kafka\binaries\kafka\libs\aopalliance-repackaged-2.5.0.jar;C:\PracticeJava\Kafka\binaries\kafka\libs\argparse4j-0.7.0.jar;C:\PracticeJava\Kafka\binaries\kafka\libs\audience-annotations-0.5.0.jar;C:\PracticeJava\Kafka\binaries\kafka\libs\commons-cli-1.4.jar;C:\PracticeJava\Kafka\binaries\kafka\libs\commons-lang3-3.8.1.jar;C:\PracticeJava\Kafka\binaries\kafka\libs\connect-api-2.5.0.jar;C:\PracticeJava\Kafka\binaries\kafka\libs\connect-basic-auth-extension-2.5.0.jar;C:\PracticeJava\Kafka\binaries\kafka\libs\connect-file-2.5.0.jar;C:\PracticeJava\Kafka\binaries\kafka\libs\connect-json-2.5.0.jar;C:\PracticeJava\Kafka\binaries\kafka\libs\connect-mirror-2.5.0.jar;C:\PracticeJava\Kafka\binaries\kafka\libs\connect-mirror-client-2.5.0.jar;C:\PracticeJava\Kafka\binaries\kafka\libs\connect-runtime-2.5.0.jar;C:\PracticeJava\Kafka\binaries\kafka\libs\connect-transforms-2.5.0.jar;C:\PracticeJava\Kafka\binaries\kafka\libs\hk2-api-2.5.0.jar;C:\PracticeJava\Kafka\binaries\kafka\libs\hk2-locator-2.5.0.jar;C:\PracticeJava\Kafka\binaries\kafka\libs\hk2-utils-2.5.0.jar;C:\PracticeJava\Kafka\binaries\kafka\libs\jackson-annotations-2.10.2.jar;C:\PracticeJava\Kafka\binaries\kafka\libs\jackson-core-2.10.2.jar;C:\PracticeJava\Kafka\binaries\kafka\libs\jackson-databind-2.10.2.jar;C:\PracticeJava\Kafka\binaries\kafka\libs\jackson-dataformat-csv-2.10.2.jar;C:\PracticeJava\Kafka\binaries\kafka\libs\jackson-datatype-jdk8-2.10.2.jar;C:\PracticeJava\Kafka\binaries\kafka\libs\jackson-jaxrs-base-2.10.2.jar;C:\PracticeJava\Kafka\binaries\kafka\libs\jackson-jaxrs-json-provider-2.10.2.jar;C:\PracticeJava\Kafka\binaries\kafka\libs\jackson-module-jaxb-annotations-2.10.2.jar;C:\PracticeJava\Kafka\binaries\kafka\libs\jackson-module-paranamer-2.10.2.jar;C:\PracticeJava\Kafka\binaries\kafka\libs\jackson-module-scala_2.13-2.10.2.jar;C:\PracticeJava\Kafka\binaries\kafka\libs\jakarta.activation-api-1.2.1.jar;C:\PracticeJava\Kafka\binaries\kafka\libs\jakarta.annotation-api-1.3.4.jar;C:\PracticeJava\Kafka\binaries\kafka\libs\jakarta.inject-2.5.0.jar;C:\PracticeJava\Kafka\binaries\kafka\libs\jakarta.ws.rs-api-2.1.5.jar;C:\PracticeJava\Kafka\binaries\kafka\libs\jakarta.xml.bind-api-2.3.2.jar;C:\PracticeJava\Kafka\binaries\kafka\libs\javassist-3.22.0-CR2.jar;C:\PracticeJava\Kafka\binaries\kafka\libs\javassist-3.26.0-GA.jar;C:\PracticeJava\Kafka\binaries\kafka\libs\javax.servlet-api-3.1.0.jar;C:\PracticeJava\Kafka\binaries\kafka\libs\javax.ws.rs-api-2.1.1.jar;C:\PracticeJava\Kafka\binaries\kafka\libs\jaxb-api-2.3.0.jar;C:\PracticeJava\Kafka\binaries\kafka\libs\jersey-client-2.28.jar;C:\PracticeJava\Kafka\binaries\kafka\libs\jersey-common-2.28.jar;C:\PracticeJava\Kafka\binaries\kafka\libs\jersey-container-servlet-2.28.jar;C:\PracticeJava\Kafka\binaries\kafka\libs\jersey-container-servlet-core-2.28.jar;C:\PracticeJava\Kafka\binaries\kafka\libs\jersey-hk2-2.28.jar;C:\PracticeJava\Kafka\binaries\kafka\libs\jersey-media-jaxb-2.28.jar;C:\PracticeJava\Kafka\binaries\kafka\libs\jersey-server-2.28.jar;C:\PracticeJava\Kafka\binaries\kafka\libs\jetty-client-9.4.24.v20191120.jar;C:\PracticeJava\Kafka\binaries\kafka\libs\jetty-continuation-9.4.24.v20191120.jar;C:\PracticeJava\Kafka\binaries\kafka\libs\jetty-http-9.4.24.v20191120.jar;C:\PracticeJava\Kafka\binaries\kafka\libs\jetty-io-9.4.24.v20191120.jar;C:\PracticeJava\Kafka\binaries\kafka\libs\jetty-security-9.4.24.v20191120.jar;C:\PracticeJava\Kafka\binaries\kafka\libs\jetty-server-9.4.24.v20191120.jar;C:\PracticeJava\Kafka\binaries\kafka\libs\jetty-servlet-9.4.24.v20191120.jar;C:\PracticeJava\Kafka\binaries\kafka\libs\jetty-servlets-9.4.24.v20191120.jar;C:\PracticeJava\Kafka\binaries\kafka\libs\jetty-util-9.4.24.v20191120.jar;C:\PracticeJava\Kafka\binaries\kafka\libs\jopt-simple-5.0.4.jar;C:\PracticeJava\Kafka\binaries\kafka\libs\kafka-clients-2.5.0.jar;C:\PracticeJava\Kafka\binaries\kafka\libs\kafka-log4j-appender-2.5.0.jar;C:\PracticeJava\Kafka\binaries\kafka\libs\kafka-streams-2.5.0.jar;C:\PracticeJava\Kafka\binaries\kafka\libs\kafka-streams-examples-2.5.0.jar;C:\PracticeJava\Kafka\binaries\kafka\libs\kafka-streams-scala_2.13-2.5.0.jar;C:\PracticeJava\Kafka\binaries\kafka\libs\kafka-streams-test-utils-2.5.0.jar;C:\PracticeJava\Kafka\binaries\kafka\libs\kafka-tools-2.5.0.jar;C:\PracticeJava\Kafka\binaries\kafka\libs\kafka_2.13-2.5.0-javadoc.jar;C:\PracticeJava\Kafka\binaries\kafka\libs\kafka_2.13-2.5.0-javadoc.jar.asc;C:\PracticeJava\Kafka\binaries\kafka\libs\kafka_2.13-2.5.0-scaladoc.jar;C:\PracticeJava\Kafka\binaries\kafka\libs\kafka_2.13-2.5.0-scaladoc.jar.asc;C:\PracticeJava\Kafka\binaries\kafka\libs\kafka_2.13-2.5.0-sources.jar;C:\PracticeJava\Kafka\binaries\kafka\libs\kafka_2.13-2.5.0-sources.jar.asc;C:\PracticeJava\Kafka\binaries\kafka\libs\kafka_2.13-2.5.0-test-sources.jar;C:\PracticeJava\Kafka\binaries\kafka\libs\kafka_2.13-2.5.0-test-sources.jar.asc;C:\PracticeJava\Kafka\binaries\kafka\libs\kafka_2.13-2.5.0-test.jar;C:\PracticeJava\Kafka\binaries\kafka\libs\kafka_2.13-2.5.0-test.jar.asc;C:\PracticeJava\Kafka\binaries\kafka\libs\kafka_2.13-2.5.0.jar;C:\PracticeJava\Kafka\binaries\kafka\libs\kafka_2.13-2.5.0.jar.asc;C:\PracticeJava\Kafka\binaries\kafka\libs\log4j-1.2.17.jar;C:\PracticeJava\Kafka\binaries\kafka\libs\lz4-java-1.7.1.jar;C:\PracticeJava\Kafka\binaries\kafka\libs\maven-artifact-3.6.3.jar;C:\PracticeJava\Kafka\binaries\kafka\libs\metrics-core-2.2.0.jar;C:\PracticeJava\Kafka\binaries\kafka\libs\netty-buffer-4.1.45.Final.jar;C:\PracticeJava\Kafka\binaries\kafka\libs\netty-codec-4.1.45.Final.jar;C:\PracticeJava\Kafka\binaries\kafka\libs\netty-common-4.1.45.Final.jar;C:\PracticeJava\Kafka\binaries\kafka\libs\netty-handler-4.1.45.Final.jar;C:\PracticeJava\Kafka\binaries\kafka\libs\netty-resolver-4.1.45.Final.jar;C:\PracticeJava\Kafka\binaries\kafka\libs\netty-transport-4.1.45.Final.jar;C:\PracticeJava\Kafka\binaries\kafka\libs\netty-transport-native-epoll-4.1.45.Final.jar;C:\PracticeJava\Kafka\binaries\kafka\libs\netty-transport-native-unix-common-4.1.45.Final.jar;C:\PracticeJava\Kafka\binaries\kafka\libs\osgi-resource-locator-1.0.1.jar;C:\PracticeJava\Kafka\binaries\kafka\libs\paranamer-2.8.jar;C:\PracticeJava\Kafka\binaries\kafka\libs\plexus-utils-3.2.1.jar;C:\PracticeJava\Kafka\binaries\kafka\libs\reflections-0.9.12.jar;C:\PracticeJava\Kafka\binaries\kafka\libs\rocksdbjni-5.18.3.jar;C:\PracticeJava\Kafka\binaries\kafka\libs\scala-collection-compat_2.13-2.1.3.jar;C:\PracticeJava\Kafka\binaries\kafka\libs\scala-java8-compat_2.13-0.9.0.jar;C:\PracticeJava\Kafka\binaries\kafka\libs\scala-library-2.13.1.jar;C:\PracticeJava\Kafka\binaries\kafka\libs\scala-logging_2.13-3.9.2.jar;C:\PracticeJava\Kafka\binaries\kafka\libs\scala-reflect-2.13.1.jar;C:\PracticeJava\Kafka\binaries\kafka\libs\slf4j-api-1.7.30.jar;C:\PracticeJava\Kafka\binaries\kafka\libs\slf4j-log4j12-1.7.30.jar;C:\PracticeJava\Kafka\binaries\kafka\libs\snappy-java-1.1.7.3.jar;C:\PracticeJava\Kafka\binaries\kafka\libs\validation-api-2.0.1.Final.jar;C:\PracticeJava\Kafka\binaries\kafka\libs\zookeeper-3.5.7.jar;C:\PracticeJava\Kafka\binaries\kafka\libs\zookeeper-jute-3.5.7.jar;C:\PracticeJava\Kafka\binaries\kafka\libs\zstd-jni-1.4.4-7.jar (org.apache.zookeeper.server.ZooKeeperServer)
[2023-07-09 10:51:12,170] INFO Server environment:java.library.path=C:\PracticeJava\jdk-11.0.18\bin;C:\WINDOWS\Sun\Java\bin;C:\WINDOWS\system32;C:\WINDOWS;C:\WINDOWS\system32;C:\WINDOWS;C:\WINDOWS\System32\Wbem;C:\WINDOWS\System32\WindowsPowerShell\v1.0\;C:\WINDOWS\System32\OpenSSH\;%JAVA_HOME%\bin;C:\Program Files\Git\cmd;C:\Program Files\apache-maven-3.6.1\bin;C:\Program Files\TortoiseGit\bin;%MAVEN_HOME\bin;C:\Program Files\Notepad++;C:\Program Files\MongoDB\Server\4.2\bin;C:\Program Files (x86)\Groovy\bin;C:\Program Files\Perforce\;C:\Program Files (x86)\gradle-7.2\bin;C:\Program Files (x86)\Intel\Intel(R) Management Engine Components\DAL;C:\Program Files\Intel\Intel(R) Management Engine Components\DAL;C:\Windows\SysWOW64;C:\Program Files\dotnet\;C:\Program Files\Notepad++;C:\Users\sagar\AppData\Local\Programs\Microsoft VS Code Insiders\bin;C:\PracticeJava\jdk-11.0.18\bin;C:\Users\sagar\AppData\Local\GitHubDesktop\bin;C:\Users\sagar\AppData\Local\Microsoft\WindowsApps;C:\Windows\SysWOW64;;. (org.apache.zookeeper.server.ZooKeeperServer)
[2023-07-09 10:51:12,170] INFO Server environment:java.io.tmpdir=C:\Users\sagar\AppData\Local\Temp\ (org.apache.zookeeper.server.ZooKeeperServer)
[2023-07-09 10:51:12,186] INFO Server environment:java.compiler=<NA> (org.apache.zookeeper.server.ZooKeeperServer)
[2023-07-09 10:51:12,186] INFO Server environment:os.name=Windows 11 (org.apache.zookeeper.server.ZooKeeperServer)
[2023-07-09 10:51:12,186] INFO Server environment:os.arch=amd64 (org.apache.zookeeper.server.ZooKeeperServer)
[2023-07-09 10:51:12,186] INFO Server environment:os.version=10.0 (org.apache.zookeeper.server.ZooKeeperServer)
[2023-07-09 10:51:12,186] INFO Server environment:user.name=sagar (org.apache.zookeeper.server.ZooKeeperServer)
[2023-07-09 10:51:12,186] INFO Server environment:user.home=C:\Users\sagar (org.apache.zookeeper.server.ZooKeeperServer)
[2023-07-09 10:51:12,186] INFO Server environment:user.dir=C:\PracticeJava\Kafka\binaries\kafka\bin\windows (org.apache.zookeeper.server.ZooKeeperServer)
[2023-07-09 10:51:12,186] INFO Server environment:os.memory.free=493MB (org.apache.zookeeper.server.ZooKeeperServer)
[2023-07-09 10:51:12,186] INFO Server environment:os.memory.max=512MB (org.apache.zookeeper.server.ZooKeeperServer)
[2023-07-09 10:51:12,186] INFO Server environment:os.memory.total=512MB (org.apache.zookeeper.server.ZooKeeperServer)
[2023-07-09 10:51:12,186] INFO minSessionTimeout set to 6000 (org.apache.zookeeper.server.ZooKeeperServer)
[2023-07-09 10:51:12,186] INFO maxSessionTimeout set to 60000 (org.apache.zookeeper.server.ZooKeeperServer)
[2023-07-09 10:51:12,186] INFO Created server with tickTime 3000 minSessionTimeout 6000 maxSessionTimeout 60000 datadir C:\PracticeJava\Kafka\zookeeperlogs\version-2 snapdir C:\PracticeJava\Kafka\zookeeperlogs\version-2 (org.apache.zookeeper.server.ZooKeeperServer)
[2023-07-09 10:51:12,249] INFO Using org.apache.zookeeper.server.NIOServerCnxnFactory as server connection factory (org.apache.zookeeper.server.ServerCnxnFactory)
[2023-07-09 10:51:12,249] INFO Configuring NIO connection handler with 10s sessionless connection timeout, 2 selector thread(s), 16 worker threads, and 64 kB direct buffers. (org.apache.zookeeper.server.NIOServerCnxnFactory)
[2023-07-09 10:51:12,265] INFO binding to port 0.0.0.0/0.0.0.0:2181 (org.apache.zookeeper.server.NIOServerCnxnFactory)
[2023-07-09 10:51:12,296] INFO zookeeper.snapshotSizeFactor = 0.33 (org.apache.zookeeper.server.ZKDatabase)
[2023-07-09 10:51:12,312] INFO Reading snapshot C:\PracticeJava\Kafka\zookeeperlogs\version-2\snapshot.0 (org.apache.zookeeper.server.persistence.FileSnap)
[2023-07-09 10:51:12,312] INFO Snapshotting: 0x0 to C:\PracticeJava\Kafka\zookeeperlogs\version-2\snapshot.0 (org.apache.zookeeper.server.persistence.FileTxnSnapLog)
[2023-07-09 10:51:12,359] INFO Using checkIntervalMs=60000 maxPerMinute=10000 (org.apache.zookeeper.server.ContainerManager)
[2023-07-09 10:51:43,698] INFO Registered kafka:type=kafka.Log4jController MBean (kafka.utils.Log4jControllerRegistration$)
[2023-07-09 10:51:44,316] INFO Setting -D jdk.tls.rejectClientInitiatedRenegotiation=true to disable client-initiated TLS renegotiation (org.apache.zookeeper.common.X509Util)
[2023-07-09 10:51:44,418] INFO starting (kafka.server.KafkaServer)
[2023-07-09 10:51:44,420] INFO Connecting to zookeeper on localhost:2181 (kafka.server.KafkaServer)
[2023-07-09 10:51:44,493] INFO [ZooKeeperClient Kafka server] Initializing a new session to localhost:2181. (kafka.zookeeper.ZooKeeperClient)
[2023-07-09 10:51:44,514] INFO Client environment:zookeeper.version=3.5.7-f0fdd52973d373ffd9c86b81d99842dc2c7f660e, built on 02/10/2020 11:30 GMT (org.apache.zookeeper.ZooKeeper)
[2023-07-09 10:51:44,515] INFO Client environment:host.name=DESKTOP-KOBU9QU (org.apache.zookeeper.ZooKeeper)
[2023-07-09 10:51:44,515] INFO Client environment:java.version=11.0.18 (org.apache.zookeeper.ZooKeeper)
[2023-07-09 10:51:44,515] INFO Client environment:java.vendor=Oracle Corporation (org.apache.zookeeper.ZooKeeper)
[2023-07-09 10:51:44,516] INFO Client environment:java.home=C:\PracticeJava\jdk-11.0.18 (org.apache.zookeeper.ZooKeeper)
[2023-07-09 10:51:44,516] INFO Client environment:java.class.path=C:\PracticeJava\Kafka\binaries\kafka\libs\activation-1.1.1.jar;C:\PracticeJava\Kafka\binaries\kafka\libs\aopalliance-repackaged-2.5.0.jar;C:\PracticeJava\Kafka\binaries\kafka\libs\argparse4j-0.7.0.jar;C:\PracticeJava\Kafka\binaries\kafka\libs\audience-annotations-0.5.0.jar;C:\PracticeJava\Kafka\binaries\kafka\libs\commons-cli-1.4.jar;C:\PracticeJava\Kafka\binaries\kafka\libs\commons-lang3-3.8.1.jar;C:\PracticeJava\Kafka\binaries\kafka\libs\connect-api-2.5.0.jar;C:\PracticeJava\Kafka\binaries\kafka\libs\connect-basic-auth-extension-2.5.0.jar;C:\PracticeJava\Kafka\binaries\kafka\libs\connect-file-2.5.0.jar;C:\PracticeJava\Kafka\binaries\kafka\libs\connect-json-2.5.0.jar;C:\PracticeJava\Kafka\binaries\kafka\libs\connect-mirror-2.5.0.jar;C:\PracticeJava\Kafka\binaries\kafka\libs\connect-mirror-client-2.5.0.jar;C:\PracticeJava\Kafka\binaries\kafka\libs\connect-runtime-2.5.0.jar;C:\PracticeJava\Kafka\binaries\kafka\libs\connect-transforms-2.5.0.jar;C:\PracticeJava\Kafka\binaries\kafka\libs\hk2-api-2.5.0.jar;C:\PracticeJava\Kafka\binaries\kafka\libs\hk2-locator-2.5.0.jar;C:\PracticeJava\Kafka\binaries\kafka\libs\hk2-utils-2.5.0.jar;C:\PracticeJava\Kafka\binaries\kafka\libs\jackson-annotations-2.10.2.jar;C:\PracticeJava\Kafka\binaries\kafka\libs\jackson-core-2.10.2.jar;C:\PracticeJava\Kafka\binaries\kafka\libs\jackson-databind-2.10.2.jar;C:\PracticeJava\Kafka\binaries\kafka\libs\jackson-dataformat-csv-2.10.2.jar;C:\PracticeJava\Kafka\binaries\kafka\libs\jackson-datatype-jdk8-2.10.2.jar;C:\PracticeJava\Kafka\binaries\kafka\libs\jackson-jaxrs-base-2.10.2.jar;C:\PracticeJava\Kafka\binaries\kafka\libs\jackson-jaxrs-json-provider-2.10.2.jar;C:\PracticeJava\Kafka\binaries\kafka\libs\jackson-module-jaxb-annotations-2.10.2.jar;C:\PracticeJava\Kafka\binaries\kafka\libs\jackson-module-paranamer-2.10.2.jar;C:\PracticeJava\Kafka\binaries\kafka\libs\jackson-module-scala_2.13-2.10.2.jar;C:\PracticeJava\Kafka\binaries\kafka\libs\jakarta.activation-api-1.2.1.jar;C:\PracticeJava\Kafka\binaries\kafka\libs\jakarta.annotation-api-1.3.4.jar;C:\PracticeJava\Kafka\binaries\kafka\libs\jakarta.inject-2.5.0.jar;C:\PracticeJava\Kafka\binaries\kafka\libs\jakarta.ws.rs-api-2.1.5.jar;C:\PracticeJava\Kafka\binaries\kafka\libs\jakarta.xml.bind-api-2.3.2.jar;C:\PracticeJava\Kafka\binaries\kafka\libs\javassist-3.22.0-CR2.jar;C:\PracticeJava\Kafka\binaries\kafka\libs\javassist-3.26.0-GA.jar;C:\PracticeJava\Kafka\binaries\kafka\libs\javax.servlet-api-3.1.0.jar;C:\PracticeJava\Kafka\binaries\kafka\libs\javax.ws.rs-api-2.1.1.jar;C:\PracticeJava\Kafka\binaries\kafka\libs\jaxb-api-2.3.0.jar;C:\PracticeJava\Kafka\binaries\kafka\libs\jersey-client-2.28.jar;C:\PracticeJava\Kafka\binaries\kafka\libs\jersey-common-2.28.jar;C:\PracticeJava\Kafka\binaries\kafka\libs\jersey-container-servlet-2.28.jar;C:\PracticeJava\Kafka\binaries\kafka\libs\jersey-container-servlet-core-2.28.jar;C:\PracticeJava\Kafka\binaries\kafka\libs\jersey-hk2-2.28.jar;C:\PracticeJava\Kafka\binaries\kafka\libs\jersey-media-jaxb-2.28.jar;C:\PracticeJava\Kafka\binaries\kafka\libs\jersey-server-2.28.jar;C:\PracticeJava\Kafka\binaries\kafka\libs\jetty-client-9.4.24.v20191120.jar;C:\PracticeJava\Kafka\binaries\kafka\libs\jetty-continuation-9.4.24.v20191120.jar;C:\PracticeJava\Kafka\binaries\kafka\libs\jetty-http-9.4.24.v20191120.jar;C:\PracticeJava\Kafka\binaries\kafka\libs\jetty-io-9.4.24.v20191120.jar;C:\PracticeJava\Kafka\binaries\kafka\libs\jetty-security-9.4.24.v20191120.jar;C:\PracticeJava\Kafka\binaries\kafka\libs\jetty-server-9.4.24.v20191120.jar;C:\PracticeJava\Kafka\binaries\kafka\libs\jetty-servlet-9.4.24.v20191120.jar;C:\PracticeJava\Kafka\binaries\kafka\libs\jetty-servlets-9.4.24.v20191120.jar;C:\PracticeJava\Kafka\binaries\kafka\libs\jetty-util-9.4.24.v20191120.jar;C:\PracticeJava\Kafka\binaries\kafka\libs\jopt-simple-5.0.4.jar;C:\PracticeJava\Kafka\binaries\kafka\libs\kafka-clients-2.5.0.jar;C:\PracticeJava\Kafka\binaries\kafka\libs\kafka-log4j-appender-2.5.0.jar;C:\PracticeJava\Kafka\binaries\kafka\libs\kafka-streams-2.5.0.jar;C:\PracticeJava\Kafka\binaries\kafka\libs\kafka-streams-examples-2.5.0.jar;C:\PracticeJava\Kafka\binaries\kafka\libs\kafka-streams-scala_2.13-2.5.0.jar;C:\PracticeJava\Kafka\binaries\kafka\libs\kafka-streams-test-utils-2.5.0.jar;C:\PracticeJava\Kafka\binaries\kafka\libs\kafka-tools-2.5.0.jar;C:\PracticeJava\Kafka\binaries\kafka\libs\kafka_2.13-2.5.0-javadoc.jar;C:\PracticeJava\Kafka\binaries\kafka\libs\kafka_2.13-2.5.0-javadoc.jar.asc;C:\PracticeJava\Kafka\binaries\kafka\libs\kafka_2.13-2.5.0-scaladoc.jar;C:\PracticeJava\Kafka\binaries\kafka\libs\kafka_2.13-2.5.0-scaladoc.jar.asc;C:\PracticeJava\Kafka\binaries\kafka\libs\kafka_2.13-2.5.0-sources.jar;C:\PracticeJava\Kafka\binaries\kafka\libs\kafka_2.13-2.5.0-sources.jar.asc;C:\PracticeJava\Kafka\binaries\kafka\libs\kafka_2.13-2.5.0-test-sources.jar;C:\PracticeJava\Kafka\binaries\kafka\libs\kafka_2.13-2.5.0-test-sources.jar.asc;C:\PracticeJava\Kafka\binaries\kafka\libs\kafka_2.13-2.5.0-test.jar;C:\PracticeJava\Kafka\binaries\kafka\libs\kafka_2.13-2.5.0-test.jar.asc;C:\PracticeJava\Kafka\binaries\kafka\libs\kafka_2.13-2.5.0.jar;C:\PracticeJava\Kafka\binaries\kafka\libs\kafka_2.13-2.5.0.jar.asc;C:\PracticeJava\Kafka\binaries\kafka\libs\log4j-1.2.17.jar;C:\PracticeJava\Kafka\binaries\kafka\libs\lz4-java-1.7.1.jar;C:\PracticeJava\Kafka\binaries\kafka\libs\maven-artifact-3.6.3.jar;C:\PracticeJava\Kafka\binaries\kafka\libs\metrics-core-2.2.0.jar;C:\PracticeJava\Kafka\binaries\kafka\libs\netty-buffer-4.1.45.Final.jar;C:\PracticeJava\Kafka\binaries\kafka\libs\netty-codec-4.1.45.Final.jar;C:\PracticeJava\Kafka\binaries\kafka\libs\netty-common-4.1.45.Final.jar;C:\PracticeJava\Kafka\binaries\kafka\libs\netty-handler-4.1.45.Final.jar;C:\PracticeJava\Kafka\binaries\kafka\libs\netty-resolver-4.1.45.Final.jar;C:\PracticeJava\Kafka\binaries\kafka\libs\netty-transport-4.1.45.Final.jar;C:\PracticeJava\Kafka\binaries\kafka\libs\netty-transport-native-epoll-4.1.45.Final.jar;C:\PracticeJava\Kafka\binaries\kafka\libs\netty-transport-native-unix-common-4.1.45.Final.jar;C:\PracticeJava\Kafka\binaries\kafka\libs\osgi-resource-locator-1.0.1.jar;C:\PracticeJava\Kafka\binaries\kafka\libs\paranamer-2.8.jar;C:\PracticeJava\Kafka\binaries\kafka\libs\plexus-utils-3.2.1.jar;C:\PracticeJava\Kafka\binaries\kafka\libs\reflections-0.9.12.jar;C:\PracticeJava\Kafka\binaries\kafka\libs\rocksdbjni-5.18.3.jar;C:\PracticeJava\Kafka\binaries\kafka\libs\scala-collection-compat_2.13-2.1.3.jar;C:\PracticeJava\Kafka\binaries\kafka\libs\scala-java8-compat_2.13-0.9.0.jar;C:\PracticeJava\Kafka\binaries\kafka\libs\scala-library-2.13.1.jar;C:\PracticeJava\Kafka\binaries\kafka\libs\scala-logging_2.13-3.9.2.jar;C:\PracticeJava\Kafka\binaries\kafka\libs\scala-reflect-2.13.1.jar;C:\PracticeJava\Kafka\binaries\kafka\libs\slf4j-api-1.7.30.jar;C:\PracticeJava\Kafka\binaries\kafka\libs\slf4j-log4j12-1.7.30.jar;C:\PracticeJava\Kafka\binaries\kafka\libs\snappy-java-1.1.7.3.jar;C:\PracticeJava\Kafka\binaries\kafka\libs\validation-api-2.0.1.Final.jar;C:\PracticeJava\Kafka\binaries\kafka\libs\zookeeper-3.5.7.jar;C:\PracticeJava\Kafka\binaries\kafka\libs\zookeeper-jute-3.5.7.jar;C:\PracticeJava\Kafka\binaries\kafka\libs\zstd-jni-1.4.4-7.jar (org.apache.zookeeper.ZooKeeper)
[2023-07-09 10:51:44,521] INFO Client environment:java.library.path=C:\PracticeJava\jdk-11.0.18\bin;C:\WINDOWS\Sun\Java\bin;C:\WINDOWS\system32;C:\WINDOWS;C:\WINDOWS\system32;C:\WINDOWS;C:\WINDOWS\System32\Wbem;C:\WINDOWS\System32\WindowsPowerShell\v1.0\;C:\WINDOWS\System32\OpenSSH\;%JAVA_HOME%\bin;C:\Program Files\Git\cmd;C:\Program Files\apache-maven-3.6.1\bin;C:\Program Files\TortoiseGit\bin;%MAVEN_HOME\bin;C:\Program Files\Notepad++;C:\Program Files\MongoDB\Server\4.2\bin;C:\Program Files (x86)\Groovy\bin;C:\Program Files\Perforce\;C:\Program Files (x86)\gradle-7.2\bin;C:\Program Files (x86)\Intel\Intel(R) Management Engine Components\DAL;C:\Program Files\Intel\Intel(R) Management Engine Components\DAL;C:\Windows\SysWOW64;C:\Program Files\dotnet\;C:\Program Files\Notepad++;C:\Users\sagar\AppData\Local\Programs\Microsoft VS Code Insiders\bin;C:\PracticeJava\jdk-11.0.18\bin;C:\Users\sagar\AppData\Local\GitHubDesktop\bin;C:\Users\sagar\AppData\Local\Microsoft\WindowsApps;C:\Windows\SysWOW64;;. (org.apache.zookeeper.ZooKeeper)
[2023-07-09 10:51:44,522] INFO Client environment:java.io.tmpdir=C:\Users\sagar\AppData\Local\Temp\ (org.apache.zookeeper.ZooKeeper)
[2023-07-09 10:51:44,522] INFO Client environment:java.compiler=<NA> (org.apache.zookeeper.ZooKeeper)
[2023-07-09 10:51:44,523] INFO Client environment:os.name=Windows 11 (org.apache.zookeeper.ZooKeeper)
[2023-07-09 10:51:44,523] INFO Client environment:os.arch=amd64 (org.apache.zookeeper.ZooKeeper)
[2023-07-09 10:51:44,523] INFO Client environment:os.version=10.0 (org.apache.zookeeper.ZooKeeper)
[2023-07-09 10:51:44,524] INFO Client environment:user.name=sagar (org.apache.zookeeper.ZooKeeper)
[2023-07-09 10:51:44,524] INFO Client environment:user.home=C:\Users\sagar (org.apache.zookeeper.ZooKeeper)
[2023-07-09 10:51:44,524] INFO Client environment:user.dir=C:\PracticeJava\Kafka\binaries\kafka\bin\windows (org.apache.zookeeper.ZooKeeper)
[2023-07-09 10:51:44,525] INFO Client environment:os.memory.free=1015MB (org.apache.zookeeper.ZooKeeper)
[2023-07-09 10:51:44,525] INFO Client environment:os.memory.max=1024MB (org.apache.zookeeper.ZooKeeper)
[2023-07-09 10:51:44,525] INFO Client environment:os.memory.total=1024MB (org.apache.zookeeper.ZooKeeper)
[2023-07-09 10:51:44,529] INFO Initiating client connection, connectString=localhost:2181 sessionTimeout=18000 watcher=kafka.zookeeper.ZooKeeperClient$ZooKeeperClientWatcher$@5adb0db3 (org.apache.zookeeper.ZooKeeper)
[2023-07-09 10:51:44,553] INFO jute.maxbuffer value is 4194304 Bytes (org.apache.zookeeper.ClientCnxnSocket)
[2023-07-09 10:51:44,571] INFO zookeeper.request.timeout value is 0. feature enabled= (org.apache.zookeeper.ClientCnxn)
[2023-07-09 10:51:44,580] INFO [ZooKeeperClient Kafka server] Waiting until connected. (kafka.zookeeper.ZooKeeperClient)
[2023-07-09 10:51:44,597] INFO Opening socket connection to server localhost/0:0:0:0:0:0:0:1:2181. Will not attempt to authenticate using SASL (unknown error) (org.apache.zookeeper.ClientCnxn)
[2023-07-09 10:51:44,605] INFO Socket connection established, initiating session, client: /0:0:0:0:0:0:0:1:50393, server: localhost/0:0:0:0:0:0:0:1:2181 (org.apache.zookeeper.ClientCnxn)
[2023-07-09 10:51:44,650] INFO Creating new log file: log.1 (org.apache.zookeeper.server.persistence.FileTxnLog)
[2023-07-09 10:51:44,678] INFO Session establishment complete on server localhost/0:0:0:0:0:0:0:1:2181, sessionid = 0x1007ba90f440000, negotiated timeout = 18000 (org.apache.zookeeper.ClientCnxn)
[2023-07-09 10:51:44,683] INFO [ZooKeeperClient Kafka server] Connected. (kafka.zookeeper.ZooKeeperClient)
[2023-07-09 10:51:45,191] INFO Cluster ID = DX5lAsjQTsqEsGCyw5f5lA (kafka.server.KafkaServer)
[2023-07-09 10:51:45,204] WARN No meta.properties file under dir C:\PracticeJava\Kafka\kafka-logs\meta.properties (kafka.server.BrokerMetadataCheckpoint)
[2023-07-09 10:51:45,291] INFO KafkaConfig values: 
	advertised.host.name = null
	advertised.listeners = null
	advertised.port = null
	alter.config.policy.class.name = null
	alter.log.dirs.replication.quota.window.num = 11
	alter.log.dirs.replication.quota.window.size.seconds = 1
	authorizer.class.name = 
	auto.create.topics.enable = true
	auto.leader.rebalance.enable = true
	background.threads = 10
	broker.id = 1
	broker.id.generation.enable = true
	broker.rack = null
	client.quota.callback.class = null
	compression.type = producer
	connection.failed.authentication.delay.ms = 100
	connections.max.idle.ms = 600000
	connections.max.reauth.ms = 0
	control.plane.listener.name = null
	controlled.shutdown.enable = true
	controlled.shutdown.max.retries = 3
	controlled.shutdown.retry.backoff.ms = 5000
	controller.socket.timeout.ms = 30000
	create.topic.policy.class.name = null
	default.replication.factor = 1
	delegation.token.expiry.check.interval.ms = 3600000
	delegation.token.expiry.time.ms = 86400000
	delegation.token.master.key = null
	delegation.token.max.lifetime.ms = 604800000
	delete.records.purgatory.purge.interval.requests = 1
	delete.topic.enable = true
	fetch.max.bytes = 57671680
	fetch.purgatory.purge.interval.requests = 1000
	group.initial.rebalance.delay.ms = 0
	group.max.session.timeout.ms = 1800000
	group.max.size = 2147483647
	group.min.session.timeout.ms = 6000
	host.name = 
	inter.broker.listener.name = null
	inter.broker.protocol.version = 2.5-IV0
	kafka.metrics.polling.interval.secs = 10
	kafka.metrics.reporters = []
	leader.imbalance.check.interval.seconds = 300
	leader.imbalance.per.broker.percentage = 10
	listener.security.protocol.map = PLAINTEXT:PLAINTEXT,SSL:SSL,SASL_PLAINTEXT:SASL_PLAINTEXT,SASL_SSL:SASL_SSL
	listeners = PLAINTEXT://localhost:9092
	log.cleaner.backoff.ms = 15000
	log.cleaner.dedupe.buffer.size = 134217728
	log.cleaner.delete.retention.ms = 86400000
	log.cleaner.enable = true
	log.cleaner.io.buffer.load.factor = 0.9
	log.cleaner.io.buffer.size = 524288
	log.cleaner.io.max.bytes.per.second = 1.7976931348623157E308
	log.cleaner.max.compaction.lag.ms = 9223372036854775807
	log.cleaner.min.cleanable.ratio = 0.5
	log.cleaner.min.compaction.lag.ms = 0
	log.cleaner.threads = 1
	log.cleanup.policy = [delete]
	log.dir = /tmp/kafka-logs
	log.dirs = C:/PracticeJava/Kafka/kafka-logs
	log.flush.interval.messages = 9223372036854775807
	log.flush.interval.ms = null
	log.flush.offset.checkpoint.interval.ms = 60000
	log.flush.scheduler.interval.ms = 9223372036854775807
	log.flush.start.offset.checkpoint.interval.ms = 60000
	log.index.interval.bytes = 4096
	log.index.size.max.bytes = 10485760
	log.message.downconversion.enable = true
	log.message.format.version = 2.5-IV0
	log.message.timestamp.difference.max.ms = 9223372036854775807
	log.message.timestamp.type = CreateTime
	log.preallocate = false
	log.retention.bytes = -1
	log.retention.check.interval.ms = 300000
	log.retention.hours = 168
	log.retention.minutes = null
	log.retention.ms = null
	log.roll.hours = 168
	log.roll.jitter.hours = 0
	log.roll.jitter.ms = null
	log.roll.ms = null
	log.segment.bytes = 1073741824
	log.segment.delete.delay.ms = 60000
	max.connections = 2147483647
	max.connections.per.ip = 2147483647
	max.connections.per.ip.overrides = 
	max.incremental.fetch.session.cache.slots = 1000
	message.max.bytes = 1048588
	metric.reporters = []
	metrics.num.samples = 2
	metrics.recording.level = INFO
	metrics.sample.window.ms = 30000
	min.insync.replicas = 1
	num.io.threads = 8
	num.network.threads = 3
	num.partitions = 1
	num.recovery.threads.per.data.dir = 1
	num.replica.alter.log.dirs.threads = null
	num.replica.fetchers = 1
	offset.metadata.max.bytes = 4096
	offsets.commit.required.acks = -1
	offsets.commit.timeout.ms = 5000
	offsets.load.buffer.size = 5242880
	offsets.retention.check.interval.ms = 600000
	offsets.retention.minutes = 10080
	offsets.topic.compression.codec = 0
	offsets.topic.num.partitions = 50
	offsets.topic.replication.factor = 1
	offsets.topic.segment.bytes = 104857600
	password.encoder.cipher.algorithm = AES/CBC/PKCS5Padding
	password.encoder.iterations = 4096
	password.encoder.key.length = 128
	password.encoder.keyfactory.algorithm = null
	password.encoder.old.secret = null
	password.encoder.secret = null
	port = 9092
	principal.builder.class = null
	producer.purgatory.purge.interval.requests = 1000
	queued.max.request.bytes = -1
	queued.max.requests = 500
	quota.consumer.default = 9223372036854775807
	quota.producer.default = 9223372036854775807
	quota.window.num = 11
	quota.window.size.seconds = 1
	replica.fetch.backoff.ms = 1000
	replica.fetch.max.bytes = 1048576
	replica.fetch.min.bytes = 1
	replica.fetch.response.max.bytes = 10485760
	replica.fetch.wait.max.ms = 500
	replica.high.watermark.checkpoint.interval.ms = 5000
	replica.lag.time.max.ms = 30000
	replica.selector.class = null
	replica.socket.receive.buffer.bytes = 65536
	replica.socket.timeout.ms = 30000
	replication.quota.window.num = 11
	replication.quota.window.size.seconds = 1
	request.timeout.ms = 30000
	reserved.broker.max.id = 1000
	sasl.client.callback.handler.class = null
	sasl.enabled.mechanisms = [GSSAPI]
	sasl.jaas.config = null
	sasl.kerberos.kinit.cmd = /usr/bin/kinit
	sasl.kerberos.min.time.before.relogin = 60000
	sasl.kerberos.principal.to.local.rules = [DEFAULT]
	sasl.kerberos.service.name = null
	sasl.kerberos.ticket.renew.jitter = 0.05
	sasl.kerberos.ticket.renew.window.factor = 0.8
	sasl.login.callback.handler.class = null
	sasl.login.class = null
	sasl.login.refresh.buffer.seconds = 300
	sasl.login.refresh.min.period.seconds = 60
	sasl.login.refresh.window.factor = 0.8
	sasl.login.refresh.window.jitter = 0.05
	sasl.mechanism.inter.broker.protocol = GSSAPI
	sasl.server.callback.handler.class = null
	security.inter.broker.protocol = PLAINTEXT
	security.providers = null
	socket.receive.buffer.bytes = 102400
	socket.request.max.bytes = 104857600
	socket.send.buffer.bytes = 102400
	ssl.cipher.suites = []
	ssl.client.auth = none
	ssl.enabled.protocols = [TLSv1.2]
	ssl.endpoint.identification.algorithm = https
	ssl.key.password = null
	ssl.keymanager.algorithm = SunX509
	ssl.keystore.location = null
	ssl.keystore.password = null
	ssl.keystore.type = JKS
	ssl.principal.mapping.rules = DEFAULT
	ssl.protocol = TLSv1.2
	ssl.provider = null
	ssl.secure.random.implementation = null
	ssl.trustmanager.algorithm = PKIX
	ssl.truststore.location = null
	ssl.truststore.password = null
	ssl.truststore.type = JKS
	transaction.abort.timed.out.transaction.cleanup.interval.ms = 10000
	transaction.max.timeout.ms = 900000
	transaction.remove.expired.transaction.cleanup.interval.ms = 3600000
	transaction.state.log.load.buffer.size = 5242880
	transaction.state.log.min.isr = 1
	transaction.state.log.num.partitions = 50
	transaction.state.log.replication.factor = 1
	transaction.state.log.segment.bytes = 104857600
	transactional.id.expiration.ms = 604800000
	unclean.leader.election.enable = false
	zookeeper.clientCnxnSocket = null
	zookeeper.connect = localhost:2181
	zookeeper.connection.timeout.ms = 18000
	zookeeper.max.in.flight.requests = 10
	zookeeper.session.timeout.ms = 18000
	zookeeper.set.acl = false
	zookeeper.ssl.cipher.suites = null
	zookeeper.ssl.client.enable = false
	zookeeper.ssl.crl.enable = false
	zookeeper.ssl.enabled.protocols = null
	zookeeper.ssl.endpoint.identification.algorithm = HTTPS
	zookeeper.ssl.keystore.location = null
	zookeeper.ssl.keystore.password = null
	zookeeper.ssl.keystore.type = null
	zookeeper.ssl.ocsp.enable = false
	zookeeper.ssl.protocol = TLSv1.2
	zookeeper.ssl.truststore.location = null
	zookeeper.ssl.truststore.password = null
	zookeeper.ssl.truststore.type = null
	zookeeper.sync.time.ms = 2000
 (kafka.server.KafkaConfig)
[2023-07-09 10:51:45,298] INFO KafkaConfig values: 
	advertised.host.name = null
	advertised.listeners = null
	advertised.port = null
	alter.config.policy.class.name = null
	alter.log.dirs.replication.quota.window.num = 11
	alter.log.dirs.replication.quota.window.size.seconds = 1
	authorizer.class.name = 
	auto.create.topics.enable = true
	auto.leader.rebalance.enable = true
	background.threads = 10
	broker.id = 1
	broker.id.generation.enable = true
	broker.rack = null
	client.quota.callback.class = null
	compression.type = producer
	connection.failed.authentication.delay.ms = 100
	connections.max.idle.ms = 600000
	connections.max.reauth.ms = 0
	control.plane.listener.name = null
	controlled.shutdown.enable = true
	controlled.shutdown.max.retries = 3
	controlled.shutdown.retry.backoff.ms = 5000
	controller.socket.timeout.ms = 30000
	create.topic.policy.class.name = null
	default.replication.factor = 1
	delegation.token.expiry.check.interval.ms = 3600000
	delegation.token.expiry.time.ms = 86400000
	delegation.token.master.key = null
	delegation.token.max.lifetime.ms = 604800000
	delete.records.purgatory.purge.interval.requests = 1
	delete.topic.enable = true
	fetch.max.bytes = 57671680
	fetch.purgatory.purge.interval.requests = 1000
	group.initial.rebalance.delay.ms = 0
	group.max.session.timeout.ms = 1800000
	group.max.size = 2147483647
	group.min.session.timeout.ms = 6000
	host.name = 
	inter.broker.listener.name = null
	inter.broker.protocol.version = 2.5-IV0
	kafka.metrics.polling.interval.secs = 10
	kafka.metrics.reporters = []
	leader.imbalance.check.interval.seconds = 300
	leader.imbalance.per.broker.percentage = 10
	listener.security.protocol.map = PLAINTEXT:PLAINTEXT,SSL:SSL,SASL_PLAINTEXT:SASL_PLAINTEXT,SASL_SSL:SASL_SSL
	listeners = PLAINTEXT://localhost:9092
	log.cleaner.backoff.ms = 15000
	log.cleaner.dedupe.buffer.size = 134217728
	log.cleaner.delete.retention.ms = 86400000
	log.cleaner.enable = true
	log.cleaner.io.buffer.load.factor = 0.9
	log.cleaner.io.buffer.size = 524288
	log.cleaner.io.max.bytes.per.second = 1.7976931348623157E308
	log.cleaner.max.compaction.lag.ms = 9223372036854775807
	log.cleaner.min.cleanable.ratio = 0.5
	log.cleaner.min.compaction.lag.ms = 0
	log.cleaner.threads = 1
	log.cleanup.policy = [delete]
	log.dir = /tmp/kafka-logs
	log.dirs = C:/PracticeJava/Kafka/kafka-logs
	log.flush.interval.messages = 9223372036854775807
	log.flush.interval.ms = null
	log.flush.offset.checkpoint.interval.ms = 60000
	log.flush.scheduler.interval.ms = 9223372036854775807
	log.flush.start.offset.checkpoint.interval.ms = 60000
	log.index.interval.bytes = 4096
	log.index.size.max.bytes = 10485760
	log.message.downconversion.enable = true
	log.message.format.version = 2.5-IV0
	log.message.timestamp.difference.max.ms = 9223372036854775807
	log.message.timestamp.type = CreateTime
	log.preallocate = false
	log.retention.bytes = -1
	log.retention.check.interval.ms = 300000
	log.retention.hours = 168
	log.retention.minutes = null
	log.retention.ms = null
	log.roll.hours = 168
	log.roll.jitter.hours = 0
	log.roll.jitter.ms = null
	log.roll.ms = null
	log.segment.bytes = 1073741824
	log.segment.delete.delay.ms = 60000
	max.connections = 2147483647
	max.connections.per.ip = 2147483647
	max.connections.per.ip.overrides = 
	max.incremental.fetch.session.cache.slots = 1000
	message.max.bytes = 1048588
	metric.reporters = []
	metrics.num.samples = 2
	metrics.recording.level = INFO
	metrics.sample.window.ms = 30000
	min.insync.replicas = 1
	num.io.threads = 8
	num.network.threads = 3
	num.partitions = 1
	num.recovery.threads.per.data.dir = 1
	num.replica.alter.log.dirs.threads = null
	num.replica.fetchers = 1
	offset.metadata.max.bytes = 4096
	offsets.commit.required.acks = -1
	offsets.commit.timeout.ms = 5000
	offsets.load.buffer.size = 5242880
	offsets.retention.check.interval.ms = 600000
	offsets.retention.minutes = 10080
	offsets.topic.compression.codec = 0
	offsets.topic.num.partitions = 50
	offsets.topic.replication.factor = 1
	offsets.topic.segment.bytes = 104857600
	password.encoder.cipher.algorithm = AES/CBC/PKCS5Padding
	password.encoder.iterations = 4096
	password.encoder.key.length = 128
	password.encoder.keyfactory.algorithm = null
	password.encoder.old.secret = null
	password.encoder.secret = null
	port = 9092
	principal.builder.class = null
	producer.purgatory.purge.interval.requests = 1000
	queued.max.request.bytes = -1
	queued.max.requests = 500
	quota.consumer.default = 9223372036854775807
	quota.producer.default = 9223372036854775807
	quota.window.num = 11
	quota.window.size.seconds = 1
	replica.fetch.backoff.ms = 1000
	replica.fetch.max.bytes = 1048576
	replica.fetch.min.bytes = 1
	replica.fetch.response.max.bytes = 10485760
	replica.fetch.wait.max.ms = 500
	replica.high.watermark.checkpoint.interval.ms = 5000
	replica.lag.time.max.ms = 30000
	replica.selector.class = null
	replica.socket.receive.buffer.bytes = 65536
	replica.socket.timeout.ms = 30000
	replication.quota.window.num = 11
	replication.quota.window.size.seconds = 1
	request.timeout.ms = 30000
	reserved.broker.max.id = 1000
	sasl.client.callback.handler.class = null
	sasl.enabled.mechanisms = [GSSAPI]
	sasl.jaas.config = null
	sasl.kerberos.kinit.cmd = /usr/bin/kinit
	sasl.kerberos.min.time.before.relogin = 60000
	sasl.kerberos.principal.to.local.rules = [DEFAULT]
	sasl.kerberos.service.name = null
	sasl.kerberos.ticket.renew.jitter = 0.05
	sasl.kerberos.ticket.renew.window.factor = 0.8
	sasl.login.callback.handler.class = null
	sasl.login.class = null
	sasl.login.refresh.buffer.seconds = 300
	sasl.login.refresh.min.period.seconds = 60
	sasl.login.refresh.window.factor = 0.8
	sasl.login.refresh.window.jitter = 0.05
	sasl.mechanism.inter.broker.protocol = GSSAPI
	sasl.server.callback.handler.class = null
	security.inter.broker.protocol = PLAINTEXT
	security.providers = null
	socket.receive.buffer.bytes = 102400
	socket.request.max.bytes = 104857600
	socket.send.buffer.bytes = 102400
	ssl.cipher.suites = []
	ssl.client.auth = none
	ssl.enabled.protocols = [TLSv1.2]
	ssl.endpoint.identification.algorithm = https
	ssl.key.password = null
	ssl.keymanager.algorithm = SunX509
	ssl.keystore.location = null
	ssl.keystore.password = null
	ssl.keystore.type = JKS
	ssl.principal.mapping.rules = DEFAULT
	ssl.protocol = TLSv1.2
	ssl.provider = null
	ssl.secure.random.implementation = null
	ssl.trustmanager.algorithm = PKIX
	ssl.truststore.location = null
	ssl.truststore.password = null
	ssl.truststore.type = JKS
	transaction.abort.timed.out.transaction.cleanup.interval.ms = 10000
	transaction.max.timeout.ms = 900000
	transaction.remove.expired.transaction.cleanup.interval.ms = 3600000
	transaction.state.log.load.buffer.size = 5242880
	transaction.state.log.min.isr = 1
	transaction.state.log.num.partitions = 50
	transaction.state.log.replication.factor = 1
	transaction.state.log.segment.bytes = 104857600
	transactional.id.expiration.ms = 604800000
	unclean.leader.election.enable = false
	zookeeper.clientCnxnSocket = null
	zookeeper.connect = localhost:2181
	zookeeper.connection.timeout.ms = 18000
	zookeeper.max.in.flight.requests = 10
	zookeeper.session.timeout.ms = 18000
	zookeeper.set.acl = false
	zookeeper.ssl.cipher.suites = null
	zookeeper.ssl.client.enable = false
	zookeeper.ssl.crl.enable = false
	zookeeper.ssl.enabled.protocols = null
	zookeeper.ssl.endpoint.identification.algorithm = HTTPS
	zookeeper.ssl.keystore.location = null
	zookeeper.ssl.keystore.password = null
	zookeeper.ssl.keystore.type = null
	zookeeper.ssl.ocsp.enable = false
	zookeeper.ssl.protocol = TLSv1.2
	zookeeper.ssl.truststore.location = null
	zookeeper.ssl.truststore.password = null
	zookeeper.ssl.truststore.type = null
	zookeeper.sync.time.ms = 2000
 (kafka.server.KafkaConfig)
[2023-07-09 10:51:45,360] INFO [ThrottledChannelReaper-Fetch]: Starting (kafka.server.ClientQuotaManager$ThrottledChannelReaper)
[2023-07-09 10:51:45,376] INFO [ThrottledChannelReaper-Produce]: Starting (kafka.server.ClientQuotaManager$ThrottledChannelReaper)
[2023-07-09 10:51:45,376] INFO [ThrottledChannelReaper-Request]: Starting (kafka.server.ClientQuotaManager$ThrottledChannelReaper)
[2023-07-09 10:51:45,454] INFO Loading logs. (kafka.log.LogManager)
[2023-07-09 10:51:45,470] INFO Logs loading complete in 16 ms. (kafka.log.LogManager)
[2023-07-09 10:51:45,517] INFO Starting log cleanup with a period of 300000 ms. (kafka.log.LogManager)
[2023-07-09 10:51:45,517] INFO Starting log flusher with a default period of 9223372036854775807 ms. (kafka.log.LogManager)
[2023-07-09 10:51:47,965] INFO Awaiting socket connections on localhost:9092. (kafka.network.Acceptor)
[2023-07-09 10:51:48,044] INFO [SocketServer brokerId=1] Created data-plane acceptor and processors for endpoint : EndPoint(localhost,9092,ListenerName(PLAINTEXT),PLAINTEXT) (kafka.network.SocketServer)
[2023-07-09 10:51:48,044] INFO [SocketServer brokerId=1] Started 1 acceptor threads for data-plane (kafka.network.SocketServer)
[2023-07-09 10:51:48,098] INFO [ExpirationReaper-1-Produce]: Starting (kafka.server.DelayedOperationPurgatory$ExpiredOperationReaper)
[2023-07-09 10:51:48,107] INFO [ExpirationReaper-1-Fetch]: Starting (kafka.server.DelayedOperationPurgatory$ExpiredOperationReaper)
[2023-07-09 10:51:48,107] INFO [ExpirationReaper-1-DeleteRecords]: Starting (kafka.server.DelayedOperationPurgatory$ExpiredOperationReaper)
[2023-07-09 10:51:48,107] INFO [ExpirationReaper-1-ElectLeader]: Starting (kafka.server.DelayedOperationPurgatory$ExpiredOperationReaper)
[2023-07-09 10:51:48,138] INFO [LogDirFailureHandler]: Starting (kafka.server.ReplicaManager$LogDirFailureHandler)
[2023-07-09 10:51:48,201] INFO Creating /brokers/ids/1 (is it secure? false) (kafka.zk.KafkaZkClient)
[2023-07-09 10:51:48,264] INFO Stat of the created znode at /brokers/ids/1 is: 24,24,1688880108248,1688880108248,1,0,0,72193560073732096,188,0,24
 (kafka.zk.KafkaZkClient)
[2023-07-09 10:51:48,264] INFO Registered broker 1 at path /brokers/ids/1 with addresses: ArraySeq(EndPoint(localhost,9092,ListenerName(PLAINTEXT),PLAINTEXT)), czxid (broker epoch): 24 (kafka.zk.KafkaZkClient)
[2023-07-09 10:51:48,405] INFO [ExpirationReaper-1-topic]: Starting (kafka.server.DelayedOperationPurgatory$ExpiredOperationReaper)
[2023-07-09 10:51:48,421] INFO [ExpirationReaper-1-Heartbeat]: Starting (kafka.server.DelayedOperationPurgatory$ExpiredOperationReaper)
[2023-07-09 10:51:48,421] INFO [ExpirationReaper-1-Rebalance]: Starting (kafka.server.DelayedOperationPurgatory$ExpiredOperationReaper)
[2023-07-09 10:51:48,452] INFO Successfully created /controller_epoch with initial epoch 0 (kafka.zk.KafkaZkClient)
[2023-07-09 10:51:48,484] INFO [GroupCoordinator 1]: Starting up. (kafka.coordinator.group.GroupCoordinator)
[2023-07-09 10:51:48,500] INFO [GroupCoordinator 1]: Startup complete. (kafka.coordinator.group.GroupCoordinator)
[2023-07-09 10:51:48,515] INFO [GroupMetadataManager brokerId=1] Removed 0 expired offsets in 15 milliseconds. (kafka.coordinator.group.GroupMetadataManager)
[2023-07-09 10:51:48,547] INFO [ProducerId Manager 1]: Acquired new producerId block (brokerId:1,blockStartProducerId:0,blockEndProducerId:999) by writing to Zk with path version 1 (kafka.coordinator.transaction.ProducerIdManager)
[2023-07-09 10:51:48,609] INFO [TransactionCoordinator id=1] Starting up. (kafka.coordinator.transaction.TransactionCoordinator)
[2023-07-09 10:51:48,609] INFO [TransactionCoordinator id=1] Startup complete. (kafka.coordinator.transaction.TransactionCoordinator)
[2023-07-09 10:51:48,609] INFO [Transaction Marker Channel Manager 1]: Starting (kafka.coordinator.transaction.TransactionMarkerChannelManager)
[2023-07-09 10:51:48,688] INFO [ExpirationReaper-1-AlterAcls]: Starting (kafka.server.DelayedOperationPurgatory$ExpiredOperationReaper)
[2023-07-09 10:51:48,751] INFO [/config/changes-event-process-thread]: Starting (kafka.common.ZkNodeChangeNotificationListener$ChangeEventProcessThread)
[2023-07-09 10:51:48,800] INFO [SocketServer brokerId=1] Started data-plane processors for 1 acceptors (kafka.network.SocketServer)
[2023-07-09 10:51:48,813] INFO Kafka version: 2.5.0 (org.apache.kafka.common.utils.AppInfoParser)
[2023-07-09 10:51:48,813] INFO Kafka commitId: 66563e712b0b9f84 (org.apache.kafka.common.utils.AppInfoParser)
[2023-07-09 10:51:48,813] INFO Kafka startTimeMs: 1688880108800 (org.apache.kafka.common.utils.AppInfoParser)
[2023-07-09 10:51:48,813] INFO [KafkaServer id=1] started (kafka.server.KafkaServer)
[2023-07-09 10:52:20,078] INFO Registered kafka:type=kafka.Log4jController MBean (kafka.utils.Log4jControllerRegistration$)
[2023-07-09 10:52:20,658] INFO Setting -D jdk.tls.rejectClientInitiatedRenegotiation=true to disable client-initiated TLS renegotiation (org.apache.zookeeper.common.X509Util)
[2023-07-09 10:52:20,737] INFO starting (kafka.server.KafkaServer)
[2023-07-09 10:52:20,752] INFO Connecting to zookeeper on localhost:2181 (kafka.server.KafkaServer)
[2023-07-09 10:52:20,800] INFO [ZooKeeperClient Kafka server] Initializing a new session to localhost:2181. (kafka.zookeeper.ZooKeeperClient)
[2023-07-09 10:52:20,831] INFO Client environment:zookeeper.version=3.5.7-f0fdd52973d373ffd9c86b81d99842dc2c7f660e, built on 02/10/2020 11:30 GMT (org.apache.zookeeper.ZooKeeper)
[2023-07-09 10:52:20,831] INFO Client environment:host.name=DESKTOP-KOBU9QU (org.apache.zookeeper.ZooKeeper)
[2023-07-09 10:52:20,831] INFO Client environment:java.version=11.0.18 (org.apache.zookeeper.ZooKeeper)
[2023-07-09 10:52:20,831] INFO Client environment:java.vendor=Oracle Corporation (org.apache.zookeeper.ZooKeeper)
[2023-07-09 10:52:20,831] INFO Client environment:java.home=C:\PracticeJava\jdk-11.0.18 (org.apache.zookeeper.ZooKeeper)
[2023-07-09 10:52:20,831] INFO Client environment:java.class.path=C:\PracticeJava\Kafka\binaries\kafka\libs\activation-1.1.1.jar;C:\PracticeJava\Kafka\binaries\kafka\libs\aopalliance-repackaged-2.5.0.jar;C:\PracticeJava\Kafka\binaries\kafka\libs\argparse4j-0.7.0.jar;C:\PracticeJava\Kafka\binaries\kafka\libs\audience-annotations-0.5.0.jar;C:\PracticeJava\Kafka\binaries\kafka\libs\commons-cli-1.4.jar;C:\PracticeJava\Kafka\binaries\kafka\libs\commons-lang3-3.8.1.jar;C:\PracticeJava\Kafka\binaries\kafka\libs\connect-api-2.5.0.jar;C:\PracticeJava\Kafka\binaries\kafka\libs\connect-basic-auth-extension-2.5.0.jar;C:\PracticeJava\Kafka\binaries\kafka\libs\connect-file-2.5.0.jar;C:\PracticeJava\Kafka\binaries\kafka\libs\connect-json-2.5.0.jar;C:\PracticeJava\Kafka\binaries\kafka\libs\connect-mirror-2.5.0.jar;C:\PracticeJava\Kafka\binaries\kafka\libs\connect-mirror-client-2.5.0.jar;C:\PracticeJava\Kafka\binaries\kafka\libs\connect-runtime-2.5.0.jar;C:\PracticeJava\Kafka\binaries\kafka\libs\connect-transforms-2.5.0.jar;C:\PracticeJava\Kafka\binaries\kafka\libs\hk2-api-2.5.0.jar;C:\PracticeJava\Kafka\binaries\kafka\libs\hk2-locator-2.5.0.jar;C:\PracticeJava\Kafka\binaries\kafka\libs\hk2-utils-2.5.0.jar;C:\PracticeJava\Kafka\binaries\kafka\libs\jackson-annotations-2.10.2.jar;C:\PracticeJava\Kafka\binaries\kafka\libs\jackson-core-2.10.2.jar;C:\PracticeJava\Kafka\binaries\kafka\libs\jackson-databind-2.10.2.jar;C:\PracticeJava\Kafka\binaries\kafka\libs\jackson-dataformat-csv-2.10.2.jar;C:\PracticeJava\Kafka\binaries\kafka\libs\jackson-datatype-jdk8-2.10.2.jar;C:\PracticeJava\Kafka\binaries\kafka\libs\jackson-jaxrs-base-2.10.2.jar;C:\PracticeJava\Kafka\binaries\kafka\libs\jackson-jaxrs-json-provider-2.10.2.jar;C:\PracticeJava\Kafka\binaries\kafka\libs\jackson-module-jaxb-annotations-2.10.2.jar;C:\PracticeJava\Kafka\binaries\kafka\libs\jackson-module-paranamer-2.10.2.jar;C:\PracticeJava\Kafka\binaries\kafka\libs\jackson-module-scala_2.13-2.10.2.jar;C:\PracticeJava\Kafka\binaries\kafka\libs\jakarta.activation-api-1.2.1.jar;C:\PracticeJava\Kafka\binaries\kafka\libs\jakarta.annotation-api-1.3.4.jar;C:\PracticeJava\Kafka\binaries\kafka\libs\jakarta.inject-2.5.0.jar;C:\PracticeJava\Kafka\binaries\kafka\libs\jakarta.ws.rs-api-2.1.5.jar;C:\PracticeJava\Kafka\binaries\kafka\libs\jakarta.xml.bind-api-2.3.2.jar;C:\PracticeJava\Kafka\binaries\kafka\libs\javassist-3.22.0-CR2.jar;C:\PracticeJava\Kafka\binaries\kafka\libs\javassist-3.26.0-GA.jar;C:\PracticeJava\Kafka\binaries\kafka\libs\javax.servlet-api-3.1.0.jar;C:\PracticeJava\Kafka\binaries\kafka\libs\javax.ws.rs-api-2.1.1.jar;C:\PracticeJava\Kafka\binaries\kafka\libs\jaxb-api-2.3.0.jar;C:\PracticeJava\Kafka\binaries\kafka\libs\jersey-client-2.28.jar;C:\PracticeJava\Kafka\binaries\kafka\libs\jersey-common-2.28.jar;C:\PracticeJava\Kafka\binaries\kafka\libs\jersey-container-servlet-2.28.jar;C:\PracticeJava\Kafka\binaries\kafka\libs\jersey-container-servlet-core-2.28.jar;C:\PracticeJava\Kafka\binaries\kafka\libs\jersey-hk2-2.28.jar;C:\PracticeJava\Kafka\binaries\kafka\libs\jersey-media-jaxb-2.28.jar;C:\PracticeJava\Kafka\binaries\kafka\libs\jersey-server-2.28.jar;C:\PracticeJava\Kafka\binaries\kafka\libs\jetty-client-9.4.24.v20191120.jar;C:\PracticeJava\Kafka\binaries\kafka\libs\jetty-continuation-9.4.24.v20191120.jar;C:\PracticeJava\Kafka\binaries\kafka\libs\jetty-http-9.4.24.v20191120.jar;C:\PracticeJava\Kafka\binaries\kafka\libs\jetty-io-9.4.24.v20191120.jar;C:\PracticeJava\Kafka\binaries\kafka\libs\jetty-security-9.4.24.v20191120.jar;C:\PracticeJava\Kafka\binaries\kafka\libs\jetty-server-9.4.24.v20191120.jar;C:\PracticeJava\Kafka\binaries\kafka\libs\jetty-servlet-9.4.24.v20191120.jar;C:\PracticeJava\Kafka\binaries\kafka\libs\jetty-servlets-9.4.24.v20191120.jar;C:\PracticeJava\Kafka\binaries\kafka\libs\jetty-util-9.4.24.v20191120.jar;C:\PracticeJava\Kafka\binaries\kafka\libs\jopt-simple-5.0.4.jar;C:\PracticeJava\Kafka\binaries\kafka\libs\kafka-clients-2.5.0.jar;C:\PracticeJava\Kafka\binaries\kafka\libs\kafka-log4j-appender-2.5.0.jar;C:\PracticeJava\Kafka\binaries\kafka\libs\kafka-streams-2.5.0.jar;C:\PracticeJava\Kafka\binaries\kafka\libs\kafka-streams-examples-2.5.0.jar;C:\PracticeJava\Kafka\binaries\kafka\libs\kafka-streams-scala_2.13-2.5.0.jar;C:\PracticeJava\Kafka\binaries\kafka\libs\kafka-streams-test-utils-2.5.0.jar;C:\PracticeJava\Kafka\binaries\kafka\libs\kafka-tools-2.5.0.jar;C:\PracticeJava\Kafka\binaries\kafka\libs\kafka_2.13-2.5.0-javadoc.jar;C:\PracticeJava\Kafka\binaries\kafka\libs\kafka_2.13-2.5.0-javadoc.jar.asc;C:\PracticeJava\Kafka\binaries\kafka\libs\kafka_2.13-2.5.0-scaladoc.jar;C:\PracticeJava\Kafka\binaries\kafka\libs\kafka_2.13-2.5.0-scaladoc.jar.asc;C:\PracticeJava\Kafka\binaries\kafka\libs\kafka_2.13-2.5.0-sources.jar;C:\PracticeJava\Kafka\binaries\kafka\libs\kafka_2.13-2.5.0-sources.jar.asc;C:\PracticeJava\Kafka\binaries\kafka\libs\kafka_2.13-2.5.0-test-sources.jar;C:\PracticeJava\Kafka\binaries\kafka\libs\kafka_2.13-2.5.0-test-sources.jar.asc;C:\PracticeJava\Kafka\binaries\kafka\libs\kafka_2.13-2.5.0-test.jar;C:\PracticeJava\Kafka\binaries\kafka\libs\kafka_2.13-2.5.0-test.jar.asc;C:\PracticeJava\Kafka\binaries\kafka\libs\kafka_2.13-2.5.0.jar;C:\PracticeJava\Kafka\binaries\kafka\libs\kafka_2.13-2.5.0.jar.asc;C:\PracticeJava\Kafka\binaries\kafka\libs\log4j-1.2.17.jar;C:\PracticeJava\Kafka\binaries\kafka\libs\lz4-java-1.7.1.jar;C:\PracticeJava\Kafka\binaries\kafka\libs\maven-artifact-3.6.3.jar;C:\PracticeJava\Kafka\binaries\kafka\libs\metrics-core-2.2.0.jar;C:\PracticeJava\Kafka\binaries\kafka\libs\netty-buffer-4.1.45.Final.jar;C:\PracticeJava\Kafka\binaries\kafka\libs\netty-codec-4.1.45.Final.jar;C:\PracticeJava\Kafka\binaries\kafka\libs\netty-common-4.1.45.Final.jar;C:\PracticeJava\Kafka\binaries\kafka\libs\netty-handler-4.1.45.Final.jar;C:\PracticeJava\Kafka\binaries\kafka\libs\netty-resolver-4.1.45.Final.jar;C:\PracticeJava\Kafka\binaries\kafka\libs\netty-transport-4.1.45.Final.jar;C:\PracticeJava\Kafka\binaries\kafka\libs\netty-transport-native-epoll-4.1.45.Final.jar;C:\PracticeJava\Kafka\binaries\kafka\libs\netty-transport-native-unix-common-4.1.45.Final.jar;C:\PracticeJava\Kafka\binaries\kafka\libs\osgi-resource-locator-1.0.1.jar;C:\PracticeJava\Kafka\binaries\kafka\libs\paranamer-2.8.jar;C:\PracticeJava\Kafka\binaries\kafka\libs\plexus-utils-3.2.1.jar;C:\PracticeJava\Kafka\binaries\kafka\libs\reflections-0.9.12.jar;C:\PracticeJava\Kafka\binaries\kafka\libs\rocksdbjni-5.18.3.jar;C:\PracticeJava\Kafka\binaries\kafka\libs\scala-collection-compat_2.13-2.1.3.jar;C:\PracticeJava\Kafka\binaries\kafka\libs\scala-java8-compat_2.13-0.9.0.jar;C:\PracticeJava\Kafka\binaries\kafka\libs\scala-library-2.13.1.jar;C:\PracticeJava\Kafka\binaries\kafka\libs\scala-logging_2.13-3.9.2.jar;C:\PracticeJava\Kafka\binaries\kafka\libs\scala-reflect-2.13.1.jar;C:\PracticeJava\Kafka\binaries\kafka\libs\slf4j-api-1.7.30.jar;C:\PracticeJava\Kafka\binaries\kafka\libs\slf4j-log4j12-1.7.30.jar;C:\PracticeJava\Kafka\binaries\kafka\libs\snappy-java-1.1.7.3.jar;C:\PracticeJava\Kafka\binaries\kafka\libs\validation-api-2.0.1.Final.jar;C:\PracticeJava\Kafka\binaries\kafka\libs\zookeeper-3.5.7.jar;C:\PracticeJava\Kafka\binaries\kafka\libs\zookeeper-jute-3.5.7.jar;C:\PracticeJava\Kafka\binaries\kafka\libs\zstd-jni-1.4.4-7.jar (org.apache.zookeeper.ZooKeeper)
[2023-07-09 10:52:20,831] INFO Client environment:java.library.path=C:\PracticeJava\jdk-11.0.18\bin;C:\WINDOWS\Sun\Java\bin;C:\WINDOWS\system32;C:\WINDOWS;C:\WINDOWS\system32;C:\WINDOWS;C:\WINDOWS\System32\Wbem;C:\WINDOWS\System32\WindowsPowerShell\v1.0\;C:\WINDOWS\System32\OpenSSH\;%JAVA_HOME%\bin;C:\Program Files\Git\cmd;C:\Program Files\apache-maven-3.6.1\bin;C:\Program Files\TortoiseGit\bin;%MAVEN_HOME\bin;C:\Program Files\Notepad++;C:\Program Files\MongoDB\Server\4.2\bin;C:\Program Files (x86)\Groovy\bin;C:\Program Files\Perforce\;C:\Program Files (x86)\gradle-7.2\bin;C:\Program Files (x86)\Intel\Intel(R) Management Engine Components\DAL;C:\Program Files\Intel\Intel(R) Management Engine Components\DAL;C:\Windows\SysWOW64;C:\Program Files\dotnet\;C:\Program Files\Notepad++;C:\Users\sagar\AppData\Local\Programs\Microsoft VS Code Insiders\bin;C:\PracticeJava\jdk-11.0.18\bin;C:\Users\sagar\AppData\Local\GitHubDesktop\bin;C:\Users\sagar\AppData\Local\Microsoft\WindowsApps;C:\Windows\SysWOW64;;. (org.apache.zookeeper.ZooKeeper)
[2023-07-09 10:52:20,831] INFO Client environment:java.io.tmpdir=C:\Users\sagar\AppData\Local\Temp\ (org.apache.zookeeper.ZooKeeper)
[2023-07-09 10:52:20,831] INFO Client environment:java.compiler=<NA> (org.apache.zookeeper.ZooKeeper)
[2023-07-09 10:52:20,831] INFO Client environment:os.name=Windows 11 (org.apache.zookeeper.ZooKeeper)
[2023-07-09 10:52:20,831] INFO Client environment:os.arch=amd64 (org.apache.zookeeper.ZooKeeper)
[2023-07-09 10:52:20,831] INFO Client environment:os.version=10.0 (org.apache.zookeeper.ZooKeeper)
[2023-07-09 10:52:20,831] INFO Client environment:user.name=sagar (org.apache.zookeeper.ZooKeeper)
[2023-07-09 10:52:20,831] INFO Client environment:user.home=C:\Users\sagar (org.apache.zookeeper.ZooKeeper)
[2023-07-09 10:52:20,847] INFO Client environment:user.dir=C:\PracticeJava\Kafka\binaries\kafka\bin\windows (org.apache.zookeeper.ZooKeeper)
[2023-07-09 10:52:20,847] INFO Client environment:os.memory.free=1015MB (org.apache.zookeeper.ZooKeeper)
[2023-07-09 10:52:20,847] INFO Client environment:os.memory.max=1024MB (org.apache.zookeeper.ZooKeeper)
[2023-07-09 10:52:20,847] INFO Client environment:os.memory.total=1024MB (org.apache.zookeeper.ZooKeeper)
[2023-07-09 10:52:20,847] INFO Initiating client connection, connectString=localhost:2181 sessionTimeout=18000 watcher=kafka.zookeeper.ZooKeeperClient$ZooKeeperClientWatcher$@22295ec4 (org.apache.zookeeper.ZooKeeper)
[2023-07-09 10:52:20,878] INFO jute.maxbuffer value is 4194304 Bytes (org.apache.zookeeper.ClientCnxnSocket)
[2023-07-09 10:52:20,878] INFO zookeeper.request.timeout value is 0. feature enabled= (org.apache.zookeeper.ClientCnxn)
[2023-07-09 10:52:20,894] INFO [ZooKeeperClient Kafka server] Waiting until connected. (kafka.zookeeper.ZooKeeperClient)
[2023-07-09 10:52:20,910] INFO Opening socket connection to server localhost/0:0:0:0:0:0:0:1:2181. Will not attempt to authenticate using SASL (unknown error) (org.apache.zookeeper.ClientCnxn)
[2023-07-09 10:52:20,925] INFO Socket connection established, initiating session, client: /0:0:0:0:0:0:0:1:50411, server: localhost/0:0:0:0:0:0:0:1:2181 (org.apache.zookeeper.ClientCnxn)
[2023-07-09 10:52:20,941] INFO Session establishment complete on server localhost/0:0:0:0:0:0:0:1:2181, sessionid = 0x1007ba90f440001, negotiated timeout = 18000 (org.apache.zookeeper.ClientCnxn)
[2023-07-09 10:52:20,957] INFO [ZooKeeperClient Kafka server] Connected. (kafka.zookeeper.ZooKeeperClient)
[2023-07-09 10:52:21,349] INFO Cluster ID = DX5lAsjQTsqEsGCyw5f5lA (kafka.server.KafkaServer)
[2023-07-09 10:52:21,349] WARN No meta.properties file under dir C:\PracticeJava\Kafka\MultiNode\kafka-logs-3\meta.properties (kafka.server.BrokerMetadataCheckpoint)
[2023-07-09 10:52:21,443] INFO KafkaConfig values: 
	advertised.host.name = null
	advertised.listeners = null
	advertised.port = null
	alter.config.policy.class.name = null
	alter.log.dirs.replication.quota.window.num = 11
	alter.log.dirs.replication.quota.window.size.seconds = 1
	authorizer.class.name = 
	auto.create.topics.enable = true
	auto.leader.rebalance.enable = true
	background.threads = 10
	broker.id = 3
	broker.id.generation.enable = true
	broker.rack = null
	client.quota.callback.class = null
	compression.type = producer
	connection.failed.authentication.delay.ms = 100
	connections.max.idle.ms = 600000
	connections.max.reauth.ms = 0
	control.plane.listener.name = null
	controlled.shutdown.enable = true
	controlled.shutdown.max.retries = 3
	controlled.shutdown.retry.backoff.ms = 5000
	controller.socket.timeout.ms = 30000
	create.topic.policy.class.name = null
	default.replication.factor = 1
	delegation.token.expiry.check.interval.ms = 3600000
	delegation.token.expiry.time.ms = 86400000
	delegation.token.master.key = null
	delegation.token.max.lifetime.ms = 604800000
	delete.records.purgatory.purge.interval.requests = 1
	delete.topic.enable = true
	fetch.max.bytes = 57671680
	fetch.purgatory.purge.interval.requests = 1000
	group.initial.rebalance.delay.ms = 0
	group.max.session.timeout.ms = 1800000
	group.max.size = 2147483647
	group.min.session.timeout.ms = 6000
	host.name = 
	inter.broker.listener.name = null
	inter.broker.protocol.version = 2.5-IV0
	kafka.metrics.polling.interval.secs = 10
	kafka.metrics.reporters = []
	leader.imbalance.check.interval.seconds = 300
	leader.imbalance.per.broker.percentage = 10
	listener.security.protocol.map = PLAINTEXT:PLAINTEXT,SSL:SSL,SASL_PLAINTEXT:SASL_PLAINTEXT,SASL_SSL:SASL_SSL
	listeners = PLAINTEXT://localhost:9094
	log.cleaner.backoff.ms = 15000
	log.cleaner.dedupe.buffer.size = 134217728
	log.cleaner.delete.retention.ms = 86400000
	log.cleaner.enable = true
	log.cleaner.io.buffer.load.factor = 0.9
	log.cleaner.io.buffer.size = 524288
	log.cleaner.io.max.bytes.per.second = 1.7976931348623157E308
	log.cleaner.max.compaction.lag.ms = 9223372036854775807
	log.cleaner.min.cleanable.ratio = 0.5
	log.cleaner.min.compaction.lag.ms = 0
	log.cleaner.threads = 1
	log.cleanup.policy = [delete]
	log.dir = /tmp/kafka-logs
	log.dirs = C:/PracticeJava/Kafka/MultiNode/kafka-logs-3
	log.flush.interval.messages = 9223372036854775807
	log.flush.interval.ms = null
	log.flush.offset.checkpoint.interval.ms = 60000
	log.flush.scheduler.interval.ms = 9223372036854775807
	log.flush.start.offset.checkpoint.interval.ms = 60000
	log.index.interval.bytes = 4096
	log.index.size.max.bytes = 10485760
	log.message.downconversion.enable = true
	log.message.format.version = 2.5-IV0
	log.message.timestamp.difference.max.ms = 9223372036854775807
	log.message.timestamp.type = CreateTime
	log.preallocate = false
	log.retention.bytes = -1
	log.retention.check.interval.ms = 300000
	log.retention.hours = 168
	log.retention.minutes = null
	log.retention.ms = null
	log.roll.hours = 168
	log.roll.jitter.hours = 0
	log.roll.jitter.ms = null
	log.roll.ms = null
	log.segment.bytes = 1073741824
	log.segment.delete.delay.ms = 60000
	max.connections = 2147483647
	max.connections.per.ip = 2147483647
	max.connections.per.ip.overrides = 
	max.incremental.fetch.session.cache.slots = 1000
	message.max.bytes = 1048588
	metric.reporters = []
	metrics.num.samples = 2
	metrics.recording.level = INFO
	metrics.sample.window.ms = 30000
	min.insync.replicas = 1
	num.io.threads = 8
	num.network.threads = 3
	num.partitions = 1
	num.recovery.threads.per.data.dir = 1
	num.replica.alter.log.dirs.threads = null
	num.replica.fetchers = 1
	offset.metadata.max.bytes = 4096
	offsets.commit.required.acks = -1
	offsets.commit.timeout.ms = 5000
	offsets.load.buffer.size = 5242880
	offsets.retention.check.interval.ms = 600000
	offsets.retention.minutes = 10080
	offsets.topic.compression.codec = 0
	offsets.topic.num.partitions = 50
	offsets.topic.replication.factor = 1
	offsets.topic.segment.bytes = 104857600
	password.encoder.cipher.algorithm = AES/CBC/PKCS5Padding
	password.encoder.iterations = 4096
	password.encoder.key.length = 128
	password.encoder.keyfactory.algorithm = null
	password.encoder.old.secret = null
	password.encoder.secret = null
	port = 9092
	principal.builder.class = null
	producer.purgatory.purge.interval.requests = 1000
	queued.max.request.bytes = -1
	queued.max.requests = 500
	quota.consumer.default = 9223372036854775807
	quota.producer.default = 9223372036854775807
	quota.window.num = 11
	quota.window.size.seconds = 1
	replica.fetch.backoff.ms = 1000
	replica.fetch.max.bytes = 1048576
	replica.fetch.min.bytes = 1
	replica.fetch.response.max.bytes = 10485760
	replica.fetch.wait.max.ms = 500
	replica.high.watermark.checkpoint.interval.ms = 5000
	replica.lag.time.max.ms = 30000
	replica.selector.class = null
	replica.socket.receive.buffer.bytes = 65536
	replica.socket.timeout.ms = 30000
	replication.quota.window.num = 11
	replication.quota.window.size.seconds = 1
	request.timeout.ms = 30000
	reserved.broker.max.id = 1000
	sasl.client.callback.handler.class = null
	sasl.enabled.mechanisms = [GSSAPI]
	sasl.jaas.config = null
	sasl.kerberos.kinit.cmd = /usr/bin/kinit
	sasl.kerberos.min.time.before.relogin = 60000
	sasl.kerberos.principal.to.local.rules = [DEFAULT]
	sasl.kerberos.service.name = null
	sasl.kerberos.ticket.renew.jitter = 0.05
	sasl.kerberos.ticket.renew.window.factor = 0.8
	sasl.login.callback.handler.class = null
	sasl.login.class = null
	sasl.login.refresh.buffer.seconds = 300
	sasl.login.refresh.min.period.seconds = 60
	sasl.login.refresh.window.factor = 0.8
	sasl.login.refresh.window.jitter = 0.05
	sasl.mechanism.inter.broker.protocol = GSSAPI
	sasl.server.callback.handler.class = null
	security.inter.broker.protocol = PLAINTEXT
	security.providers = null
	socket.receive.buffer.bytes = 102400
	socket.request.max.bytes = 104857600
	socket.send.buffer.bytes = 102400
	ssl.cipher.suites = []
	ssl.client.auth = none
	ssl.enabled.protocols = [TLSv1.2]
	ssl.endpoint.identification.algorithm = https
	ssl.key.password = null
	ssl.keymanager.algorithm = SunX509
	ssl.keystore.location = null
	ssl.keystore.password = null
	ssl.keystore.type = JKS
	ssl.principal.mapping.rules = DEFAULT
	ssl.protocol = TLSv1.2
	ssl.provider = null
	ssl.secure.random.implementation = null
	ssl.trustmanager.algorithm = PKIX
	ssl.truststore.location = null
	ssl.truststore.password = null
	ssl.truststore.type = JKS
	transaction.abort.timed.out.transaction.cleanup.interval.ms = 10000
	transaction.max.timeout.ms = 900000
	transaction.remove.expired.transaction.cleanup.interval.ms = 3600000
	transaction.state.log.load.buffer.size = 5242880
	transaction.state.log.min.isr = 1
	transaction.state.log.num.partitions = 50
	transaction.state.log.replication.factor = 1
	transaction.state.log.segment.bytes = 104857600
	transactional.id.expiration.ms = 604800000
	unclean.leader.election.enable = false
	zookeeper.clientCnxnSocket = null
	zookeeper.connect = localhost:2181
	zookeeper.connection.timeout.ms = 18000
	zookeeper.max.in.flight.requests = 10
	zookeeper.session.timeout.ms = 18000
	zookeeper.set.acl = false
	zookeeper.ssl.cipher.suites = null
	zookeeper.ssl.client.enable = false
	zookeeper.ssl.crl.enable = false
	zookeeper.ssl.enabled.protocols = null
	zookeeper.ssl.endpoint.identification.algorithm = HTTPS
	zookeeper.ssl.keystore.location = null
	zookeeper.ssl.keystore.password = null
	zookeeper.ssl.keystore.type = null
	zookeeper.ssl.ocsp.enable = false
	zookeeper.ssl.protocol = TLSv1.2
	zookeeper.ssl.truststore.location = null
	zookeeper.ssl.truststore.password = null
	zookeeper.ssl.truststore.type = null
	zookeeper.sync.time.ms = 2000
 (kafka.server.KafkaConfig)
[2023-07-09 10:52:21,469] INFO KafkaConfig values: 
	advertised.host.name = null
	advertised.listeners = null
	advertised.port = null
	alter.config.policy.class.name = null
	alter.log.dirs.replication.quota.window.num = 11
	alter.log.dirs.replication.quota.window.size.seconds = 1
	authorizer.class.name = 
	auto.create.topics.enable = true
	auto.leader.rebalance.enable = true
	background.threads = 10
	broker.id = 3
	broker.id.generation.enable = true
	broker.rack = null
	client.quota.callback.class = null
	compression.type = producer
	connection.failed.authentication.delay.ms = 100
	connections.max.idle.ms = 600000
	connections.max.reauth.ms = 0
	control.plane.listener.name = null
	controlled.shutdown.enable = true
	controlled.shutdown.max.retries = 3
	controlled.shutdown.retry.backoff.ms = 5000
	controller.socket.timeout.ms = 30000
	create.topic.policy.class.name = null
	default.replication.factor = 1
	delegation.token.expiry.check.interval.ms = 3600000
	delegation.token.expiry.time.ms = 86400000
	delegation.token.master.key = null
	delegation.token.max.lifetime.ms = 604800000
	delete.records.purgatory.purge.interval.requests = 1
	delete.topic.enable = true
	fetch.max.bytes = 57671680
	fetch.purgatory.purge.interval.requests = 1000
	group.initial.rebalance.delay.ms = 0
	group.max.session.timeout.ms = 1800000
	group.max.size = 2147483647
	group.min.session.timeout.ms = 6000
	host.name = 
	inter.broker.listener.name = null
	inter.broker.protocol.version = 2.5-IV0
	kafka.metrics.polling.interval.secs = 10
	kafka.metrics.reporters = []
	leader.imbalance.check.interval.seconds = 300
	leader.imbalance.per.broker.percentage = 10
	listener.security.protocol.map = PLAINTEXT:PLAINTEXT,SSL:SSL,SASL_PLAINTEXT:SASL_PLAINTEXT,SASL_SSL:SASL_SSL
	listeners = PLAINTEXT://localhost:9094
	log.cleaner.backoff.ms = 15000
	log.cleaner.dedupe.buffer.size = 134217728
	log.cleaner.delete.retention.ms = 86400000
	log.cleaner.enable = true
	log.cleaner.io.buffer.load.factor = 0.9
	log.cleaner.io.buffer.size = 524288
	log.cleaner.io.max.bytes.per.second = 1.7976931348623157E308
	log.cleaner.max.compaction.lag.ms = 9223372036854775807
	log.cleaner.min.cleanable.ratio = 0.5
	log.cleaner.min.compaction.lag.ms = 0
	log.cleaner.threads = 1
	log.cleanup.policy = [delete]
	log.dir = /tmp/kafka-logs
	log.dirs = C:/PracticeJava/Kafka/MultiNode/kafka-logs-3
	log.flush.interval.messages = 9223372036854775807
	log.flush.interval.ms = null
	log.flush.offset.checkpoint.interval.ms = 60000
	log.flush.scheduler.interval.ms = 9223372036854775807
	log.flush.start.offset.checkpoint.interval.ms = 60000
	log.index.interval.bytes = 4096
	log.index.size.max.bytes = 10485760
	log.message.downconversion.enable = true
	log.message.format.version = 2.5-IV0
	log.message.timestamp.difference.max.ms = 9223372036854775807
	log.message.timestamp.type = CreateTime
	log.preallocate = false
	log.retention.bytes = -1
	log.retention.check.interval.ms = 300000
	log.retention.hours = 168
	log.retention.minutes = null
	log.retention.ms = null
	log.roll.hours = 168
	log.roll.jitter.hours = 0
	log.roll.jitter.ms = null
	log.roll.ms = null
	log.segment.bytes = 1073741824
	log.segment.delete.delay.ms = 60000
	max.connections = 2147483647
	max.connections.per.ip = 2147483647
	max.connections.per.ip.overrides = 
	max.incremental.fetch.session.cache.slots = 1000
	message.max.bytes = 1048588
	metric.reporters = []
	metrics.num.samples = 2
	metrics.recording.level = INFO
	metrics.sample.window.ms = 30000
	min.insync.replicas = 1
	num.io.threads = 8
	num.network.threads = 3
	num.partitions = 1
	num.recovery.threads.per.data.dir = 1
	num.replica.alter.log.dirs.threads = null
	num.replica.fetchers = 1
	offset.metadata.max.bytes = 4096
	offsets.commit.required.acks = -1
	offsets.commit.timeout.ms = 5000
	offsets.load.buffer.size = 5242880
	offsets.retention.check.interval.ms = 600000
	offsets.retention.minutes = 10080
	offsets.topic.compression.codec = 0
	offsets.topic.num.partitions = 50
	offsets.topic.replication.factor = 1
	offsets.topic.segment.bytes = 104857600
	password.encoder.cipher.algorithm = AES/CBC/PKCS5Padding
	password.encoder.iterations = 4096
	password.encoder.key.length = 128
	password.encoder.keyfactory.algorithm = null
	password.encoder.old.secret = null
	password.encoder.secret = null
	port = 9092
	principal.builder.class = null
	producer.purgatory.purge.interval.requests = 1000
	queued.max.request.bytes = -1
	queued.max.requests = 500
	quota.consumer.default = 9223372036854775807
	quota.producer.default = 9223372036854775807
	quota.window.num = 11
	quota.window.size.seconds = 1
	replica.fetch.backoff.ms = 1000
	replica.fetch.max.bytes = 1048576
	replica.fetch.min.bytes = 1
	replica.fetch.response.max.bytes = 10485760
	replica.fetch.wait.max.ms = 500
	replica.high.watermark.checkpoint.interval.ms = 5000
	replica.lag.time.max.ms = 30000
	replica.selector.class = null
	replica.socket.receive.buffer.bytes = 65536
	replica.socket.timeout.ms = 30000
	replication.quota.window.num = 11
	replication.quota.window.size.seconds = 1
	request.timeout.ms = 30000
	reserved.broker.max.id = 1000
	sasl.client.callback.handler.class = null
	sasl.enabled.mechanisms = [GSSAPI]
	sasl.jaas.config = null
	sasl.kerberos.kinit.cmd = /usr/bin/kinit
	sasl.kerberos.min.time.before.relogin = 60000
	sasl.kerberos.principal.to.local.rules = [DEFAULT]
	sasl.kerberos.service.name = null
	sasl.kerberos.ticket.renew.jitter = 0.05
	sasl.kerberos.ticket.renew.window.factor = 0.8
	sasl.login.callback.handler.class = null
	sasl.login.class = null
	sasl.login.refresh.buffer.seconds = 300
	sasl.login.refresh.min.period.seconds = 60
	sasl.login.refresh.window.factor = 0.8
	sasl.login.refresh.window.jitter = 0.05
	sasl.mechanism.inter.broker.protocol = GSSAPI
	sasl.server.callback.handler.class = null
	security.inter.broker.protocol = PLAINTEXT
	security.providers = null
	socket.receive.buffer.bytes = 102400
	socket.request.max.bytes = 104857600
	socket.send.buffer.bytes = 102400
	ssl.cipher.suites = []
	ssl.client.auth = none
	ssl.enabled.protocols = [TLSv1.2]
	ssl.endpoint.identification.algorithm = https
	ssl.key.password = null
	ssl.keymanager.algorithm = SunX509
	ssl.keystore.location = null
	ssl.keystore.password = null
	ssl.keystore.type = JKS
	ssl.principal.mapping.rules = DEFAULT
	ssl.protocol = TLSv1.2
	ssl.provider = null
	ssl.secure.random.implementation = null
	ssl.trustmanager.algorithm = PKIX
	ssl.truststore.location = null
	ssl.truststore.password = null
	ssl.truststore.type = JKS
	transaction.abort.timed.out.transaction.cleanup.interval.ms = 10000
	transaction.max.timeout.ms = 900000
	transaction.remove.expired.transaction.cleanup.interval.ms = 3600000
	transaction.state.log.load.buffer.size = 5242880
	transaction.state.log.min.isr = 1
	transaction.state.log.num.partitions = 50
	transaction.state.log.replication.factor = 1
	transaction.state.log.segment.bytes = 104857600
	transactional.id.expiration.ms = 604800000
	unclean.leader.election.enable = false
	zookeeper.clientCnxnSocket = null
	zookeeper.connect = localhost:2181
	zookeeper.connection.timeout.ms = 18000
	zookeeper.max.in.flight.requests = 10
	zookeeper.session.timeout.ms = 18000
	zookeeper.set.acl = false
	zookeeper.ssl.cipher.suites = null
	zookeeper.ssl.client.enable = false
	zookeeper.ssl.crl.enable = false
	zookeeper.ssl.enabled.protocols = null
	zookeeper.ssl.endpoint.identification.algorithm = HTTPS
	zookeeper.ssl.keystore.location = null
	zookeeper.ssl.keystore.password = null
	zookeeper.ssl.keystore.type = null
	zookeeper.ssl.ocsp.enable = false
	zookeeper.ssl.protocol = TLSv1.2
	zookeeper.ssl.truststore.location = null
	zookeeper.ssl.truststore.password = null
	zookeeper.ssl.truststore.type = null
	zookeeper.sync.time.ms = 2000
 (kafka.server.KafkaConfig)
[2023-07-09 10:52:21,522] INFO [ThrottledChannelReaper-Fetch]: Starting (kafka.server.ClientQuotaManager$ThrottledChannelReaper)
[2023-07-09 10:52:21,522] INFO [ThrottledChannelReaper-Produce]: Starting (kafka.server.ClientQuotaManager$ThrottledChannelReaper)
[2023-07-09 10:52:21,522] INFO [ThrottledChannelReaper-Request]: Starting (kafka.server.ClientQuotaManager$ThrottledChannelReaper)
[2023-07-09 10:52:21,585] INFO Loading logs. (kafka.log.LogManager)
[2023-07-09 10:52:21,600] INFO Logs loading complete in 15 ms. (kafka.log.LogManager)
[2023-07-09 10:52:21,647] INFO Starting log cleanup with a period of 300000 ms. (kafka.log.LogManager)
[2023-07-09 10:52:21,647] INFO Starting log flusher with a default period of 9223372036854775807 ms. (kafka.log.LogManager)
[2023-07-09 10:52:22,542] INFO Awaiting socket connections on localhost:9094. (kafka.network.Acceptor)
[2023-07-09 10:52:22,652] INFO [SocketServer brokerId=3] Created data-plane acceptor and processors for endpoint : EndPoint(localhost,9094,ListenerName(PLAINTEXT),PLAINTEXT) (kafka.network.SocketServer)
[2023-07-09 10:52:22,652] INFO [SocketServer brokerId=3] Started 1 acceptor threads for data-plane (kafka.network.SocketServer)
[2023-07-09 10:52:22,715] INFO [ExpirationReaper-3-Produce]: Starting (kafka.server.DelayedOperationPurgatory$ExpiredOperationReaper)
[2023-07-09 10:52:22,715] INFO [ExpirationReaper-3-Fetch]: Starting (kafka.server.DelayedOperationPurgatory$ExpiredOperationReaper)
[2023-07-09 10:52:22,715] INFO [ExpirationReaper-3-DeleteRecords]: Starting (kafka.server.DelayedOperationPurgatory$ExpiredOperationReaper)
[2023-07-09 10:52:22,715] INFO [ExpirationReaper-3-ElectLeader]: Starting (kafka.server.DelayedOperationPurgatory$ExpiredOperationReaper)
[2023-07-09 10:52:22,761] INFO [LogDirFailureHandler]: Starting (kafka.server.ReplicaManager$LogDirFailureHandler)
[2023-07-09 10:52:22,903] INFO Creating /brokers/ids/3 (is it secure? false) (kafka.zk.KafkaZkClient)
[2023-07-09 10:52:22,934] INFO Stat of the created znode at /brokers/ids/3 is: 43,43,1688880142919,1688880142919,1,0,0,72193560073732097,188,0,43
 (kafka.zk.KafkaZkClient)
[2023-07-09 10:52:22,957] INFO Registered broker 3 at path /brokers/ids/3 with addresses: ArraySeq(EndPoint(localhost,9094,ListenerName(PLAINTEXT),PLAINTEXT)), czxid (broker epoch): 43 (kafka.zk.KafkaZkClient)
[2023-07-09 10:52:23,139] INFO [ExpirationReaper-3-topic]: Starting (kafka.server.DelayedOperationPurgatory$ExpiredOperationReaper)
[2023-07-09 10:52:23,139] INFO [ExpirationReaper-3-Heartbeat]: Starting (kafka.server.DelayedOperationPurgatory$ExpiredOperationReaper)
[2023-07-09 10:52:23,139] INFO [ExpirationReaper-3-Rebalance]: Starting (kafka.server.DelayedOperationPurgatory$ExpiredOperationReaper)
[2023-07-09 10:52:23,217] INFO [GroupCoordinator 3]: Starting up. (kafka.coordinator.group.GroupCoordinator)
[2023-07-09 10:52:23,217] INFO [GroupCoordinator 3]: Startup complete. (kafka.coordinator.group.GroupCoordinator)
[2023-07-09 10:52:23,233] INFO [GroupMetadataManager brokerId=3] Removed 0 expired offsets in 16 milliseconds. (kafka.coordinator.group.GroupMetadataManager)
[2023-07-09 10:52:23,248] INFO [ProducerId Manager 3]: Acquired new producerId block (brokerId:3,blockStartProducerId:1000,blockEndProducerId:1999) by writing to Zk with path version 2 (kafka.coordinator.transaction.ProducerIdManager)
[2023-07-09 10:52:23,311] INFO [TransactionCoordinator id=3] Starting up. (kafka.coordinator.transaction.TransactionCoordinator)
[2023-07-09 10:52:23,311] INFO [TransactionCoordinator id=3] Startup complete. (kafka.coordinator.transaction.TransactionCoordinator)
[2023-07-09 10:52:23,311] INFO [Transaction Marker Channel Manager 3]: Starting (kafka.coordinator.transaction.TransactionMarkerChannelManager)
[2023-07-09 10:52:23,390] INFO [ExpirationReaper-3-AlterAcls]: Starting (kafka.server.DelayedOperationPurgatory$ExpiredOperationReaper)
[2023-07-09 10:52:23,436] INFO [/config/changes-event-process-thread]: Starting (kafka.common.ZkNodeChangeNotificationListener$ChangeEventProcessThread)
[2023-07-09 10:52:23,474] INFO [SocketServer brokerId=3] Started data-plane processors for 1 acceptors (kafka.network.SocketServer)
[2023-07-09 10:52:23,499] INFO Kafka version: 2.5.0 (org.apache.kafka.common.utils.AppInfoParser)
[2023-07-09 10:52:23,499] INFO Kafka commitId: 66563e712b0b9f84 (org.apache.kafka.common.utils.AppInfoParser)
[2023-07-09 10:52:23,499] INFO Kafka startTimeMs: 1688880143474 (org.apache.kafka.common.utils.AppInfoParser)
[2023-07-09 10:52:23,499] INFO [KafkaServer id=3] started (kafka.server.KafkaServer)
[2023-07-09 10:52:33,999] INFO [KafkaServer id=3] shutting down (kafka.server.KafkaServer)
[2023-07-09 10:52:33,999] INFO [KafkaServer id=3] Starting controlled shutdown (kafka.server.KafkaServer)
[2023-07-09 10:52:34,046] INFO [KafkaServer id=3] Controlled shutdown succeeded (kafka.server.KafkaServer)
[2023-07-09 10:52:34,061] INFO [/config/changes-event-process-thread]: Shutting down (kafka.common.ZkNodeChangeNotificationListener$ChangeEventProcessThread)
[2023-07-09 10:52:34,061] INFO [/config/changes-event-process-thread]: Shutdown completed (kafka.common.ZkNodeChangeNotificationListener$ChangeEventProcessThread)
[2023-07-09 10:52:34,061] INFO [/config/changes-event-process-thread]: Stopped (kafka.common.ZkNodeChangeNotificationListener$ChangeEventProcessThread)
[2023-07-09 10:52:34,061] INFO [SocketServer brokerId=3] Stopping socket server request processors (kafka.network.SocketServer)
[2023-07-09 10:52:34,093] INFO [SocketServer brokerId=3] Stopped socket server request processors (kafka.network.SocketServer)
[2023-07-09 10:52:34,093] INFO [data-plane Kafka Request Handler on Broker 3], shutting down (kafka.server.KafkaRequestHandlerPool)
[2023-07-09 10:52:34,109] INFO [data-plane Kafka Request Handler on Broker 3], shut down completely (kafka.server.KafkaRequestHandlerPool)
[2023-07-09 10:52:34,124] INFO [ExpirationReaper-3-AlterAcls]: Shutting down (kafka.server.DelayedOperationPurgatory$ExpiredOperationReaper)
[2023-07-09 10:52:34,234] INFO [ExpirationReaper-3-AlterAcls]: Shutdown completed (kafka.server.DelayedOperationPurgatory$ExpiredOperationReaper)
[2023-07-09 10:52:34,234] INFO [ExpirationReaper-3-AlterAcls]: Stopped (kafka.server.DelayedOperationPurgatory$ExpiredOperationReaper)
[2023-07-09 10:52:34,234] INFO [KafkaApi-3] Shutdown complete. (kafka.server.KafkaApis)
[2023-07-09 10:52:34,234] INFO [ExpirationReaper-3-topic]: Shutting down (kafka.server.DelayedOperationPurgatory$ExpiredOperationReaper)
[2023-07-09 10:52:34,375] INFO [ExpirationReaper-3-topic]: Shutdown completed (kafka.server.DelayedOperationPurgatory$ExpiredOperationReaper)
[2023-07-09 10:52:34,375] INFO [ExpirationReaper-3-topic]: Stopped (kafka.server.DelayedOperationPurgatory$ExpiredOperationReaper)
[2023-07-09 10:52:34,375] INFO [TransactionCoordinator id=3] Shutting down. (kafka.coordinator.transaction.TransactionCoordinator)
[2023-07-09 10:52:34,375] INFO [ProducerId Manager 3]: Shutdown complete: last producerId assigned 1000 (kafka.coordinator.transaction.ProducerIdManager)
[2023-07-09 10:52:34,375] INFO [Transaction State Manager 3]: Shutdown complete (kafka.coordinator.transaction.TransactionStateManager)
[2023-07-09 10:52:34,375] INFO [Transaction Marker Channel Manager 3]: Shutting down (kafka.coordinator.transaction.TransactionMarkerChannelManager)
[2023-07-09 10:52:34,375] INFO [Transaction Marker Channel Manager 3]: Stopped (kafka.coordinator.transaction.TransactionMarkerChannelManager)
[2023-07-09 10:52:34,375] INFO [Transaction Marker Channel Manager 3]: Shutdown completed (kafka.coordinator.transaction.TransactionMarkerChannelManager)
[2023-07-09 10:52:34,391] INFO [TransactionCoordinator id=3] Shutdown complete. (kafka.coordinator.transaction.TransactionCoordinator)
[2023-07-09 10:52:34,392] INFO [GroupCoordinator 3]: Shutting down. (kafka.coordinator.group.GroupCoordinator)
[2023-07-09 10:52:34,392] INFO [ExpirationReaper-3-Heartbeat]: Shutting down (kafka.server.DelayedOperationPurgatory$ExpiredOperationReaper)
[2023-07-09 10:52:34,596] INFO [ExpirationReaper-3-Heartbeat]: Stopped (kafka.server.DelayedOperationPurgatory$ExpiredOperationReaper)
[2023-07-09 10:52:34,596] INFO [ExpirationReaper-3-Heartbeat]: Shutdown completed (kafka.server.DelayedOperationPurgatory$ExpiredOperationReaper)
[2023-07-09 10:52:34,596] INFO [ExpirationReaper-3-Rebalance]: Shutting down (kafka.server.DelayedOperationPurgatory$ExpiredOperationReaper)
[2023-07-09 10:52:34,800] INFO [ExpirationReaper-3-Rebalance]: Stopped (kafka.server.DelayedOperationPurgatory$ExpiredOperationReaper)
[2023-07-09 10:52:34,800] INFO [ExpirationReaper-3-Rebalance]: Shutdown completed (kafka.server.DelayedOperationPurgatory$ExpiredOperationReaper)
[2023-07-09 10:52:34,800] INFO [GroupCoordinator 3]: Shutdown complete. (kafka.coordinator.group.GroupCoordinator)
[2023-07-09 10:52:34,800] INFO [ReplicaManager broker=3] Shutting down (kafka.server.ReplicaManager)
[2023-07-09 10:52:34,800] INFO [LogDirFailureHandler]: Shutting down (kafka.server.ReplicaManager$LogDirFailureHandler)
[2023-07-09 10:52:34,800] INFO [LogDirFailureHandler]: Stopped (kafka.server.ReplicaManager$LogDirFailureHandler)
[2023-07-09 10:52:34,800] INFO [LogDirFailureHandler]: Shutdown completed (kafka.server.ReplicaManager$LogDirFailureHandler)
[2023-07-09 10:52:34,800] INFO [ReplicaFetcherManager on broker 3] shutting down (kafka.server.ReplicaFetcherManager)
[2023-07-09 10:52:34,800] INFO [ReplicaFetcherManager on broker 3] shutdown completed (kafka.server.ReplicaFetcherManager)
[2023-07-09 10:52:34,800] INFO [ReplicaAlterLogDirsManager on broker 3] shutting down (kafka.server.ReplicaAlterLogDirsManager)
[2023-07-09 10:52:34,800] INFO [ReplicaAlterLogDirsManager on broker 3] shutdown completed (kafka.server.ReplicaAlterLogDirsManager)
[2023-07-09 10:52:34,800] INFO [ExpirationReaper-3-Fetch]: Shutting down (kafka.server.DelayedOperationPurgatory$ExpiredOperationReaper)
[2023-07-09 10:52:34,987] INFO [ExpirationReaper-3-Fetch]: Stopped (kafka.server.DelayedOperationPurgatory$ExpiredOperationReaper)
[2023-07-09 10:52:34,987] INFO [ExpirationReaper-3-Fetch]: Shutdown completed (kafka.server.DelayedOperationPurgatory$ExpiredOperationReaper)
[2023-07-09 10:52:34,987] INFO [ExpirationReaper-3-Produce]: Shutting down (kafka.server.DelayedOperationPurgatory$ExpiredOperationReaper)
[2023-07-09 10:52:35,191] INFO [ExpirationReaper-3-Produce]: Shutdown completed (kafka.server.DelayedOperationPurgatory$ExpiredOperationReaper)
[2023-07-09 10:52:35,191] INFO [ExpirationReaper-3-Produce]: Stopped (kafka.server.DelayedOperationPurgatory$ExpiredOperationReaper)
[2023-07-09 10:52:35,194] INFO [ExpirationReaper-3-DeleteRecords]: Shutting down (kafka.server.DelayedOperationPurgatory$ExpiredOperationReaper)
[2023-07-09 10:52:35,396] INFO [ExpirationReaper-3-DeleteRecords]: Stopped (kafka.server.DelayedOperationPurgatory$ExpiredOperationReaper)
[2023-07-09 10:52:35,396] INFO [ExpirationReaper-3-DeleteRecords]: Shutdown completed (kafka.server.DelayedOperationPurgatory$ExpiredOperationReaper)
[2023-07-09 10:52:35,396] INFO [ExpirationReaper-3-ElectLeader]: Shutting down (kafka.server.DelayedOperationPurgatory$ExpiredOperationReaper)
[2023-07-09 10:52:35,600] INFO [ExpirationReaper-3-ElectLeader]: Stopped (kafka.server.DelayedOperationPurgatory$ExpiredOperationReaper)
[2023-07-09 10:52:35,600] INFO [ExpirationReaper-3-ElectLeader]: Shutdown completed (kafka.server.DelayedOperationPurgatory$ExpiredOperationReaper)
[2023-07-09 10:52:35,615] INFO [ReplicaManager broker=3] Shut down completely (kafka.server.ReplicaManager)
[2023-07-09 10:52:35,615] INFO Shutting down. (kafka.log.LogManager)
[2023-07-09 10:52:35,647] INFO Shutdown complete. (kafka.log.LogManager)
[2023-07-09 10:52:35,647] INFO [ZooKeeperClient Kafka server] Closing. (kafka.zookeeper.ZooKeeperClient)
[2023-07-09 10:52:35,772] INFO Session: 0x1007ba90f440001 closed (org.apache.zookeeper.ZooKeeper)
[2023-07-09 10:52:35,772] INFO EventThread shut down for session: 0x1007ba90f440001 (org.apache.zookeeper.ClientCnxn)
[2023-07-09 10:52:35,772] INFO [ZooKeeperClient Kafka server] Closed. (kafka.zookeeper.ZooKeeperClient)
[2023-07-09 10:52:35,772] INFO [ThrottledChannelReaper-Fetch]: Shutting down (kafka.server.ClientQuotaManager$ThrottledChannelReaper)
[2023-07-09 10:52:36,635] INFO [ThrottledChannelReaper-Fetch]: Stopped (kafka.server.ClientQuotaManager$ThrottledChannelReaper)
[2023-07-09 10:52:36,635] INFO [ThrottledChannelReaper-Fetch]: Shutdown completed (kafka.server.ClientQuotaManager$ThrottledChannelReaper)
[2023-07-09 10:52:36,635] INFO [ThrottledChannelReaper-Produce]: Shutting down (kafka.server.ClientQuotaManager$ThrottledChannelReaper)
[2023-07-09 10:52:37,625] INFO [ThrottledChannelReaper-Produce]: Stopped (kafka.server.ClientQuotaManager$ThrottledChannelReaper)
[2023-07-09 10:52:37,625] INFO [ThrottledChannelReaper-Produce]: Shutdown completed (kafka.server.ClientQuotaManager$ThrottledChannelReaper)
[2023-07-09 10:52:37,625] INFO [ThrottledChannelReaper-Request]: Shutting down (kafka.server.ClientQuotaManager$ThrottledChannelReaper)
[2023-07-09 10:52:38,630] INFO [ThrottledChannelReaper-Request]: Stopped (kafka.server.ClientQuotaManager$ThrottledChannelReaper)
[2023-07-09 10:52:38,630] INFO [ThrottledChannelReaper-Request]: Shutdown completed (kafka.server.ClientQuotaManager$ThrottledChannelReaper)
[2023-07-09 10:52:38,630] INFO [SocketServer brokerId=3] Shutting down socket server (kafka.network.SocketServer)
[2023-07-09 10:52:38,677] INFO [SocketServer brokerId=3] Shutdown completed (kafka.network.SocketServer)
[2023-07-09 10:52:38,677] INFO [KafkaServer id=3] shut down completed (kafka.server.KafkaServer)
[2023-07-09 10:52:46,560] INFO [KafkaServer id=1] shutting down (kafka.server.KafkaServer)
[2023-07-09 10:52:46,560] INFO [KafkaServer id=1] Starting controlled shutdown (kafka.server.KafkaServer)
[2023-07-09 10:52:46,591] INFO [KafkaServer id=1] Controlled shutdown succeeded (kafka.server.KafkaServer)
[2023-07-09 10:52:46,591] INFO [/config/changes-event-process-thread]: Shutting down (kafka.common.ZkNodeChangeNotificationListener$ChangeEventProcessThread)
[2023-07-09 10:52:46,591] INFO [/config/changes-event-process-thread]: Stopped (kafka.common.ZkNodeChangeNotificationListener$ChangeEventProcessThread)
[2023-07-09 10:52:46,591] INFO [/config/changes-event-process-thread]: Shutdown completed (kafka.common.ZkNodeChangeNotificationListener$ChangeEventProcessThread)
[2023-07-09 10:52:46,591] INFO [SocketServer brokerId=1] Stopping socket server request processors (kafka.network.SocketServer)
[2023-07-09 10:52:46,615] INFO [SocketServer brokerId=1] Stopped socket server request processors (kafka.network.SocketServer)
[2023-07-09 10:52:46,623] INFO [data-plane Kafka Request Handler on Broker 1], shutting down (kafka.server.KafkaRequestHandlerPool)
[2023-07-09 10:52:46,623] INFO [data-plane Kafka Request Handler on Broker 1], shut down completely (kafka.server.KafkaRequestHandlerPool)
[2023-07-09 10:52:46,639] INFO [ExpirationReaper-1-AlterAcls]: Shutting down (kafka.server.DelayedOperationPurgatory$ExpiredOperationReaper)
[2023-07-09 10:52:46,701] INFO [ExpirationReaper-1-AlterAcls]: Stopped (kafka.server.DelayedOperationPurgatory$ExpiredOperationReaper)
[2023-07-09 10:52:46,701] INFO [ExpirationReaper-1-AlterAcls]: Shutdown completed (kafka.server.DelayedOperationPurgatory$ExpiredOperationReaper)
[2023-07-09 10:52:46,701] INFO [KafkaApi-1] Shutdown complete. (kafka.server.KafkaApis)
[2023-07-09 10:52:46,701] INFO [ExpirationReaper-1-topic]: Shutting down (kafka.server.DelayedOperationPurgatory$ExpiredOperationReaper)
[2023-07-09 10:52:46,859] INFO [ExpirationReaper-1-topic]: Stopped (kafka.server.DelayedOperationPurgatory$ExpiredOperationReaper)
[2023-07-09 10:52:46,859] INFO [ExpirationReaper-1-topic]: Shutdown completed (kafka.server.DelayedOperationPurgatory$ExpiredOperationReaper)
[2023-07-09 10:52:46,859] INFO [TransactionCoordinator id=1] Shutting down. (kafka.coordinator.transaction.TransactionCoordinator)
[2023-07-09 10:52:46,859] INFO [ProducerId Manager 1]: Shutdown complete: last producerId assigned 0 (kafka.coordinator.transaction.ProducerIdManager)
[2023-07-09 10:52:46,859] INFO [Transaction State Manager 1]: Shutdown complete (kafka.coordinator.transaction.TransactionStateManager)
[2023-07-09 10:52:46,859] INFO [Transaction Marker Channel Manager 1]: Shutting down (kafka.coordinator.transaction.TransactionMarkerChannelManager)
[2023-07-09 10:52:46,874] INFO [Transaction Marker Channel Manager 1]: Stopped (kafka.coordinator.transaction.TransactionMarkerChannelManager)
[2023-07-09 10:52:46,874] INFO [Transaction Marker Channel Manager 1]: Shutdown completed (kafka.coordinator.transaction.TransactionMarkerChannelManager)
[2023-07-09 10:52:46,874] INFO [TransactionCoordinator id=1] Shutdown complete. (kafka.coordinator.transaction.TransactionCoordinator)
[2023-07-09 10:52:46,874] INFO [GroupCoordinator 1]: Shutting down. (kafka.coordinator.group.GroupCoordinator)
[2023-07-09 10:52:46,874] INFO [ExpirationReaper-1-Heartbeat]: Shutting down (kafka.server.DelayedOperationPurgatory$ExpiredOperationReaper)
[2023-07-09 10:52:47,063] INFO [ExpirationReaper-1-Heartbeat]: Stopped (kafka.server.DelayedOperationPurgatory$ExpiredOperationReaper)
[2023-07-09 10:52:47,063] INFO [ExpirationReaper-1-Heartbeat]: Shutdown completed (kafka.server.DelayedOperationPurgatory$ExpiredOperationReaper)
[2023-07-09 10:52:47,063] INFO [ExpirationReaper-1-Rebalance]: Shutting down (kafka.server.DelayedOperationPurgatory$ExpiredOperationReaper)
[2023-07-09 10:52:47,267] INFO [ExpirationReaper-1-Rebalance]: Stopped (kafka.server.DelayedOperationPurgatory$ExpiredOperationReaper)
[2023-07-09 10:52:47,267] INFO [ExpirationReaper-1-Rebalance]: Shutdown completed (kafka.server.DelayedOperationPurgatory$ExpiredOperationReaper)
[2023-07-09 10:52:47,267] INFO [GroupCoordinator 1]: Shutdown complete. (kafka.coordinator.group.GroupCoordinator)
[2023-07-09 10:52:47,267] INFO [ReplicaManager broker=1] Shutting down (kafka.server.ReplicaManager)
[2023-07-09 10:52:47,267] INFO [LogDirFailureHandler]: Shutting down (kafka.server.ReplicaManager$LogDirFailureHandler)
[2023-07-09 10:52:47,267] INFO [LogDirFailureHandler]: Stopped (kafka.server.ReplicaManager$LogDirFailureHandler)
[2023-07-09 10:52:47,267] INFO [LogDirFailureHandler]: Shutdown completed (kafka.server.ReplicaManager$LogDirFailureHandler)
[2023-07-09 10:52:47,267] INFO [ReplicaFetcherManager on broker 1] shutting down (kafka.server.ReplicaFetcherManager)
[2023-07-09 10:52:47,267] INFO [ReplicaFetcherManager on broker 1] shutdown completed (kafka.server.ReplicaFetcherManager)
[2023-07-09 10:52:47,267] INFO [ReplicaAlterLogDirsManager on broker 1] shutting down (kafka.server.ReplicaAlterLogDirsManager)
[2023-07-09 10:52:47,267] INFO [ReplicaAlterLogDirsManager on broker 1] shutdown completed (kafka.server.ReplicaAlterLogDirsManager)
[2023-07-09 10:52:47,267] INFO [ExpirationReaper-1-Fetch]: Shutting down (kafka.server.DelayedOperationPurgatory$ExpiredOperationReaper)
[2023-07-09 10:52:47,330] INFO [ExpirationReaper-1-Fetch]: Shutdown completed (kafka.server.DelayedOperationPurgatory$ExpiredOperationReaper)
[2023-07-09 10:52:47,330] INFO [ExpirationReaper-1-Fetch]: Stopped (kafka.server.DelayedOperationPurgatory$ExpiredOperationReaper)
[2023-07-09 10:52:47,330] INFO [ExpirationReaper-1-Produce]: Shutting down (kafka.server.DelayedOperationPurgatory$ExpiredOperationReaper)
[2023-07-09 10:52:47,361] INFO [ExpirationReaper-1-Produce]: Shutdown completed (kafka.server.DelayedOperationPurgatory$ExpiredOperationReaper)
[2023-07-09 10:52:47,361] INFO [ExpirationReaper-1-Produce]: Stopped (kafka.server.DelayedOperationPurgatory$ExpiredOperationReaper)
[2023-07-09 10:52:47,361] INFO [ExpirationReaper-1-DeleteRecords]: Shutting down (kafka.server.DelayedOperationPurgatory$ExpiredOperationReaper)
[2023-07-09 10:52:47,534] INFO [ExpirationReaper-1-DeleteRecords]: Stopped (kafka.server.DelayedOperationPurgatory$ExpiredOperationReaper)
[2023-07-09 10:52:47,534] INFO [ExpirationReaper-1-DeleteRecords]: Shutdown completed (kafka.server.DelayedOperationPurgatory$ExpiredOperationReaper)
[2023-07-09 10:52:47,534] INFO [ExpirationReaper-1-ElectLeader]: Shutting down (kafka.server.DelayedOperationPurgatory$ExpiredOperationReaper)
[2023-07-09 10:52:47,565] INFO [ExpirationReaper-1-ElectLeader]: Stopped (kafka.server.DelayedOperationPurgatory$ExpiredOperationReaper)
[2023-07-09 10:52:47,565] INFO [ExpirationReaper-1-ElectLeader]: Shutdown completed (kafka.server.DelayedOperationPurgatory$ExpiredOperationReaper)
[2023-07-09 10:52:47,581] INFO [ReplicaManager broker=1] Shut down completely (kafka.server.ReplicaManager)
[2023-07-09 10:52:47,581] INFO Shutting down. (kafka.log.LogManager)
[2023-07-09 10:52:47,597] INFO Shutdown complete. (kafka.log.LogManager)
[2023-07-09 10:52:47,617] INFO [ZooKeeperClient Kafka server] Closing. (kafka.zookeeper.ZooKeeperClient)
[2023-07-09 10:52:47,738] INFO Session: 0x1007ba90f440000 closed (org.apache.zookeeper.ZooKeeper)
[2023-07-09 10:52:47,738] INFO EventThread shut down for session: 0x1007ba90f440000 (org.apache.zookeeper.ClientCnxn)
[2023-07-09 10:52:47,738] INFO [ZooKeeperClient Kafka server] Closed. (kafka.zookeeper.ZooKeeperClient)
[2023-07-09 10:52:47,738] INFO [ThrottledChannelReaper-Fetch]: Shutting down (kafka.server.ClientQuotaManager$ThrottledChannelReaper)
[2023-07-09 10:52:48,727] INFO [ThrottledChannelReaper-Fetch]: Shutdown completed (kafka.server.ClientQuotaManager$ThrottledChannelReaper)
[2023-07-09 10:52:48,727] INFO [ThrottledChannelReaper-Fetch]: Stopped (kafka.server.ClientQuotaManager$ThrottledChannelReaper)
[2023-07-09 10:52:48,727] INFO [ThrottledChannelReaper-Produce]: Shutting down (kafka.server.ClientQuotaManager$ThrottledChannelReaper)
[2023-07-09 10:52:49,731] INFO [ThrottledChannelReaper-Produce]: Stopped (kafka.server.ClientQuotaManager$ThrottledChannelReaper)
[2023-07-09 10:52:49,731] INFO [ThrottledChannelReaper-Produce]: Shutdown completed (kafka.server.ClientQuotaManager$ThrottledChannelReaper)
[2023-07-09 10:52:49,731] INFO [ThrottledChannelReaper-Request]: Shutting down (kafka.server.ClientQuotaManager$ThrottledChannelReaper)
[2023-07-09 10:52:50,735] INFO [ThrottledChannelReaper-Request]: Stopped (kafka.server.ClientQuotaManager$ThrottledChannelReaper)
[2023-07-09 10:52:50,735] INFO [ThrottledChannelReaper-Request]: Shutdown completed (kafka.server.ClientQuotaManager$ThrottledChannelReaper)
[2023-07-09 10:52:50,735] INFO [SocketServer brokerId=1] Shutting down socket server (kafka.network.SocketServer)
[2023-07-09 10:52:50,782] INFO [SocketServer brokerId=1] Shutdown completed (kafka.network.SocketServer)
[2023-07-09 10:52:50,798] INFO [KafkaServer id=1] shut down completed (kafka.server.KafkaServer)
