2023-07-04 15:26:06,021 [myid:] - INFO  [main:QuorumPeerConfig@135] - Reading configuration from: C:\PracticeJava\Kafka\apache-zookeeper-3.5.7-bin\conf\zoo.cfg
2023-07-04 15:26:06,031 [myid:] - WARN  [main:VerifyingFileFactory@59] - \tmp\zookeeper is relative. Prepend .\ to indicate that you're sure!
2023-07-04 15:26:06,051 [myid:] - INFO  [main:QuorumPeerConfig@387] - clientPortAddress is 0.0.0.0:2181
2023-07-04 15:26:06,052 [myid:] - INFO  [main:QuorumPeerConfig@391] - secureClientPort is not set
2023-07-04 15:26:06,055 [myid:] - INFO  [main:DatadirCleanupManager@78] - autopurge.snapRetainCount set to 3
2023-07-04 15:26:06,056 [myid:] - INFO  [main:DatadirCleanupManager@79] - autopurge.purgeInterval set to 0
2023-07-04 15:26:06,056 [myid:] - INFO  [main:DatadirCleanupManager@101] - Purge task is not scheduled.
2023-07-04 15:26:06,056 [myid:] - WARN  [main:QuorumPeerMain@125] - Either no config or no quorum defined in config, running  in standalone mode
2023-07-04 15:26:06,058 [myid:] - INFO  [main:ManagedUtil@46] - Log4j found with jmx enabled.
2023-07-04 15:26:06,090 [myid:] - INFO  [main:QuorumPeerConfig@135] - Reading configuration from: C:\PracticeJava\Kafka\apache-zookeeper-3.5.7-bin\conf\zoo.cfg
2023-07-04 15:26:06,092 [myid:] - WARN  [main:VerifyingFileFactory@59] - \tmp\zookeeper is relative. Prepend .\ to indicate that you're sure!
2023-07-04 15:26:06,092 [myid:] - INFO  [main:QuorumPeerConfig@387] - clientPortAddress is 0.0.0.0:2181
2023-07-04 15:26:06,092 [myid:] - INFO  [main:QuorumPeerConfig@391] - secureClientPort is not set
2023-07-04 15:26:06,093 [myid:] - INFO  [main:ZooKeeperServerMain@117] - Starting server
2023-07-04 15:26:06,099 [myid:] - INFO  [main:FileTxnSnapLog@115] - zookeeper.snapshot.trust.empty : false
2023-07-04 15:26:06,125 [myid:] - INFO  [main:Environment@109] - Server environment:zookeeper.version=3.5.7-f0fdd52973d373ffd9c86b81d99842dc2c7f660e, built on 02/10/2020 11:30 GMT
2023-07-04 15:26:06,127 [myid:] - INFO  [main:Environment@109] - Server environment:host.name=DESKTOP-KOBU9QU
2023-07-04 15:26:06,127 [myid:] - INFO  [main:Environment@109] - Server environment:java.version=11.0.18
2023-07-04 15:26:06,127 [myid:] - INFO  [main:Environment@109] - Server environment:java.vendor=Oracle Corporation
2023-07-04 15:26:06,127 [myid:] - INFO  [main:Environment@109] - Server environment:java.home=C:\PracticeJava\jdk-11.0.18
2023-07-04 15:26:06,127 [myid:] - INFO  [main:Environment@109] - Server environment:java.class.path=C:\PracticeJava\Kafka\apache-zookeeper-3.5.7-bin\zookeeper-server\target\classes;C:\PracticeJava\Kafka\apache-zookeeper-3.5.7-bin\build\classes;C:\PracticeJava\Kafka\apache-zookeeper-3.5.7-bin\zookeeper-server\target\lib\*.jar;C:\PracticeJava\Kafka\apache-zookeeper-3.5.7-bin\build\lib\*.jar;C:\PracticeJava\Kafka\apache-zookeeper-3.5.7-bin\lib\zookeeper-jute-3.5.7.jar;C:\PracticeJava\Kafka\apache-zookeeper-3.5.7-bin\lib\zookeeper-3.5.7.jar;C:\PracticeJava\Kafka\apache-zookeeper-3.5.7-bin\lib\slf4j-log4j12-1.7.25.jar;C:\PracticeJava\Kafka\apache-zookeeper-3.5.7-bin\lib\slf4j-api-1.7.25.jar;C:\PracticeJava\Kafka\apache-zookeeper-3.5.7-bin\lib\netty-transport-native-unix-common-4.1.45.Final.jar;C:\PracticeJava\Kafka\apache-zookeeper-3.5.7-bin\lib\netty-transport-native-epoll-4.1.45.Final.jar;C:\PracticeJava\Kafka\apache-zookeeper-3.5.7-bin\lib\netty-transport-4.1.45.Final.jar;C:\PracticeJava\Kafka\apache-zookeeper-3.5.7-bin\lib\netty-resolver-4.1.45.Final.jar;C:\PracticeJava\Kafka\apache-zookeeper-3.5.7-bin\lib\netty-handler-4.1.45.Final.jar;C:\PracticeJava\Kafka\apache-zookeeper-3.5.7-bin\lib\netty-common-4.1.45.Final.jar;C:\PracticeJava\Kafka\apache-zookeeper-3.5.7-bin\lib\netty-codec-4.1.45.Final.jar;C:\PracticeJava\Kafka\apache-zookeeper-3.5.7-bin\lib\netty-buffer-4.1.45.Final.jar;C:\PracticeJava\Kafka\apache-zookeeper-3.5.7-bin\lib\log4j-1.2.17.jar;C:\PracticeJava\Kafka\apache-zookeeper-3.5.7-bin\lib\json-simple-1.1.1.jar;C:\PracticeJava\Kafka\apache-zookeeper-3.5.7-bin\lib\jline-2.11.jar;C:\PracticeJava\Kafka\apache-zookeeper-3.5.7-bin\lib\jetty-util-9.4.24.v20191120.jar;C:\PracticeJava\Kafka\apache-zookeeper-3.5.7-bin\lib\jetty-servlet-9.4.24.v20191120.jar;C:\PracticeJava\Kafka\apache-zookeeper-3.5.7-bin\lib\jetty-server-9.4.24.v20191120.jar;C:\PracticeJava\Kafka\apache-zookeeper-3.5.7-bin\lib\jetty-security-9.4.24.v20191120.jar;C:\PracticeJava\Kafka\apache-zookeeper-3.5.7-bin\lib\jetty-io-9.4.24.v20191120.jar;C:\PracticeJava\Kafka\apache-zookeeper-3.5.7-bin\lib\jetty-http-9.4.24.v20191120.jar;C:\PracticeJava\Kafka\apache-zookeeper-3.5.7-bin\lib\javax.servlet-api-3.1.0.jar;C:\PracticeJava\Kafka\apache-zookeeper-3.5.7-bin\lib\jackson-databind-2.9.10.2.jar;C:\PracticeJava\Kafka\apache-zookeeper-3.5.7-bin\lib\jackson-core-2.9.10.jar;C:\PracticeJava\Kafka\apache-zookeeper-3.5.7-bin\lib\jackson-annotations-2.9.10.jar;C:\PracticeJava\Kafka\apache-zookeeper-3.5.7-bin\lib\commons-cli-1.2.jar;C:\PracticeJava\Kafka\apache-zookeeper-3.5.7-bin\lib\audience-annotations-0.5.0.jar;C:\PracticeJava\Kafka\apache-zookeeper-3.5.7-bin\zookeeper-*.jar;C:\PracticeJava\Kafka\apache-zookeeper-3.5.7-bin\zookeeper-server\src\main\resources\lib\*.jar;C:\PracticeJava\Kafka\apache-zookeeper-3.5.7-bin\conf;.
2023-07-04 15:26:06,128 [myid:] - INFO  [main:Environment@109] - Server environment:java.library.path=C:\PracticeJava\jdk-11.0.18\bin;C:\WINDOWS\Sun\Java\bin;C:\WINDOWS\system32;C:\WINDOWS;C:\Users\sagar\bin;C:\Program Files\Git\mingw64\bin;C:\Program Files\Git\usr\local\bin;C:\Program Files\Git\usr\bin;C:\Program Files\Git\usr\bin;C:\Program Files\Git\mingw64\bin;C:\Program Files\Git\usr\bin;C:\Users\sagar\bin;C:\WINDOWS\system32;C:\WINDOWS;C:\WINDOWS\System32\Wbem;C:\WINDOWS\System32\WindowsPowerShell\v1.0;C:\WINDOWS\System32\OpenSSH;%JAVA_HOME%\bin;C:\Program Files\Git\cmd;C:\Program Files\apache-maven-3.6.1\bin;C:\Program Files\TortoiseGit\bin;%MAVEN_HOME\bin;C:\Program Files\Notepad++;C:\Program Files\MongoDB\Server\4.2\bin;C:\Program Files (x86)\Groovy\bin;C:\Program Files\Perforce;C:\Program Files (x86)\gradle-7.2\bin;C:\Program Files (x86)\Intel\Intel(R) Management Engine Components\DAL;C:\Program Files\Intel\Intel(R) Management Engine Components\DAL;C:\Windows\SysWOW64;C:\Program Files\dotnet;C:\Program Files\Notepad++;C:\Users\sagar\AppData\Local\Programs\Microsoft VS Code Insiders\bin;C:\PracticeJava\jdk-11.0.18\bin;C:\Users\sagar\AppData\Local\GitHubDesktop\bin;C:\Users\sagar\AppData\Local\Microsoft\WindowsApps;C:\Windows\SysWOW64;C:\Program Files\Git\usr\bin\vendor_perl;C:\Program Files\Git\usr\bin\core_perl;.
2023-07-04 15:26:06,128 [myid:] - INFO  [main:Environment@109] - Server environment:java.io.tmpdir=C:\Users\sagar\AppData\Local\Temp\
2023-07-04 15:26:06,128 [myid:] - INFO  [main:Environment@109] - Server environment:java.compiler=<NA>
2023-07-04 15:26:06,128 [myid:] - INFO  [main:Environment@109] - Server environment:os.name=Windows 11
2023-07-04 15:26:06,129 [myid:] - INFO  [main:Environment@109] - Server environment:os.arch=amd64
2023-07-04 15:26:06,129 [myid:] - INFO  [main:Environment@109] - Server environment:os.version=10.0
2023-07-04 15:26:06,129 [myid:] - INFO  [main:Environment@109] - Server environment:user.name=sagar
2023-07-04 15:26:06,129 [myid:] - INFO  [main:Environment@109] - Server environment:user.home=C:\Users\sagar
2023-07-04 15:26:06,130 [myid:] - INFO  [main:Environment@109] - Server environment:user.dir=C:\PracticeJava\Kafka\apache-zookeeper-3.5.7-bin
2023-07-04 15:26:06,130 [myid:] - INFO  [main:Environment@109] - Server environment:os.memory.free=116MB
2023-07-04 15:26:06,130 [myid:] - INFO  [main:Environment@109] - Server environment:os.memory.max=1000MB
2023-07-04 15:26:06,130 [myid:] - INFO  [main:Environment@109] - Server environment:os.memory.total=128MB
2023-07-04 15:26:06,133 [myid:] - INFO  [main:ZooKeeperServer@938] - minSessionTimeout set to 4000
2023-07-04 15:26:06,133 [myid:] - INFO  [main:ZooKeeperServer@947] - maxSessionTimeout set to 40000
2023-07-04 15:26:06,134 [myid:] - INFO  [main:ZooKeeperServer@166] - Created server with tickTime 2000 minSessionTimeout 4000 maxSessionTimeout 40000 datadir \tmp\zookeeper\version-2 snapdir \tmp\zookeeper\version-2
2023-07-04 15:26:06,176 [myid:] - INFO  [main:Log@169] - Logging initialized @1617ms to org.eclipse.jetty.util.log.Slf4jLog
2023-07-04 15:26:06,375 [myid:] - WARN  [main:ContextHandler@1520] - o.e.j.s.ServletContextHandler@cb0755b{/,null,UNAVAILABLE} contextPath ends with /*
2023-07-04 15:26:06,376 [myid:] - WARN  [main:ContextHandler@1531] - Empty contextPath
2023-07-04 15:26:06,418 [myid:] - INFO  [main:Server@359] - jetty-9.4.24.v20191120; built: 2019-11-20T21:37:49.771Z; git: 363d5f2df3a8a28de40604320230664b9c793c16; jvm 11.0.18+9-LTS-195
2023-07-04 15:26:06,495 [myid:] - INFO  [main:DefaultSessionIdManager@333] - DefaultSessionIdManager workerName=node0
2023-07-04 15:26:06,495 [myid:] - INFO  [main:DefaultSessionIdManager@338] - No SessionScavenger set, using defaults
2023-07-04 15:26:06,499 [myid:] - INFO  [main:HouseKeeper@140] - node0 Scavenging every 600000ms
2023-07-04 15:26:06,527 [myid:] - INFO  [main:ContextHandler@825] - Started o.e.j.s.ServletContextHandler@cb0755b{/,null,AVAILABLE}
2023-07-04 15:26:06,545 [myid:] - ERROR [main:ZooKeeperServerMain@79] - Unable to start AdminServer, exiting abnormally
org.apache.zookeeper.server.admin.AdminServer$AdminServerException: Problem starting AdminServer on address 0.0.0.0, port 8080 and command URL /commands
	at org.apache.zookeeper.server.admin.JettyAdminServer.start(JettyAdminServer.java:107)
	at org.apache.zookeeper.server.ZooKeeperServerMain.runFromConfig(ZooKeeperServerMain.java:138)
	at org.apache.zookeeper.server.ZooKeeperServerMain.initializeAndRun(ZooKeeperServerMain.java:106)
	at org.apache.zookeeper.server.ZooKeeperServerMain.main(ZooKeeperServerMain.java:64)
	at org.apache.zookeeper.server.quorum.QuorumPeerMain.initializeAndRun(QuorumPeerMain.java:128)
	at org.apache.zookeeper.server.quorum.QuorumPeerMain.main(QuorumPeerMain.java:82)
Caused by: java.io.IOException: Failed to bind to /0.0.0.0:8080
	at org.eclipse.jetty.server.ServerConnector.openAcceptChannel(ServerConnector.java:346)
	at org.eclipse.jetty.server.ServerConnector.open(ServerConnector.java:307)
	at org.eclipse.jetty.server.AbstractNetworkConnector.doStart(AbstractNetworkConnector.java:80)
	at org.eclipse.jetty.server.ServerConnector.doStart(ServerConnector.java:231)
	at org.eclipse.jetty.util.component.AbstractLifeCycle.start(AbstractLifeCycle.java:72)
	at org.eclipse.jetty.server.Server.doStart(Server.java:385)
	at org.eclipse.jetty.util.component.AbstractLifeCycle.start(AbstractLifeCycle.java:72)
	at org.apache.zookeeper.server.admin.JettyAdminServer.start(JettyAdminServer.java:103)
	... 5 more
Caused by: java.net.BindException: Address already in use: bind
	at java.base/sun.nio.ch.Net.bind0(Native Method)
	at java.base/sun.nio.ch.Net.bind(Net.java:459)
	at java.base/sun.nio.ch.Net.bind(Net.java:448)
	at java.base/sun.nio.ch.ServerSocketChannelImpl.bind(ServerSocketChannelImpl.java:227)
	at java.base/sun.nio.ch.ServerSocketAdaptor.bind(ServerSocketAdaptor.java:80)
	at org.eclipse.jetty.server.ServerConnector.openAcceptChannel(ServerConnector.java:342)
	... 12 more
Unable to start AdminServer, exiting abnormally
