[2023-07-08 10:22:26,786] INFO [ControllerEventThread controllerId=3] Starting (kafka.controller.ControllerEventManager$ControllerEventThread)
[2023-07-08 10:22:26,849] DEBUG [Controller id=3] Broker 1 has been elected as the controller, so stopping the election process. (kafka.controller.KafkaController)
[2023-07-08 10:35:27,691] INFO [ControllerEventThread controllerId=3] Shutting down (kafka.controller.ControllerEventManager$ControllerEventThread)
[2023-07-08 10:35:27,691] INFO [ControllerEventThread controllerId=3] Shutdown completed (kafka.controller.ControllerEventManager$ControllerEventThread)
[2023-07-08 10:35:27,691] INFO [ControllerEventThread controllerId=3] Stopped (kafka.controller.ControllerEventManager$ControllerEventThread)
[2023-07-08 10:35:27,691] DEBUG [Controller id=3] Resigning (kafka.controller.KafkaController)
[2023-07-08 10:35:27,691] DEBUG [Controller id=3] Unregister BrokerModifications handler for Set() (kafka.controller.KafkaController)
[2023-07-08 10:35:27,706] INFO [PartitionStateMachine controllerId=3] Stopped partition state machine (kafka.controller.ZkPartitionStateMachine)
[2023-07-08 10:35:27,706] INFO [ReplicaStateMachine controllerId=3] Stopped replica state machine (kafka.controller.ZkReplicaStateMachine)
[2023-07-08 10:35:27,706] INFO [Controller id=3] Resigned (kafka.controller.KafkaController)
[2023-07-08 10:37:34,684] INFO [ControllerEventThread controllerId=3] Starting (kafka.controller.ControllerEventManager$ControllerEventThread)
[2023-07-08 10:37:34,715] DEBUG [Controller id=3] Broker 1 has been elected as the controller, so stopping the election process. (kafka.controller.KafkaController)
[2023-07-08 10:46:09,977] INFO [ControllerEventThread controllerId=3] Shutting down (kafka.controller.ControllerEventManager$ControllerEventThread)
[2023-07-08 10:46:09,993] INFO [ControllerEventThread controllerId=3] Stopped (kafka.controller.ControllerEventManager$ControllerEventThread)
[2023-07-08 10:46:09,993] INFO [ControllerEventThread controllerId=3] Shutdown completed (kafka.controller.ControllerEventManager$ControllerEventThread)
[2023-07-08 10:46:09,993] DEBUG [Controller id=3] Resigning (kafka.controller.KafkaController)
[2023-07-08 10:46:09,993] DEBUG [Controller id=3] Unregister BrokerModifications handler for Set() (kafka.controller.KafkaController)
[2023-07-08 10:46:09,993] INFO [PartitionStateMachine controllerId=3] Stopped partition state machine (kafka.controller.ZkPartitionStateMachine)
[2023-07-08 10:46:09,993] INFO [ReplicaStateMachine controllerId=3] Stopped replica state machine (kafka.controller.ZkReplicaStateMachine)
[2023-07-08 10:46:09,993] INFO [Controller id=3] Resigned (kafka.controller.KafkaController)
