[2023-07-05 20:28:26,795] INFO Starting the log cleaner (kafka.log.LogCleaner)
[2023-07-05 20:28:26,967] INFO [kafka-log-cleaner-thread-0]: Starting (kafka.log.LogCleaner)
[2023-07-05 20:36:41,760] INFO The cleaning for partition second_topic-0 is aborted and paused (kafka.log.LogCleaner)
[2023-07-05 20:36:41,760] INFO The cleaning for partition second_topic-0 is aborted (kafka.log.LogCleaner)
[2023-07-05 20:38:01,008] INFO Starting the log cleaner (kafka.log.LogCleaner)
[2023-07-05 20:38:01,140] INFO [kafka-log-cleaner-thread-0]: Starting (kafka.log.LogCleaner)
[2023-07-05 20:38:02,673] INFO The cleaning for partition second_topic-0 is aborted and paused (kafka.log.LogCleaner)
[2023-07-05 20:38:02,675] INFO The cleaning for partition second_topic-0 is aborted (kafka.log.LogCleaner)
[2023-07-05 20:41:03,559] INFO Starting the log cleaner (kafka.log.LogCleaner)
[2023-07-05 20:41:03,887] INFO [kafka-log-cleaner-thread-0]: Starting (kafka.log.LogCleaner)
[2023-07-05 20:41:05,450] INFO The cleaning for partition second_topic-0 is aborted and paused (kafka.log.LogCleaner)
[2023-07-05 20:41:05,450] INFO The cleaning for partition second_topic-0 is aborted (kafka.log.LogCleaner)
[2023-07-05 20:43:02,433] INFO Starting the log cleaner (kafka.log.LogCleaner)
[2023-07-05 20:43:02,636] INFO [kafka-log-cleaner-thread-0]: Starting (kafka.log.LogCleaner)
[2023-07-05 21:00:46,419] INFO Shutting down the log cleaner. (kafka.log.LogCleaner)
[2023-07-05 21:00:46,423] INFO [kafka-log-cleaner-thread-0]: Shutting down (kafka.log.LogCleaner)
[2023-07-05 21:00:46,424] INFO [kafka-log-cleaner-thread-0]: Stopped (kafka.log.LogCleaner)
[2023-07-05 21:00:46,424] INFO [kafka-log-cleaner-thread-0]: Shutdown completed (kafka.log.LogCleaner)
[2023-07-08 10:18:44,820] INFO Starting the log cleaner (kafka.log.LogCleaner)
[2023-07-08 10:18:45,009] INFO [kafka-log-cleaner-thread-0]: Starting (kafka.log.LogCleaner)
[2023-07-08 10:46:47,856] INFO Shutting down the log cleaner. (kafka.log.LogCleaner)
[2023-07-08 10:46:47,856] INFO [kafka-log-cleaner-thread-0]: Shutting down (kafka.log.LogCleaner)
[2023-07-08 10:46:47,856] INFO [kafka-log-cleaner-thread-0]: Stopped (kafka.log.LogCleaner)
[2023-07-08 10:46:47,856] INFO [kafka-log-cleaner-thread-0]: Shutdown completed (kafka.log.LogCleaner)
[2023-07-08 13:50:02,111] INFO Starting the log cleaner (kafka.log.LogCleaner)
[2023-07-08 13:50:02,419] INFO [kafka-log-cleaner-thread-0]: Starting (kafka.log.LogCleaner)
[2023-07-08 13:53:11,362] INFO Shutting down the log cleaner. (kafka.log.LogCleaner)
[2023-07-08 13:53:11,363] INFO [kafka-log-cleaner-thread-0]: Shutting down (kafka.log.LogCleaner)
[2023-07-08 13:53:11,364] INFO [kafka-log-cleaner-thread-0]: Stopped (kafka.log.LogCleaner)
[2023-07-08 13:53:11,364] INFO [kafka-log-cleaner-thread-0]: Shutdown completed (kafka.log.LogCleaner)
[2023-07-08 15:49:47,168] INFO Starting the log cleaner (kafka.log.LogCleaner)
[2023-07-08 15:49:47,332] INFO [kafka-log-cleaner-thread-0]: Starting (kafka.log.LogCleaner)
[2023-07-08 15:54:31,071] INFO Shutting down the log cleaner. (kafka.log.LogCleaner)
[2023-07-08 15:54:31,071] INFO [kafka-log-cleaner-thread-0]: Shutting down (kafka.log.LogCleaner)
[2023-07-08 15:54:31,071] INFO [kafka-log-cleaner-thread-0]: Stopped (kafka.log.LogCleaner)
[2023-07-08 15:54:31,071] INFO [kafka-log-cleaner-thread-0]: Shutdown completed (kafka.log.LogCleaner)
[2023-07-08 16:29:13,902] INFO Starting the log cleaner (kafka.log.LogCleaner)
[2023-07-08 16:29:14,059] INFO [kafka-log-cleaner-thread-0]: Starting (kafka.log.LogCleaner)
[2023-07-08 16:29:59,244] INFO Starting the log cleaner (kafka.log.LogCleaner)
[2023-07-08 16:29:59,416] INFO [kafka-log-cleaner-thread-0]: Starting (kafka.log.LogCleaner)
[2023-07-08 16:37:54,180] INFO Starting the log cleaner (kafka.log.LogCleaner)
[2023-07-08 16:37:54,353] INFO [kafka-log-cleaner-thread-0]: Starting (kafka.log.LogCleaner)
[2023-07-08 16:55:49,518] INFO Shutting down the log cleaner. (kafka.log.LogCleaner)
[2023-07-08 16:55:49,518] INFO [kafka-log-cleaner-thread-0]: Shutting down (kafka.log.LogCleaner)
[2023-07-08 16:55:49,533] INFO [kafka-log-cleaner-thread-0]: Stopped (kafka.log.LogCleaner)
[2023-07-08 16:55:49,533] INFO [kafka-log-cleaner-thread-0]: Shutdown completed (kafka.log.LogCleaner)
[2023-07-08 16:56:00,064] INFO Shutting down the log cleaner. (kafka.log.LogCleaner)
[2023-07-08 16:56:00,064] INFO [kafka-log-cleaner-thread-0]: Shutting down (kafka.log.LogCleaner)
[2023-07-08 16:56:00,064] INFO [kafka-log-cleaner-thread-0]: Stopped (kafka.log.LogCleaner)
[2023-07-08 16:56:00,064] INFO [kafka-log-cleaner-thread-0]: Shutdown completed (kafka.log.LogCleaner)
[2023-07-08 16:56:27,490] INFO Shutting down the log cleaner. (kafka.log.LogCleaner)
[2023-07-08 16:56:27,490] INFO [kafka-log-cleaner-thread-0]: Shutting down (kafka.log.LogCleaner)
[2023-07-08 16:56:27,490] INFO [kafka-log-cleaner-thread-0]: Stopped (kafka.log.LogCleaner)
[2023-07-08 16:56:27,490] INFO [kafka-log-cleaner-thread-0]: Shutdown completed (kafka.log.LogCleaner)
[2023-07-09 06:14:08,272] INFO Starting the log cleaner (kafka.log.LogCleaner)
[2023-07-09 06:14:08,378] INFO [kafka-log-cleaner-thread-0]: Starting (kafka.log.LogCleaner)
[2023-07-09 06:54:01,601] INFO Shutting down the log cleaner. (kafka.log.LogCleaner)
[2023-07-09 06:54:01,615] INFO [kafka-log-cleaner-thread-0]: Shutting down (kafka.log.LogCleaner)
[2023-07-09 06:54:01,615] INFO [kafka-log-cleaner-thread-0]: Stopped (kafka.log.LogCleaner)
[2023-07-09 06:54:01,615] INFO [kafka-log-cleaner-thread-0]: Shutdown completed (kafka.log.LogCleaner)
[2023-07-09 06:55:06,481] INFO Starting the log cleaner (kafka.log.LogCleaner)
[2023-07-09 06:55:06,575] INFO [kafka-log-cleaner-thread-0]: Starting (kafka.log.LogCleaner)
[2023-07-09 06:55:38,288] INFO Starting the log cleaner (kafka.log.LogCleaner)
[2023-07-09 06:55:38,382] INFO [kafka-log-cleaner-thread-0]: Starting (kafka.log.LogCleaner)
[2023-07-09 07:38:59,700] INFO The cleaning for partition my_topic-0 is aborted and paused (kafka.log.LogCleaner)
[2023-07-09 07:38:59,700] INFO The cleaning for partition my_topic-0 is aborted (kafka.log.LogCleaner)
[2023-07-09 07:38:59,732] INFO The cleaning for partition my_topic-1 is aborted and paused (kafka.log.LogCleaner)
[2023-07-09 07:38:59,732] INFO The cleaning for partition my_topic-1 is aborted (kafka.log.LogCleaner)
[2023-07-09 07:38:59,748] INFO The cleaning for partition my_topic-2 is aborted and paused (kafka.log.LogCleaner)
[2023-07-09 07:38:59,748] INFO The cleaning for partition my_topic-2 is aborted (kafka.log.LogCleaner)
[2023-07-09 07:41:06,464] INFO Starting the log cleaner (kafka.log.LogCleaner)
[2023-07-09 07:41:06,605] INFO [kafka-log-cleaner-thread-0]: Starting (kafka.log.LogCleaner)
[2023-07-09 07:41:08,620] INFO The cleaning for partition my_topic-0 is aborted and paused (kafka.log.LogCleaner)
[2023-07-09 07:41:08,630] INFO The cleaning for partition my_topic-0 is aborted (kafka.log.LogCleaner)
[2023-07-09 07:41:08,662] INFO The cleaning for partition my_topic-1 is aborted and paused (kafka.log.LogCleaner)
[2023-07-09 07:41:08,662] INFO The cleaning for partition my_topic-1 is aborted (kafka.log.LogCleaner)
[2023-07-09 07:41:08,677] INFO The cleaning for partition my_topic-2 is aborted and paused (kafka.log.LogCleaner)
[2023-07-09 07:41:08,677] INFO The cleaning for partition my_topic-2 is aborted (kafka.log.LogCleaner)
[2023-07-09 07:42:13,177] INFO Shutting down the log cleaner. (kafka.log.LogCleaner)
[2023-07-09 07:42:13,177] INFO [kafka-log-cleaner-thread-0]: Shutting down (kafka.log.LogCleaner)
[2023-07-09 07:42:13,177] INFO [kafka-log-cleaner-thread-0]: Stopped (kafka.log.LogCleaner)
[2023-07-09 07:42:13,177] INFO [kafka-log-cleaner-thread-0]: Shutdown completed (kafka.log.LogCleaner)
[2023-07-09 07:44:28,798] INFO Starting the log cleaner (kafka.log.LogCleaner)
[2023-07-09 07:44:28,939] INFO [kafka-log-cleaner-thread-0]: Starting (kafka.log.LogCleaner)
[2023-07-09 07:44:30,979] INFO The cleaning for partition my_topic-0 is aborted and paused (kafka.log.LogCleaner)
[2023-07-09 07:44:30,995] INFO The cleaning for partition my_topic-0 is aborted (kafka.log.LogCleaner)
[2023-07-09 07:44:31,011] INFO The cleaning for partition my_topic-1 is aborted and paused (kafka.log.LogCleaner)
[2023-07-09 07:44:31,011] INFO The cleaning for partition my_topic-1 is aborted (kafka.log.LogCleaner)
[2023-07-09 07:44:31,042] INFO The cleaning for partition my_topic-2 is aborted and paused (kafka.log.LogCleaner)
[2023-07-09 07:44:31,042] INFO The cleaning for partition my_topic-2 is aborted (kafka.log.LogCleaner)
[2023-07-09 07:46:17,621] INFO Starting the log cleaner (kafka.log.LogCleaner)
[2023-07-09 07:46:17,778] INFO [kafka-log-cleaner-thread-0]: Starting (kafka.log.LogCleaner)
[2023-07-09 07:46:20,507] INFO The cleaning for partition my_topic-0 is aborted and paused (kafka.log.LogCleaner)
[2023-07-09 07:46:20,522] INFO The cleaning for partition my_topic-0 is aborted (kafka.log.LogCleaner)
[2023-07-09 07:46:20,538] INFO The cleaning for partition my_topic-1 is aborted and paused (kafka.log.LogCleaner)
[2023-07-09 07:46:20,538] INFO The cleaning for partition my_topic-1 is aborted (kafka.log.LogCleaner)
[2023-07-09 07:46:20,554] INFO The cleaning for partition my_topic-2 is aborted and paused (kafka.log.LogCleaner)
[2023-07-09 07:46:20,554] INFO The cleaning for partition my_topic-2 is aborted (kafka.log.LogCleaner)
[2023-07-09 07:51:14,377] INFO Starting the log cleaner (kafka.log.LogCleaner)
[2023-07-09 07:51:14,534] INFO [kafka-log-cleaner-thread-0]: Starting (kafka.log.LogCleaner)
[2023-07-09 07:52:11,238] INFO Starting the log cleaner (kafka.log.LogCleaner)
[2023-07-09 07:52:11,364] INFO [kafka-log-cleaner-thread-0]: Starting (kafka.log.LogCleaner)
[2023-07-09 09:06:24,719] INFO Shutting down the log cleaner. (kafka.log.LogCleaner)
[2023-07-09 09:06:24,723] INFO [kafka-log-cleaner-thread-0]: Shutting down (kafka.log.LogCleaner)
[2023-07-09 09:06:24,724] INFO [kafka-log-cleaner-thread-0]: Stopped (kafka.log.LogCleaner)
[2023-07-09 09:06:24,724] INFO [kafka-log-cleaner-thread-0]: Shutdown completed (kafka.log.LogCleaner)
[2023-07-09 09:07:04,907] INFO Shutting down the log cleaner. (kafka.log.LogCleaner)
[2023-07-09 09:07:04,923] INFO [kafka-log-cleaner-thread-0]: Shutting down (kafka.log.LogCleaner)
[2023-07-09 09:07:04,923] INFO [kafka-log-cleaner-thread-0]: Stopped (kafka.log.LogCleaner)
[2023-07-09 09:07:04,923] INFO [kafka-log-cleaner-thread-0]: Shutdown completed (kafka.log.LogCleaner)
[2023-07-09 10:57:27,992] INFO Starting the log cleaner (kafka.log.LogCleaner)
[2023-07-09 10:57:28,205] INFO [kafka-log-cleaner-thread-0]: Starting (kafka.log.LogCleaner)
[2023-07-09 10:58:06,924] INFO Starting the log cleaner (kafka.log.LogCleaner)
[2023-07-09 10:58:07,332] INFO [kafka-log-cleaner-thread-0]: Starting (kafka.log.LogCleaner)
[2023-07-09 11:32:31,850] INFO Shutting down the log cleaner. (kafka.log.LogCleaner)
[2023-07-09 11:32:31,850] INFO [kafka-log-cleaner-thread-0]: Shutting down (kafka.log.LogCleaner)
[2023-07-09 11:32:31,850] INFO [kafka-log-cleaner-thread-0]: Stopped (kafka.log.LogCleaner)
[2023-07-09 11:32:31,850] INFO [kafka-log-cleaner-thread-0]: Shutdown completed (kafka.log.LogCleaner)
[2023-07-09 11:32:42,914] INFO Shutting down the log cleaner. (kafka.log.LogCleaner)
[2023-07-09 11:32:42,914] INFO [kafka-log-cleaner-thread-0]: Shutting down (kafka.log.LogCleaner)
[2023-07-09 11:32:42,914] INFO [kafka-log-cleaner-thread-0]: Stopped (kafka.log.LogCleaner)
[2023-07-09 11:32:42,914] INFO [kafka-log-cleaner-thread-0]: Shutdown completed (kafka.log.LogCleaner)
[2023-07-10 06:28:32,959] INFO Starting the log cleaner (kafka.log.LogCleaner)
[2023-07-10 06:28:33,129] INFO [kafka-log-cleaner-thread-0]: Starting (kafka.log.LogCleaner)
[2023-07-10 07:17:01,348] INFO Shutting down the log cleaner. (kafka.log.LogCleaner)
[2023-07-10 07:17:01,364] INFO [kafka-log-cleaner-thread-0]: Shutting down (kafka.log.LogCleaner)
[2023-07-10 07:17:01,364] INFO [kafka-log-cleaner-thread-0]: Stopped (kafka.log.LogCleaner)
[2023-07-10 07:17:01,364] INFO [kafka-log-cleaner-thread-0]: Shutdown completed (kafka.log.LogCleaner)
[2023-07-14 10:58:37,548] INFO Starting the log cleaner (kafka.log.LogCleaner)
[2023-07-14 10:58:37,768] INFO [kafka-log-cleaner-thread-0]: Starting (kafka.log.LogCleaner)
[2023-07-14 12:12:16,623] INFO Shutting down the log cleaner. (kafka.log.LogCleaner)
[2023-07-14 12:12:16,623] INFO [kafka-log-cleaner-thread-0]: Shutting down (kafka.log.LogCleaner)
[2023-07-14 12:12:16,638] INFO [kafka-log-cleaner-thread-0]: Stopped (kafka.log.LogCleaner)
[2023-07-14 12:12:16,638] INFO [kafka-log-cleaner-thread-0]: Shutdown completed (kafka.log.LogCleaner)
[2023-07-14 13:09:14,055] INFO Starting the log cleaner (kafka.log.LogCleaner)
[2023-07-14 13:09:14,446] INFO [kafka-log-cleaner-thread-0]: Starting (kafka.log.LogCleaner)
[2023-07-14 13:35:23,841] INFO Starting the log cleaner (kafka.log.LogCleaner)
[2023-07-14 13:35:24,014] INFO [kafka-log-cleaner-thread-0]: Starting (kafka.log.LogCleaner)
[2023-07-14 14:57:21,446] INFO Shutting down the log cleaner. (kafka.log.LogCleaner)
[2023-07-14 14:57:21,462] INFO [kafka-log-cleaner-thread-0]: Shutting down (kafka.log.LogCleaner)
[2023-07-14 14:57:21,462] INFO [kafka-log-cleaner-thread-0]: Stopped (kafka.log.LogCleaner)
[2023-07-14 14:57:21,462] INFO [kafka-log-cleaner-thread-0]: Shutdown completed (kafka.log.LogCleaner)
[2023-07-14 14:57:36,371] INFO Shutting down the log cleaner. (kafka.log.LogCleaner)
[2023-07-14 14:57:36,386] INFO [kafka-log-cleaner-thread-0]: Shutting down (kafka.log.LogCleaner)
[2023-07-14 14:57:36,391] INFO [kafka-log-cleaner-thread-0]: Stopped (kafka.log.LogCleaner)
[2023-07-14 14:57:36,391] INFO [kafka-log-cleaner-thread-0]: Shutdown completed (kafka.log.LogCleaner)
[2023-07-18 12:03:55,710] INFO Starting the log cleaner (kafka.log.LogCleaner)
[2023-07-18 12:03:55,985] INFO [kafka-log-cleaner-thread-0]: Starting (kafka.log.LogCleaner)
[2023-07-18 12:04:19,098] INFO Starting the log cleaner (kafka.log.LogCleaner)
[2023-07-18 12:04:19,336] INFO [kafka-log-cleaner-thread-0]: Starting (kafka.log.LogCleaner)
[2023-07-18 12:04:34,440] INFO Cleaner 0: Beginning cleaning of log __consumer_offsets-48. (kafka.log.LogCleaner)
[2023-07-18 12:04:34,441] INFO Cleaner 0: Building offset map for __consumer_offsets-48... (kafka.log.LogCleaner)
[2023-07-18 12:04:34,493] INFO Cleaner 0: Building offset map for log __consumer_offsets-48 for 1 segments in offset range [0, 3867). (kafka.log.LogCleaner)
[2023-07-18 12:04:34,561] INFO Cleaner 0: Offset map for log __consumer_offsets-48 complete. (kafka.log.LogCleaner)
[2023-07-18 12:04:34,563] INFO Cleaner 0: Cleaning log __consumer_offsets-48 (cleaning prior to Sun Jul 09 11:24:06 IST 2023, discarding tombstones prior to Thu Jan 01 05:30:00 IST 1970)... (kafka.log.LogCleaner)
[2023-07-18 12:04:34,569] INFO Cleaner 0: Cleaning LogSegment(baseOffset=0, size=271434, lastModifiedTime=1688882046354, largestTime=1688882046354) in log __consumer_offsets-48 into 0 with deletion horizon 0, retaining deletes. (kafka.log.LogCleaner)
[2023-07-18 12:04:34,643] INFO Cleaner 0: Swapping in cleaned segment LogSegment(baseOffset=0, size=558, lastModifiedTime=1688882046354, largestTime=1688882046354) for segment(s) List(LogSegment(baseOffset=0, size=271434, lastModifiedTime=1688882046354, largestTime=1688882046354)) in log Log(dir=C:\PracticeJava\Kafka\MultiNode\kafka-logs-2\__consumer_offsets-48, topic=__consumer_offsets, partition=48, highWatermark=3882, lastStableOffset=3882, logStartOffset=0, logEndOffset=3882) (kafka.log.LogCleaner)
[2023-07-18 12:04:34,696] INFO Cleaner 0: Beginning cleaning of log __consumer_offsets-48. (kafka.log.LogCleaner)
[2023-07-18 12:04:34,696] INFO Cleaner 0: Building offset map for __consumer_offsets-48... (kafka.log.LogCleaner)
[2023-07-18 12:05:44,115] INFO Starting the log cleaner (kafka.log.LogCleaner)
[2023-07-18 12:05:44,266] INFO [kafka-log-cleaner-thread-0]: Starting (kafka.log.LogCleaner)
[2023-07-18 12:06:01,492] INFO Starting the log cleaner (kafka.log.LogCleaner)
[2023-07-18 12:06:01,635] INFO [kafka-log-cleaner-thread-0]: Starting (kafka.log.LogCleaner)
[2023-07-18 12:06:01,695] INFO Cleaner 0: Beginning cleaning of log __consumer_offsets-48. (kafka.log.LogCleaner)
[2023-07-18 12:06:01,696] INFO Cleaner 0: Building offset map for __consumer_offsets-48... (kafka.log.LogCleaner)
[2023-07-18 12:06:01,746] INFO Cleaner 0: Building offset map for log __consumer_offsets-48 for 1 segments in offset range [0, 3867). (kafka.log.LogCleaner)
[2023-07-18 12:06:01,875] INFO Cleaner 0: Offset map for log __consumer_offsets-48 complete. (kafka.log.LogCleaner)
[2023-07-18 12:06:01,879] INFO Cleaner 0: Cleaning log __consumer_offsets-48 (cleaning prior to Sun Jul 09 11:24:06 IST 2023, discarding tombstones prior to Thu Jan 01 05:30:00 IST 1970)... (kafka.log.LogCleaner)
[2023-07-18 12:06:01,888] INFO Cleaner 0: Cleaning LogSegment(baseOffset=0, size=271434, lastModifiedTime=1688882046354, largestTime=1688882046354) in log __consumer_offsets-48 into 0 with deletion horizon 0, retaining deletes. (kafka.log.LogCleaner)
[2023-07-18 12:06:01,974] INFO Cleaner 0: Swapping in cleaned segment LogSegment(baseOffset=0, size=558, lastModifiedTime=1688882046354, largestTime=1688882046354) for segment(s) List(LogSegment(baseOffset=0, size=271434, lastModifiedTime=1688882046354, largestTime=1688882046354)) in log Log(dir=C:\PracticeJava\Kafka\MultiNode\kafka-logs-2\__consumer_offsets-48, topic=__consumer_offsets, partition=48, highWatermark=0, lastStableOffset=0, logStartOffset=0, logEndOffset=3882) (kafka.log.LogCleaner)
[2023-07-18 12:06:02,019] INFO Cleaner 0: Beginning cleaning of log __consumer_offsets-48. (kafka.log.LogCleaner)
[2023-07-18 12:06:02,019] INFO Cleaner 0: Building offset map for __consumer_offsets-48... (kafka.log.LogCleaner)
[2023-07-18 12:06:02,066] INFO Cleaner 0: Building offset map for log __consumer_offsets-48 for 1 segments in offset range [0, 3867). (kafka.log.LogCleaner)
[2023-07-18 12:06:02,084] INFO Cleaner 0: Offset map for log __consumer_offsets-48 complete. (kafka.log.LogCleaner)
[2023-07-18 12:06:02,084] INFO Cleaner 0: Cleaning log __consumer_offsets-48 (cleaning prior to Sun Jul 09 11:24:06 IST 2023, discarding tombstones prior to Thu Jan 01 05:30:00 IST 1970)... (kafka.log.LogCleaner)
[2023-07-18 12:06:02,104] INFO Cleaner 0: Beginning cleaning of log __consumer_offsets-48. (kafka.log.LogCleaner)
[2023-07-18 12:06:02,104] INFO Cleaner 0: Building offset map for __consumer_offsets-48... (kafka.log.LogCleaner)
[2023-07-18 12:06:02,205] INFO Cleaner 0: Building offset map for log __consumer_offsets-48 for 1 segments in offset range [0, 3867). (kafka.log.LogCleaner)
[2023-07-18 12:06:02,220] INFO Cleaner 0: Offset map for log __consumer_offsets-48 complete. (kafka.log.LogCleaner)
[2023-07-18 12:06:02,221] INFO Cleaner 0: Cleaning log __consumer_offsets-48 (cleaning prior to Sun Jul 09 11:24:06 IST 2023, discarding tombstones prior to Thu Jan 01 05:30:00 IST 1970)... (kafka.log.LogCleaner)
[2023-07-18 12:06:02,241] INFO Cleaner 0: Beginning cleaning of log __consumer_offsets-48. (kafka.log.LogCleaner)
[2023-07-18 12:06:02,241] INFO Cleaner 0: Building offset map for __consumer_offsets-48... (kafka.log.LogCleaner)
[2023-07-18 12:06:02,294] INFO Cleaner 0: Building offset map for log __consumer_offsets-48 for 1 segments in offset range [0, 3867). (kafka.log.LogCleaner)
[2023-07-18 12:06:02,307] INFO Cleaner 0: Offset map for log __consumer_offsets-48 complete. (kafka.log.LogCleaner)
[2023-07-18 12:06:02,308] INFO Cleaner 0: Cleaning log __consumer_offsets-48 (cleaning prior to Sun Jul 09 11:24:06 IST 2023, discarding tombstones prior to Thu Jan 01 05:30:00 IST 1970)... (kafka.log.LogCleaner)
[2023-07-18 12:06:02,328] INFO Cleaner 0: Beginning cleaning of log __consumer_offsets-48. (kafka.log.LogCleaner)
[2023-07-18 12:06:02,328] INFO Cleaner 0: Building offset map for __consumer_offsets-48... (kafka.log.LogCleaner)
[2023-07-18 12:06:02,388] INFO Cleaner 0: Building offset map for log __consumer_offsets-48 for 1 segments in offset range [0, 3867). (kafka.log.LogCleaner)
[2023-07-18 12:06:02,401] INFO Cleaner 0: Offset map for log __consumer_offsets-48 complete. (kafka.log.LogCleaner)
[2023-07-18 12:06:02,401] INFO Cleaner 0: Cleaning log __consumer_offsets-48 (cleaning prior to Sun Jul 09 11:24:06 IST 2023, discarding tombstones prior to Thu Jan 01 05:30:00 IST 1970)... (kafka.log.LogCleaner)
[2023-07-18 12:06:02,421] INFO Cleaner 0: Beginning cleaning of log __consumer_offsets-48. (kafka.log.LogCleaner)
[2023-07-18 12:06:02,421] INFO Cleaner 0: Building offset map for __consumer_offsets-48... (kafka.log.LogCleaner)
[2023-07-18 12:06:02,475] INFO Cleaner 0: Building offset map for log __consumer_offsets-48 for 1 segments in offset range [0, 3867). (kafka.log.LogCleaner)
[2023-07-18 12:06:02,491] INFO Cleaner 0: Offset map for log __consumer_offsets-48 complete. (kafka.log.LogCleaner)
[2023-07-18 12:06:02,492] INFO Cleaner 0: Cleaning log __consumer_offsets-48 (cleaning prior to Sun Jul 09 11:24:06 IST 2023, discarding tombstones prior to Thu Jan 01 05:30:00 IST 1970)... (kafka.log.LogCleaner)
[2023-07-18 12:06:02,509] INFO Cleaner 0: Beginning cleaning of log __consumer_offsets-48. (kafka.log.LogCleaner)
[2023-07-18 12:06:02,509] INFO Cleaner 0: Building offset map for __consumer_offsets-48... (kafka.log.LogCleaner)
[2023-07-18 12:06:02,560] INFO Cleaner 0: Building offset map for log __consumer_offsets-48 for 1 segments in offset range [0, 3867). (kafka.log.LogCleaner)
[2023-07-18 12:06:02,572] INFO Cleaner 0: Offset map for log __consumer_offsets-48 complete. (kafka.log.LogCleaner)
[2023-07-18 12:06:02,573] INFO Cleaner 0: Cleaning log __consumer_offsets-48 (cleaning prior to Sun Jul 09 11:24:06 IST 2023, discarding tombstones prior to Thu Jan 01 05:30:00 IST 1970)... (kafka.log.LogCleaner)
[2023-07-18 12:06:02,593] INFO Cleaner 0: Beginning cleaning of log __consumer_offsets-48. (kafka.log.LogCleaner)
[2023-07-18 12:06:02,593] INFO Cleaner 0: Building offset map for __consumer_offsets-48... (kafka.log.LogCleaner)
[2023-07-18 12:06:02,663] INFO Cleaner 0: Building offset map for log __consumer_offsets-48 for 1 segments in offset range [0, 3867). (kafka.log.LogCleaner)
[2023-07-18 12:06:02,671] INFO Cleaner 0: Offset map for log __consumer_offsets-48 complete. (kafka.log.LogCleaner)
[2023-07-18 12:06:02,671] INFO Cleaner 0: Cleaning log __consumer_offsets-48 (cleaning prior to Sun Jul 09 11:24:06 IST 2023, discarding tombstones prior to Thu Jan 01 05:30:00 IST 1970)... (kafka.log.LogCleaner)
[2023-07-18 12:06:02,675] INFO Cleaner 0: Cleaning LogSegment(baseOffset=0, size=271434, lastModifiedTime=1688882046354, largestTime=1688882046354) in log __consumer_offsets-48 into 0 with deletion horizon 0, retaining deletes. (kafka.log.LogCleaner)
[2023-07-18 12:06:02,746] INFO Cleaner 0: Swapping in cleaned segment LogSegment(baseOffset=0, size=558, lastModifiedTime=1688882046354, largestTime=1688882046354) for segment(s) List(LogSegment(baseOffset=0, size=271434, lastModifiedTime=1688882046354, largestTime=1688882046354)) in log Log(dir=C:\PracticeJava\Kafka\MultiNode\kafka-logs-2\__consumer_offsets-48, topic=__consumer_offsets, partition=48, highWatermark=0, lastStableOffset=0, logStartOffset=0, logEndOffset=3882) (kafka.log.LogCleaner)
[2023-07-18 12:06:02,774] INFO Cleaner 0: Beginning cleaning of log __consumer_offsets-48. (kafka.log.LogCleaner)
[2023-07-18 12:06:02,775] INFO Cleaner 0: Building offset map for __consumer_offsets-48... (kafka.log.LogCleaner)
[2023-07-18 12:06:21,419] INFO Starting the log cleaner (kafka.log.LogCleaner)
[2023-07-18 12:06:21,552] INFO [kafka-log-cleaner-thread-0]: Starting (kafka.log.LogCleaner)
[2023-07-18 12:06:21,611] INFO Cleaner 0: Beginning cleaning of log __consumer_offsets-48. (kafka.log.LogCleaner)
[2023-07-18 12:06:21,612] INFO Cleaner 0: Building offset map for __consumer_offsets-48... (kafka.log.LogCleaner)
[2023-07-18 12:06:21,656] INFO Cleaner 0: Building offset map for log __consumer_offsets-48 for 1 segments in offset range [0, 3867). (kafka.log.LogCleaner)
[2023-07-18 12:06:21,761] INFO Cleaner 0: Offset map for log __consumer_offsets-48 complete. (kafka.log.LogCleaner)
[2023-07-18 12:06:21,765] INFO Cleaner 0: Cleaning log __consumer_offsets-48 (cleaning prior to Sun Jul 09 11:24:06 IST 2023, discarding tombstones prior to Thu Jan 01 05:30:00 IST 1970)... (kafka.log.LogCleaner)
[2023-07-18 12:06:21,772] INFO Cleaner 0: Cleaning LogSegment(baseOffset=0, size=271434, lastModifiedTime=1688882046354, largestTime=1688882046354) in log __consumer_offsets-48 into 0 with deletion horizon 0, retaining deletes. (kafka.log.LogCleaner)
[2023-07-18 12:06:21,849] INFO Cleaner 0: Swapping in cleaned segment LogSegment(baseOffset=0, size=558, lastModifiedTime=1688882046354, largestTime=1688882046354) for segment(s) List(LogSegment(baseOffset=0, size=271434, lastModifiedTime=1688882046354, largestTime=1688882046354)) in log Log(dir=C:\PracticeJava\Kafka\MultiNode\kafka-logs-2\__consumer_offsets-48, topic=__consumer_offsets, partition=48, highWatermark=0, lastStableOffset=0, logStartOffset=0, logEndOffset=3882) (kafka.log.LogCleaner)
[2023-07-18 12:06:21,909] INFO Cleaner 0: Beginning cleaning of log __consumer_offsets-48. (kafka.log.LogCleaner)
[2023-07-18 12:06:21,909] INFO Cleaner 0: Building offset map for __consumer_offsets-48... (kafka.log.LogCleaner)
[2023-07-18 12:06:21,980] INFO Cleaner 0: Building offset map for log __consumer_offsets-48 for 1 segments in offset range [0, 3867). (kafka.log.LogCleaner)
[2023-07-18 12:06:21,998] INFO Cleaner 0: Offset map for log __consumer_offsets-48 complete. (kafka.log.LogCleaner)
[2023-07-18 12:06:21,999] INFO Cleaner 0: Cleaning log __consumer_offsets-48 (cleaning prior to Sun Jul 09 11:24:06 IST 2023, discarding tombstones prior to Thu Jan 01 05:30:00 IST 1970)... (kafka.log.LogCleaner)
[2023-07-18 12:06:22,023] INFO Cleaner 0: Beginning cleaning of log __consumer_offsets-48. (kafka.log.LogCleaner)
[2023-07-18 12:06:22,024] INFO Cleaner 0: Building offset map for __consumer_offsets-48... (kafka.log.LogCleaner)
[2023-07-18 12:06:22,074] INFO Cleaner 0: Building offset map for log __consumer_offsets-48 for 1 segments in offset range [0, 3867). (kafka.log.LogCleaner)
[2023-07-18 12:06:22,094] INFO Cleaner 0: Offset map for log __consumer_offsets-48 complete. (kafka.log.LogCleaner)
[2023-07-18 12:06:22,095] INFO Cleaner 0: Cleaning log __consumer_offsets-48 (cleaning prior to Sun Jul 09 11:24:06 IST 2023, discarding tombstones prior to Thu Jan 01 05:30:00 IST 1970)... (kafka.log.LogCleaner)
[2023-07-18 12:06:22,118] INFO Cleaner 0: Beginning cleaning of log __consumer_offsets-48. (kafka.log.LogCleaner)
[2023-07-18 12:06:22,118] INFO Cleaner 0: Building offset map for __consumer_offsets-48... (kafka.log.LogCleaner)
[2023-07-18 12:06:22,165] INFO Cleaner 0: Building offset map for log __consumer_offsets-48 for 1 segments in offset range [0, 3867). (kafka.log.LogCleaner)
[2023-07-18 12:06:22,180] INFO Cleaner 0: Offset map for log __consumer_offsets-48 complete. (kafka.log.LogCleaner)
[2023-07-18 12:06:22,181] INFO Cleaner 0: Cleaning log __consumer_offsets-48 (cleaning prior to Sun Jul 09 11:24:06 IST 2023, discarding tombstones prior to Thu Jan 01 05:30:00 IST 1970)... (kafka.log.LogCleaner)
[2023-07-18 12:06:22,200] INFO Cleaner 0: Beginning cleaning of log __consumer_offsets-48. (kafka.log.LogCleaner)
[2023-07-18 12:06:22,200] INFO Cleaner 0: Building offset map for __consumer_offsets-48... (kafka.log.LogCleaner)
[2023-07-18 12:06:22,243] INFO Cleaner 0: Building offset map for log __consumer_offsets-48 for 1 segments in offset range [0, 3867). (kafka.log.LogCleaner)
[2023-07-18 12:06:22,262] INFO Cleaner 0: Offset map for log __consumer_offsets-48 complete. (kafka.log.LogCleaner)
[2023-07-18 12:06:22,263] INFO Cleaner 0: Cleaning log __consumer_offsets-48 (cleaning prior to Sun Jul 09 11:24:06 IST 2023, discarding tombstones prior to Thu Jan 01 05:30:00 IST 1970)... (kafka.log.LogCleaner)
[2023-07-18 12:06:22,283] INFO Cleaner 0: Beginning cleaning of log __consumer_offsets-48. (kafka.log.LogCleaner)
[2023-07-18 12:06:22,284] INFO Cleaner 0: Building offset map for __consumer_offsets-48... (kafka.log.LogCleaner)
[2023-07-18 12:06:22,331] INFO Cleaner 0: Building offset map for log __consumer_offsets-48 for 1 segments in offset range [0, 3867). (kafka.log.LogCleaner)
[2023-07-18 12:06:22,349] INFO Cleaner 0: Offset map for log __consumer_offsets-48 complete. (kafka.log.LogCleaner)
[2023-07-18 12:06:22,350] INFO Cleaner 0: Cleaning log __consumer_offsets-48 (cleaning prior to Sun Jul 09 11:24:06 IST 2023, discarding tombstones prior to Thu Jan 01 05:30:00 IST 1970)... (kafka.log.LogCleaner)
[2023-07-18 12:06:22,372] INFO Cleaner 0: Beginning cleaning of log __consumer_offsets-48. (kafka.log.LogCleaner)
[2023-07-18 12:06:22,372] INFO Cleaner 0: Building offset map for __consumer_offsets-48... (kafka.log.LogCleaner)
[2023-07-18 12:06:22,417] INFO Cleaner 0: Building offset map for log __consumer_offsets-48 for 1 segments in offset range [0, 3867). (kafka.log.LogCleaner)
[2023-07-18 12:06:22,430] INFO Cleaner 0: Offset map for log __consumer_offsets-48 complete. (kafka.log.LogCleaner)
[2023-07-18 12:06:22,431] INFO Cleaner 0: Cleaning log __consumer_offsets-48 (cleaning prior to Sun Jul 09 11:24:06 IST 2023, discarding tombstones prior to Thu Jan 01 05:30:00 IST 1970)... (kafka.log.LogCleaner)
[2023-07-18 12:06:22,447] INFO Cleaner 0: Beginning cleaning of log __consumer_offsets-48. (kafka.log.LogCleaner)
[2023-07-18 12:06:22,447] INFO Cleaner 0: Building offset map for __consumer_offsets-48... (kafka.log.LogCleaner)
[2023-07-18 12:06:22,498] INFO Cleaner 0: Building offset map for log __consumer_offsets-48 for 1 segments in offset range [0, 3867). (kafka.log.LogCleaner)
[2023-07-18 12:06:22,520] INFO Cleaner 0: Offset map for log __consumer_offsets-48 complete. (kafka.log.LogCleaner)
[2023-07-18 12:06:22,522] INFO Cleaner 0: Cleaning log __consumer_offsets-48 (cleaning prior to Sun Jul 09 11:24:06 IST 2023, discarding tombstones prior to Thu Jan 01 05:30:00 IST 1970)... (kafka.log.LogCleaner)
[2023-07-18 12:06:22,526] INFO Cleaner 0: Cleaning LogSegment(baseOffset=0, size=271434, lastModifiedTime=1688882046354, largestTime=1688882046354) in log __consumer_offsets-48 into 0 with deletion horizon 0, retaining deletes. (kafka.log.LogCleaner)
[2023-07-18 12:06:22,597] INFO Cleaner 0: Swapping in cleaned segment LogSegment(baseOffset=0, size=558, lastModifiedTime=1688882046354, largestTime=1688882046354) for segment(s) List(LogSegment(baseOffset=0, size=271434, lastModifiedTime=1688882046354, largestTime=1688882046354)) in log Log(dir=C:\PracticeJava\Kafka\MultiNode\kafka-logs-2\__consumer_offsets-48, topic=__consumer_offsets, partition=48, highWatermark=0, lastStableOffset=0, logStartOffset=0, logEndOffset=3882) (kafka.log.LogCleaner)
[2023-07-18 12:06:22,636] INFO Cleaner 0: Beginning cleaning of log __consumer_offsets-48. (kafka.log.LogCleaner)
[2023-07-18 12:06:22,636] INFO Cleaner 0: Building offset map for __consumer_offsets-48... (kafka.log.LogCleaner)
